<?xml version="1.0" encoding="UTF-8"?>
<testsuites name="Delivery Report" time="87" tests="1" failures="0" errors="0">
   <testsuite name="Delivery Report" tests="1" failures="0" errors="0" time="87" timestamp="2018-10-09 15:13:03" hostname="Owner - L13-IT-KISHORE.myeg.local" id="Test Suites/CSO_LEAD/Delivery Report">
      <properties>
[...]
</properties>
      <testcase name="Test Cases/Logistics/Roles/CSO_LEAD/Delivery Report" classname="Test Cases/Logistics/Roles/CSO_LEAD/Delivery Report" status="PASSED">
         <system-out><![CDATA[2018-10-09 15:13:04 - [TEST_CASE][PASSED] - Test Cases/Logistics/Roles/CSO_LEAD/Delivery Report: Test Cases/Logistics/Roles/CSO_LEAD/Delivery Report

2018-10-09 15:13:04 - [TEST_STEP][PASSED] - openBrowser: Browser is opened with url: ''

2018-10-09 15:13:08 - [MESSAGE][PASSED] - Browser is opened with url: ''

2018-10-09 15:13:08 - [TEST_STEP][PASSED] - maximizeWindow: Current window maximized

2018-10-09 15:13:12 - [MESSAGE][PASSED] - Current window maximized

2018-10-09 15:13:12 - [TEST_STEP][PASSED] - navigateToUrl: Navigate to 'http://uat4.myeg.com.my/logistic/login/' successfully

2018-10-09 15:13:13 - [MESSAGE][PASSED] - Navigate to 'http://uat4.myeg.com.my/logistic/login/' successfully

2018-10-09 15:13:13 - [TEST_STEP][PASSED] - setText: Text 'NISH1931' is set on object 'Object Repository/Page_MyEG Services  Logistic Report/input_j_username'

2018-10-09 15:13:14 - [MESSAGE][PASSED] - Text 'NISH1931' is set on object 'Object Repository/Page_MyEG Services  Logistic Report/input_j_username'

2018-10-09 15:13:14 - [TEST_STEP][PASSED] - click: Object: 'Object Repository/Page_MyEG Services  Logistic Report/input_submit' is clicked on

2018-10-09 15:13:14 - [MESSAGE][PASSED] - Object: 'Object Repository/Page_MyEG Services  Logistic Report/input_submit' is clicked on

2018-10-09 15:13:14 - [TEST_STEP][PASSED] - takeScreenshot: Taking screenshot successfully

2018-10-09 15:13:15 - [MESSAGE][PASSED] - Taking screenshot successfully
[[ATTACHMENT|C:\\Users\\Owner\\Katalon Studio\\Logistics\\Reports\\CSO_LEAD\\Delivery Report\\20181009_151301\\1539069194986.png]]

2018-10-09 15:13:15 - [TEST_STEP][PASSED] - setEncryptedText: Text ****** has been set on object 'Object Repository/Page_MyEG Services  Logistic Report/input_j_password'

2018-10-09 15:13:15 - [MESSAGE][PASSED] - Text ****** has been set on object 'Object Repository/Page_MyEG Services  Logistic Report/input_j_password'

2018-10-09 15:13:15 - [TEST_STEP][PASSED] - click: Object: 'Object Repository/Page_MyEG Services  Logistic Report/input_submit' is clicked on

2018-10-09 15:13:15 - [MESSAGE][PASSED] - Object: 'Object Repository/Page_MyEG Services  Logistic Report/input_submit' is clicked on

2018-10-09 15:13:15 - [TEST_STEP][PASSED] - takeScreenshot: Taking screenshot successfully

2018-10-09 15:13:15 - [MESSAGE][PASSED] - Taking screenshot successfully
[[ATTACHMENT|C:\\Users\\Owner\\Katalon Studio\\Logistics\\Reports\\CSO_LEAD\\Delivery Report\\20181009_151301\\1539069195828.png]]

2018-10-09 15:13:15 - [TEST_STEP][PASSED] - setText: Text 'NISH1933' is set on object 'Object Repository/Page_MyEG Services  Logistic Report/input_j_username'

2018-10-09 15:13:16 - [MESSAGE][PASSED] - Text 'NISH1933' is set on object 'Object Repository/Page_MyEG Services  Logistic Report/input_j_username'

2018-10-09 15:13:16 - [TEST_STEP][PASSED] - setEncryptedText: Text ****** has been set on object 'Object Repository/Page_MyEG Services  Logistic Report/input_j_password'

2018-10-09 15:13:16 - [MESSAGE][PASSED] - Text ****** has been set on object 'Object Repository/Page_MyEG Services  Logistic Report/input_j_password'

2018-10-09 15:13:16 - [TEST_STEP][PASSED] - click: Object: 'Object Repository/Page_MyEG Services  Logistic Report/input_submit' is clicked on

2018-10-09 15:13:16 - [MESSAGE][PASSED] - Object: 'Object Repository/Page_MyEG Services  Logistic Report/input_submit' is clicked on

2018-10-09 15:13:16 - [TEST_STEP][PASSED] - takeScreenshot: Taking screenshot successfully

2018-10-09 15:13:16 - [MESSAGE][PASSED] - Taking screenshot successfully
[[ATTACHMENT|C:\\Users\\Owner\\Katalon Studio\\Logistics\\Reports\\CSO_LEAD\\Delivery Report\\20181009_151301\\1539069196591.png]]

2018-10-09 15:13:16 - [TEST_STEP][PASSED] - setText: Text 'NISH1931' is set on object 'Object Repository/Page_MyEG Services  Logistic Report/input_j_username'

2018-10-09 15:13:16 - [MESSAGE][PASSED] - Text 'NISH1931' is set on object 'Object Repository/Page_MyEG Services  Logistic Report/input_j_username'

2018-10-09 15:13:16 - [TEST_STEP][PASSED] - setEncryptedText: Text ****** has been set on object 'Object Repository/Page_MyEG Services  Logistic Report/input_j_password'

2018-10-09 15:13:16 - [MESSAGE][PASSED] - Text ****** has been set on object 'Object Repository/Page_MyEG Services  Logistic Report/input_j_password'

2018-10-09 15:13:16 - [TEST_STEP][PASSED] - click: Object: 'Object Repository/Page_MyEG Services  Logistic Report/input_submit' is clicked on

2018-10-09 15:13:17 - [MESSAGE][PASSED] - Object: 'Object Repository/Page_MyEG Services  Logistic Report/input_submit' is clicked on

2018-10-09 15:13:17 - [TEST_STEP][PASSED] - takeScreenshot: Taking screenshot successfully

2018-10-09 15:13:18 - [MESSAGE][PASSED] - Taking screenshot successfully
[[ATTACHMENT|C:\\Users\\Owner\\Katalon Studio\\Logistics\\Reports\\CSO_LEAD\\Delivery Report\\20181009_151301\\1539069197892.png]]

2018-10-09 15:13:18 - [TEST_STEP][PASSED] - click: Object: 'Object Repository/Page_MyEG Services  List of Tickets/a_Delivery Report' is clicked on

2018-10-09 15:13:18 - [MESSAGE][PASSED] - Object: 'Object Repository/Page_MyEG Services  List of Tickets/a_Delivery Report' is clicked on

2018-10-09 15:13:18 - [TEST_STEP][PASSED] - takeScreenshot: Taking screenshot successfully

2018-10-09 15:13:18 - [MESSAGE][PASSED] - Taking screenshot successfully
[[ATTACHMENT|C:\\Users\\Owner\\Katalon Studio\\Logistics\\Reports\\CSO_LEAD\\Delivery Report\\20181009_151301\\1539069198410.png]]

2018-10-09 15:13:18 - [TEST_STEP][PASSED] - click: Object: 'Object Repository/Page_MyEG Services  PERFORMANCE REP/a_LO Delivery Report By Date' is clicked on

2018-10-09 15:13:18 - [MESSAGE][PASSED] - Object: 'Object Repository/Page_MyEG Services  PERFORMANCE REP/a_LO Delivery Report By Date' is clicked on

2018-10-09 15:13:18 - [TEST_STEP][PASSED] - setText: Text '01-Jan-2018' is set on object 'Object Repository/Page_MyEG Services  DELIVERY REPORT/input_dojo.from'

2018-10-09 15:13:19 - [MESSAGE][PASSED] - Text '01-Jan-2018' is set on object 'Object Repository/Page_MyEG Services  DELIVERY REPORT/input_dojo.from'

2018-10-09 15:13:19 - [TEST_STEP][PASSED] - setText: Text '30-Sep-2018' is set on object 'Object Repository/Page_MyEG Services  DELIVERY REPORT/input_dojo.to'

2018-10-09 15:13:19 - [MESSAGE][PASSED] - Text '30-Sep-2018' is set on object 'Object Repository/Page_MyEG Services  DELIVERY REPORT/input_dojo.to'

2018-10-09 15:13:19 - [TEST_STEP][PASSED] - selectOptionByValue: All options with value 'LK' are selected in object 'Object Repository/Page_MyEG Services  DELIVERY REPORT/select_-- Please Select --'  using regular expression

2018-10-09 15:13:19 - [MESSAGE][PASSED] - All options with value 'LK' are selected in object 'Object Repository/Page_MyEG Services  DELIVERY REPORT/select_-- Please Select --'  using regular expression

2018-10-09 15:13:19 - [TEST_STEP][PASSED] - takeScreenshot: Taking screenshot successfully

2018-10-09 15:13:19 - [MESSAGE][PASSED] - Taking screenshot successfully
[[ATTACHMENT|C:\\Users\\Owner\\Katalon Studio\\Logistics\\Reports\\CSO_LEAD\\Delivery Report\\20181009_151301\\1539069199710.png]]

2018-10-09 15:13:19 - [TEST_STEP][PASSED] - click: Object: 'Object Repository/Page_MyEG Services  DELIVERY REPORT/a_reset' is clicked on

2018-10-09 15:13:20 - [MESSAGE][PASSED] - Object: 'Object Repository/Page_MyEG Services  DELIVERY REPORT/a_reset' is clicked on

2018-10-09 15:13:20 - [TEST_STEP][PASSED] - takeScreenshot: Taking screenshot successfully

2018-10-09 15:13:20 - [MESSAGE][PASSED] - Taking screenshot successfully
[[ATTACHMENT|C:\\Users\\Owner\\Katalon Studio\\Logistics\\Reports\\CSO_LEAD\\Delivery Report\\20181009_151301\\1539069200147.png]]

2018-10-09 15:13:20 - [TEST_STEP][PASSED] - click: Object: 'Object Repository/Page_MyEG Services  DELIVERY REPORT/input' is clicked on

2018-10-09 15:13:20 - [MESSAGE][PASSED] - Object: 'Object Repository/Page_MyEG Services  DELIVERY REPORT/input' is clicked on

2018-10-09 15:13:20 - [TEST_STEP][PASSED] - takeScreenshot: Taking screenshot successfully

2018-10-09 15:13:20 - [MESSAGE][PASSED] - Taking screenshot successfully
[[ATTACHMENT|C:\\Users\\Owner\\Katalon Studio\\Logistics\\Reports\\CSO_LEAD\\Delivery Report\\20181009_151301\\1539069200544.png]]

2018-10-09 15:13:20 - [TEST_STEP][PASSED] - setText: Text '01-Jan-2018' is set on object 'Object Repository/Page_MyEG Services  DELIVERY REPORT/input_dojo.from'

2018-10-09 15:13:20 - [MESSAGE][PASSED] - Text '01-Jan-2018' is set on object 'Object Repository/Page_MyEG Services  DELIVERY REPORT/input_dojo.from'

2018-10-09 15:13:20 - [TEST_STEP][PASSED] - setText: Text '30-Sep-2018' is set on object 'Object Repository/Page_MyEG Services  DELIVERY REPORT/input_dojo.to'

2018-10-09 15:13:20 - [MESSAGE][PASSED] - Text '30-Sep-2018' is set on object 'Object Repository/Page_MyEG Services  DELIVERY REPORT/input_dojo.to'

2018-10-09 15:13:20 - [TEST_STEP][PASSED] - selectOptionByValue: All options with value 'LK' are selected in object 'Object Repository/Page_MyEG Services  DELIVERY REPORT/select_-- Please Select --'  using regular expression

2018-10-09 15:13:21 - [MESSAGE][PASSED] - All options with value 'LK' are selected in object 'Object Repository/Page_MyEG Services  DELIVERY REPORT/select_-- Please Select --'  using regular expression

2018-10-09 15:13:21 - [TEST_STEP][PASSED] - click: Object: 'Object Repository/Page_MyEG Services  DELIVERY REPORT/input' is clicked on

2018-10-09 15:13:22 - [MESSAGE][PASSED] - Object: 'Object Repository/Page_MyEG Services  DELIVERY REPORT/input' is clicked on

2018-10-09 15:13:22 - [TEST_STEP][PASSED] - takeScreenshot: Taking screenshot successfully

2018-10-09 15:13:22 - [MESSAGE][PASSED] - Taking screenshot successfully
[[ATTACHMENT|C:\\Users\\Owner\\Katalon Studio\\Logistics\\Reports\\CSO_LEAD\\Delivery Report\\20181009_151301\\1539069202092.png]]

2018-10-09 15:13:22 - [TEST_STEP][PASSED] - selectOptionByValue: All options with value 'JM' are selected in object 'Object Repository/Page_MyEG Services  DELIVERY REPORT/select_-- Please Select --'  using regular expression

2018-10-09 15:13:22 - [MESSAGE][PASSED] - All options with value 'JM' are selected in object 'Object Repository/Page_MyEG Services  DELIVERY REPORT/select_-- Please Select --'  using regular expression

2018-10-09 15:13:22 - [TEST_STEP][PASSED] - click: Object: 'Object Repository/Page_MyEG Services  DELIVERY REPORT/input' is clicked on

2018-10-09 15:13:23 - [MESSAGE][PASSED] - Object: 'Object Repository/Page_MyEG Services  DELIVERY REPORT/input' is clicked on

2018-10-09 15:13:23 - [TEST_STEP][PASSED] - takeScreenshot: Taking screenshot successfully

2018-10-09 15:13:23 - [MESSAGE][PASSED] - Taking screenshot successfully
[[ATTACHMENT|C:\\Users\\Owner\\Katalon Studio\\Logistics\\Reports\\CSO_LEAD\\Delivery Report\\20181009_151301\\1539069203205.png]]

2018-10-09 15:13:23 - [TEST_STEP][PASSED] - selectOptionByValue: All options with value 'IM' are selected in object 'Object Repository/Page_MyEG Services  DELIVERY REPORT/select_-- Please Select --'  using regular expression

2018-10-09 15:13:23 - [MESSAGE][PASSED] - All options with value 'IM' are selected in object 'Object Repository/Page_MyEG Services  DELIVERY REPORT/select_-- Please Select --'  using regular expression

2018-10-09 15:13:23 - [TEST_STEP][PASSED] - click: Object: 'Object Repository/Page_MyEG Services  DELIVERY REPORT/input' is clicked on

2018-10-09 15:13:24 - [MESSAGE][PASSED] - Object: 'Object Repository/Page_MyEG Services  DELIVERY REPORT/input' is clicked on

2018-10-09 15:13:24 - [TEST_STEP][PASSED] - takeScreenshot: Taking screenshot successfully

2018-10-09 15:13:24 - [MESSAGE][PASSED] - Taking screenshot successfully
[[ATTACHMENT|C:\\Users\\Owner\\Katalon Studio\\Logistics\\Reports\\CSO_LEAD\\Delivery Report\\20181009_151301\\1539069204247.png]]

2018-10-09 15:13:24 - [TEST_STEP][PASSED] - selectOptionByValue: All options with value 'MD' are selected in object 'Object Repository/Page_MyEG Services  DELIVERY REPORT/select_-- Please Select --'  using regular expression

2018-10-09 15:13:24 - [MESSAGE][PASSED] - All options with value 'MD' are selected in object 'Object Repository/Page_MyEG Services  DELIVERY REPORT/select_-- Please Select --'  using regular expression

2018-10-09 15:13:24 - [TEST_STEP][PASSED] - click: Object: 'Object Repository/Page_MyEG Services  DELIVERY REPORT/input' is clicked on

2018-10-09 15:13:25 - [MESSAGE][PASSED] - Object: 'Object Repository/Page_MyEG Services  DELIVERY REPORT/input' is clicked on

2018-10-09 15:13:25 - [TEST_STEP][PASSED] - takeScreenshot: Taking screenshot successfully

2018-10-09 15:13:25 - [MESSAGE][PASSED] - Taking screenshot successfully
[[ATTACHMENT|C:\\Users\\Owner\\Katalon Studio\\Logistics\\Reports\\CSO_LEAD\\Delivery Report\\20181009_151301\\1539069205404.png]]

2018-10-09 15:13:25 - [TEST_STEP][PASSED] - selectOptionByValue: All options with value 'FW' are selected in object 'Object Repository/Page_MyEG Services  DELIVERY REPORT/select_-- Please Select --'  using regular expression

2018-10-09 15:13:26 - [MESSAGE][PASSED] - All options with value 'FW' are selected in object 'Object Repository/Page_MyEG Services  DELIVERY REPORT/select_-- Please Select --'  using regular expression

2018-10-09 15:13:26 - [TEST_STEP][PASSED] - click: Object: 'Object Repository/Page_MyEG Services  DELIVERY REPORT/input' is clicked on

2018-10-09 15:13:26 - [MESSAGE][PASSED] - Object: 'Object Repository/Page_MyEG Services  DELIVERY REPORT/input' is clicked on

2018-10-09 15:13:26 - [TEST_STEP][PASSED] - takeScreenshot: Taking screenshot successfully

2018-10-09 15:13:26 - [MESSAGE][PASSED] - Taking screenshot successfully
[[ATTACHMENT|C:\\Users\\Owner\\Katalon Studio\\Logistics\\Reports\\CSO_LEAD\\Delivery Report\\20181009_151301\\1539069206443.png]]

2018-10-09 15:13:26 - [TEST_STEP][PASSED] - selectOptionByValue: All options with value 'CL' are selected in object 'Object Repository/Page_MyEG Services  DELIVERY REPORT/select_-- Please Select --'  using regular expression

2018-10-09 15:13:27 - [MESSAGE][PASSED] - All options with value 'CL' are selected in object 'Object Repository/Page_MyEG Services  DELIVERY REPORT/select_-- Please Select --'  using regular expression

2018-10-09 15:13:27 - [TEST_STEP][PASSED] - click: Object: 'Object Repository/Page_MyEG Services  DELIVERY REPORT/input' is clicked on

2018-10-09 15:13:27 - [MESSAGE][PASSED] - Object: 'Object Repository/Page_MyEG Services  DELIVERY REPORT/input' is clicked on

2018-10-09 15:13:27 - [TEST_STEP][PASSED] - takeScreenshot: Taking screenshot successfully

2018-10-09 15:13:27 - [MESSAGE][PASSED] - Taking screenshot successfully
[[ATTACHMENT|C:\\Users\\Owner\\Katalon Studio\\Logistics\\Reports\\CSO_LEAD\\Delivery Report\\20181009_151301\\1539069207595.png]]

2018-10-09 15:13:27 - [TEST_STEP][PASSED] - selectOptionByValue: All options with value '1M' are selected in object 'Object Repository/Page_MyEG Services  DELIVERY REPORT/select_-- Please Select --'  using regular expression

2018-10-09 15:13:28 - [MESSAGE][PASSED] - All options with value '1M' are selected in object 'Object Repository/Page_MyEG Services  DELIVERY REPORT/select_-- Please Select --'  using regular expression

2018-10-09 15:13:28 - [TEST_STEP][PASSED] - click: Object: 'Object Repository/Page_MyEG Services  DELIVERY REPORT/input' is clicked on

2018-10-09 15:13:28 - [MESSAGE][PASSED] - Object: 'Object Repository/Page_MyEG Services  DELIVERY REPORT/input' is clicked on

2018-10-09 15:13:28 - [TEST_STEP][PASSED] - takeScreenshot: Taking screenshot successfully

2018-10-09 15:13:28 - [MESSAGE][PASSED] - Taking screenshot successfully
[[ATTACHMENT|C:\\Users\\Owner\\Katalon Studio\\Logistics\\Reports\\CSO_LEAD\\Delivery Report\\20181009_151301\\1539069208736.png]]

2018-10-09 15:13:28 - [TEST_STEP][PASSED] - selectOptionByValue: All options with value 'SP' are selected in object 'Object Repository/Page_MyEG Services  DELIVERY REPORT/select_-- Please Select --'  using regular expression

2018-10-09 15:13:29 - [MESSAGE][PASSED] - All options with value 'SP' are selected in object 'Object Repository/Page_MyEG Services  DELIVERY REPORT/select_-- Please Select --'  using regular expression

2018-10-09 15:13:29 - [TEST_STEP][PASSED] - click: Object: 'Object Repository/Page_MyEG Services  DELIVERY REPORT/input' is clicked on

2018-10-09 15:13:29 - [MESSAGE][PASSED] - Object: 'Object Repository/Page_MyEG Services  DELIVERY REPORT/input' is clicked on

2018-10-09 15:13:29 - [TEST_STEP][PASSED] - takeScreenshot: Taking screenshot successfully

2018-10-09 15:13:30 - [MESSAGE][PASSED] - Taking screenshot successfully
[[ATTACHMENT|C:\\Users\\Owner\\Katalon Studio\\Logistics\\Reports\\CSO_LEAD\\Delivery Report\\20181009_151301\\1539069209888.png]]

2018-10-09 15:13:30 - [TEST_STEP][PASSED] - selectOptionByValue: All options with value 'PT' are selected in object 'Object Repository/Page_MyEG Services  DELIVERY REPORT/select_-- Please Select --'  using regular expression

2018-10-09 15:13:30 - [MESSAGE][PASSED] - All options with value 'PT' are selected in object 'Object Repository/Page_MyEG Services  DELIVERY REPORT/select_-- Please Select --'  using regular expression

2018-10-09 15:13:30 - [TEST_STEP][PASSED] - click: Object: 'Object Repository/Page_MyEG Services  DELIVERY REPORT/input' is clicked on

2018-10-09 15:13:31 - [MESSAGE][PASSED] - Object: 'Object Repository/Page_MyEG Services  DELIVERY REPORT/input' is clicked on

2018-10-09 15:13:31 - [TEST_STEP][PASSED] - takeScreenshot: Taking screenshot successfully

2018-10-09 15:13:31 - [MESSAGE][PASSED] - Taking screenshot successfully
[[ATTACHMENT|C:\\Users\\Owner\\Katalon Studio\\Logistics\\Reports\\CSO_LEAD\\Delivery Report\\20181009_151301\\1539069211059.png]]

2018-10-09 15:13:31 - [TEST_STEP][PASSED] - selectOptionByValue: All options with value 'PTD' are selected in object 'Object Repository/Page_MyEG Services  DELIVERY REPORT/select_-- Please Select --'  using regular expression

2018-10-09 15:13:31 - [MESSAGE][PASSED] - All options with value 'PTD' are selected in object 'Object Repository/Page_MyEG Services  DELIVERY REPORT/select_-- Please Select --'  using regular expression

2018-10-09 15:13:31 - [TEST_STEP][PASSED] - click: Object: 'Object Repository/Page_MyEG Services  DELIVERY REPORT/input' is clicked on

2018-10-09 15:13:32 - [MESSAGE][PASSED] - Object: 'Object Repository/Page_MyEG Services  DELIVERY REPORT/input' is clicked on

2018-10-09 15:13:32 - [TEST_STEP][PASSED] - takeScreenshot: Taking screenshot successfully

2018-10-09 15:13:32 - [MESSAGE][PASSED] - Taking screenshot successfully
[[ATTACHMENT|C:\\Users\\Owner\\Katalon Studio\\Logistics\\Reports\\CSO_LEAD\\Delivery Report\\20181009_151301\\1539069212238.png]]

2018-10-09 15:13:32 - [TEST_STEP][PASSED] - selectOptionByValue: All options with value 'LKS' are selected in object 'Object Repository/Page_MyEG Services  DELIVERY REPORT/select_-- Please Select --'  using regular expression

2018-10-09 15:13:32 - [MESSAGE][PASSED] - All options with value 'LKS' are selected in object 'Object Repository/Page_MyEG Services  DELIVERY REPORT/select_-- Please Select --'  using regular expression

2018-10-09 15:13:32 - [TEST_STEP][PASSED] - click: Object: 'Object Repository/Page_MyEG Services  DELIVERY REPORT/input' is clicked on

2018-10-09 15:13:33 - [MESSAGE][PASSED] - Object: 'Object Repository/Page_MyEG Services  DELIVERY REPORT/input' is clicked on

2018-10-09 15:13:33 - [TEST_STEP][PASSED] - takeScreenshot: Taking screenshot successfully

2018-10-09 15:13:33 - [MESSAGE][PASSED] - Taking screenshot successfully
[[ATTACHMENT|C:\\Users\\Owner\\Katalon Studio\\Logistics\\Reports\\CSO_LEAD\\Delivery Report\\20181009_151301\\1539069213405.png]]

2018-10-09 15:13:33 - [TEST_STEP][PASSED] - selectOptionByValue: All options with value 'JPJ1M' are selected in object 'Object Repository/Page_MyEG Services  DELIVERY REPORT/select_-- Please Select --'  using regular expression

2018-10-09 15:13:34 - [MESSAGE][PASSED] - All options with value 'JPJ1M' are selected in object 'Object Repository/Page_MyEG Services  DELIVERY REPORT/select_-- Please Select --'  using regular expression

2018-10-09 15:13:34 - [TEST_STEP][PASSED] - click: Object: 'Object Repository/Page_MyEG Services  DELIVERY REPORT/input' is clicked on

2018-10-09 15:13:34 - [MESSAGE][PASSED] - Object: 'Object Repository/Page_MyEG Services  DELIVERY REPORT/input' is clicked on

2018-10-09 15:13:34 - [TEST_STEP][PASSED] - takeScreenshot: Taking screenshot successfully

2018-10-09 15:13:34 - [MESSAGE][PASSED] - Taking screenshot successfully
[[ATTACHMENT|C:\\Users\\Owner\\Katalon Studio\\Logistics\\Reports\\CSO_LEAD\\Delivery Report\\20181009_151301\\1539069214620.png]]

2018-10-09 15:13:34 - [TEST_STEP][PASSED] - selectOptionByValue: All options with value 'IMI1M' are selected in object 'Object Repository/Page_MyEG Services  DELIVERY REPORT/select_-- Please Select --'  using regular expression

2018-10-09 15:13:35 - [MESSAGE][PASSED] - All options with value 'IMI1M' are selected in object 'Object Repository/Page_MyEG Services  DELIVERY REPORT/select_-- Please Select --'  using regular expression

2018-10-09 15:13:35 - [TEST_STEP][PASSED] - click: Object: 'Object Repository/Page_MyEG Services  DELIVERY REPORT/input' is clicked on

2018-10-09 15:13:35 - [MESSAGE][PASSED] - Object: 'Object Repository/Page_MyEG Services  DELIVERY REPORT/input' is clicked on

2018-10-09 15:13:35 - [TEST_STEP][PASSED] - takeScreenshot: Taking screenshot successfully

2018-10-09 15:13:36 - [MESSAGE][PASSED] - Taking screenshot successfully
[[ATTACHMENT|C:\\Users\\Owner\\Katalon Studio\\Logistics\\Reports\\CSO_LEAD\\Delivery Report\\20181009_151301\\1539069215923.png]]

2018-10-09 15:13:36 - [TEST_STEP][PASSED] - selectOptionByValue: All options with value 'ET' are selected in object 'Object Repository/Page_MyEG Services  DELIVERY REPORT/select_-- Please Select --'  using regular expression

2018-10-09 15:13:36 - [MESSAGE][PASSED] - All options with value 'ET' are selected in object 'Object Repository/Page_MyEG Services  DELIVERY REPORT/select_-- Please Select --'  using regular expression

2018-10-09 15:13:36 - [TEST_STEP][PASSED] - click: Object: 'Object Repository/Page_MyEG Services  DELIVERY REPORT/input' is clicked on

2018-10-09 15:13:37 - [MESSAGE][PASSED] - Object: 'Object Repository/Page_MyEG Services  DELIVERY REPORT/input' is clicked on

2018-10-09 15:13:37 - [TEST_STEP][PASSED] - takeScreenshot: Taking screenshot successfully

2018-10-09 15:13:37 - [MESSAGE][PASSED] - Taking screenshot successfully
[[ATTACHMENT|C:\\Users\\Owner\\Katalon Studio\\Logistics\\Reports\\CSO_LEAD\\Delivery Report\\20181009_151301\\1539069217297.png]]

2018-10-09 15:13:37 - [TEST_STEP][PASSED] - click: Object: 'Object Repository/Page_MyEG Services  DELIVERY REPORT/a_Delivery Report' is clicked on

2018-10-09 15:13:37 - [MESSAGE][PASSED] - Object: 'Object Repository/Page_MyEG Services  DELIVERY REPORT/a_Delivery Report' is clicked on

2018-10-09 15:13:37 - [TEST_STEP][PASSED] - click: Object: 'Object Repository/Page_MyEG Services  PERFORMANCE REP/a_LO Delivery Report By Name' is clicked on

2018-10-09 15:13:38 - [MESSAGE][PASSED] - Object: 'Object Repository/Page_MyEG Services  PERFORMANCE REP/a_LO Delivery Report By Name' is clicked on

2018-10-09 15:13:38 - [TEST_STEP][PASSED] - takeScreenshot: Taking screenshot successfully

2018-10-09 15:13:38 - [MESSAGE][PASSED] - Taking screenshot successfully
[[ATTACHMENT|C:\\Users\\Owner\\Katalon Studio\\Logistics\\Reports\\CSO_LEAD\\Delivery Report\\20181009_151301\\1539069218350.png]]

2018-10-09 15:13:38 - [TEST_STEP][PASSED] - click: Object: 'Object Repository/Page_MyEG Services  DELIVERY REPORT/a_reset' is clicked on

2018-10-09 15:13:38 - [MESSAGE][PASSED] - Object: 'Object Repository/Page_MyEG Services  DELIVERY REPORT/a_reset' is clicked on

2018-10-09 15:13:38 - [TEST_STEP][PASSED] - takeScreenshot: Taking screenshot successfully

2018-10-09 15:13:38 - [MESSAGE][PASSED] - Taking screenshot successfully
[[ATTACHMENT|C:\\Users\\Owner\\Katalon Studio\\Logistics\\Reports\\CSO_LEAD\\Delivery Report\\20181009_151301\\1539069218744.png]]

2018-10-09 15:13:38 - [TEST_STEP][PASSED] - click: Object: 'Object Repository/Page_MyEG Services  DELIVERY REPORT/input' is clicked on

2018-10-09 15:13:39 - [MESSAGE][PASSED] - Object: 'Object Repository/Page_MyEG Services  DELIVERY REPORT/input' is clicked on

2018-10-09 15:13:39 - [TEST_STEP][PASSED] - takeScreenshot: Taking screenshot successfully

2018-10-09 15:13:39 - [MESSAGE][PASSED] - Taking screenshot successfully
[[ATTACHMENT|C:\\Users\\Owner\\Katalon Studio\\Logistics\\Reports\\CSO_LEAD\\Delivery Report\\20181009_151301\\1539069219114.png]]

2018-10-09 15:13:39 - [TEST_STEP][PASSED] - selectOptionByValue: All options with value '1942' are selected in object 'Object Repository/Page_MyEG Services  DELIVERY REPORT/select_- Select LO Name -    A'  using regular expression

2018-10-09 15:14:10 - [MESSAGE][PASSED] - All options with value '1942' are selected in object 'Object Repository/Page_MyEG Services  DELIVERY REPORT/select_- Select LO Name -    A'  using regular expression

2018-10-09 15:14:10 - [TEST_STEP][PASSED] - setText: Text '01-Jan-2018' is set on object 'Object Repository/Page_MyEG Services  DELIVERY REPORT/input_dojo.from'

2018-10-09 15:14:10 - [MESSAGE][PASSED] - Text '01-Jan-2018' is set on object 'Object Repository/Page_MyEG Services  DELIVERY REPORT/input_dojo.from'

2018-10-09 15:14:10 - [TEST_STEP][PASSED] - setText: Text '30-Sep-2018' is set on object 'Object Repository/Page_MyEG Services  DELIVERY REPORT/input_dojo.to'

2018-10-09 15:14:10 - [MESSAGE][PASSED] - Text '30-Sep-2018' is set on object 'Object Repository/Page_MyEG Services  DELIVERY REPORT/input_dojo.to'

2018-10-09 15:14:10 - [TEST_STEP][PASSED] - selectOptionByValue: All options with value 'LK' are selected in object 'Object Repository/Page_MyEG Services  DELIVERY REPORT/select_-- Please Select --'  using regular expression

2018-10-09 15:14:11 - [MESSAGE][PASSED] - All options with value 'LK' are selected in object 'Object Repository/Page_MyEG Services  DELIVERY REPORT/select_-- Please Select --'  using regular expression

2018-10-09 15:14:11 - [TEST_STEP][PASSED] - click: Object: 'Object Repository/Page_MyEG Services  DELIVERY REPORT/input' is clicked on

2018-10-09 15:14:12 - [MESSAGE][PASSED] - Object: 'Object Repository/Page_MyEG Services  DELIVERY REPORT/input' is clicked on

2018-10-09 15:14:12 - [TEST_STEP][PASSED] - takeScreenshot: Taking screenshot successfully

2018-10-09 15:14:12 - [MESSAGE][PASSED] - Taking screenshot successfully
[[ATTACHMENT|C:\\Users\\Owner\\Katalon Studio\\Logistics\\Reports\\CSO_LEAD\\Delivery Report\\20181009_151301\\1539069252055.png]]

2018-10-09 15:14:12 - [TEST_STEP][PASSED] - selectOptionByValue: All options with value 'JM' are selected in object 'Object Repository/Page_MyEG Services  DELIVERY REPORT/select_-- Please Select --'  using regular expression

2018-10-09 15:14:12 - [MESSAGE][PASSED] - All options with value 'JM' are selected in object 'Object Repository/Page_MyEG Services  DELIVERY REPORT/select_-- Please Select --'  using regular expression

2018-10-09 15:14:12 - [TEST_STEP][PASSED] - click: Object: 'Object Repository/Page_MyEG Services  DELIVERY REPORT/input' is clicked on

2018-10-09 15:14:13 - [MESSAGE][PASSED] - Object: 'Object Repository/Page_MyEG Services  DELIVERY REPORT/input' is clicked on

2018-10-09 15:14:13 - [TEST_STEP][PASSED] - takeScreenshot: Taking screenshot successfully

2018-10-09 15:14:13 - [MESSAGE][PASSED] - Taking screenshot successfully
[[ATTACHMENT|C:\\Users\\Owner\\Katalon Studio\\Logistics\\Reports\\CSO_LEAD\\Delivery Report\\20181009_151301\\1539069253325.png]]

2018-10-09 15:14:13 - [TEST_STEP][PASSED] - selectOptionByValue: All options with value 'IM' are selected in object 'Object Repository/Page_MyEG Services  DELIVERY REPORT/select_-- Please Select --'  using regular expression

2018-10-09 15:14:14 - [MESSAGE][PASSED] - All options with value 'IM' are selected in object 'Object Repository/Page_MyEG Services  DELIVERY REPORT/select_-- Please Select --'  using regular expression

2018-10-09 15:14:14 - [TEST_STEP][PASSED] - click: Object: 'Object Repository/Page_MyEG Services  DELIVERY REPORT/input' is clicked on

2018-10-09 15:14:14 - [MESSAGE][PASSED] - Object: 'Object Repository/Page_MyEG Services  DELIVERY REPORT/input' is clicked on

2018-10-09 15:14:14 - [TEST_STEP][PASSED] - takeScreenshot: Taking screenshot successfully

2018-10-09 15:14:14 - [MESSAGE][PASSED] - Taking screenshot successfully
[[ATTACHMENT|C:\\Users\\Owner\\Katalon Studio\\Logistics\\Reports\\CSO_LEAD\\Delivery Report\\20181009_151301\\1539069254608.png]]

2018-10-09 15:14:14 - [TEST_STEP][PASSED] - selectOptionByValue: All options with value 'MD' are selected in object 'Object Repository/Page_MyEG Services  DELIVERY REPORT/select_-- Please Select --'  using regular expression

2018-10-09 15:14:15 - [MESSAGE][PASSED] - All options with value 'MD' are selected in object 'Object Repository/Page_MyEG Services  DELIVERY REPORT/select_-- Please Select --'  using regular expression

2018-10-09 15:14:15 - [TEST_STEP][PASSED] - click: Object: 'Object Repository/Page_MyEG Services  DELIVERY REPORT/input' is clicked on

2018-10-09 15:14:15 - [MESSAGE][PASSED] - Object: 'Object Repository/Page_MyEG Services  DELIVERY REPORT/input' is clicked on

2018-10-09 15:14:15 - [TEST_STEP][PASSED] - takeScreenshot: Taking screenshot successfully

2018-10-09 15:14:15 - [MESSAGE][PASSED] - Taking screenshot successfully
[[ATTACHMENT|C:\\Users\\Owner\\Katalon Studio\\Logistics\\Reports\\CSO_LEAD\\Delivery Report\\20181009_151301\\1539069255814.png]]

2018-10-09 15:14:15 - [TEST_STEP][PASSED] - selectOptionByValue: All options with value 'FW' are selected in object 'Object Repository/Page_MyEG Services  DELIVERY REPORT/select_-- Please Select --'  using regular expression

2018-10-09 15:14:16 - [MESSAGE][PASSED] - All options with value 'FW' are selected in object 'Object Repository/Page_MyEG Services  DELIVERY REPORT/select_-- Please Select --'  using regular expression

2018-10-09 15:14:16 - [TEST_STEP][PASSED] - click: Object: 'Object Repository/Page_MyEG Services  DELIVERY REPORT/input' is clicked on

2018-10-09 15:14:17 - [MESSAGE][PASSED] - Object: 'Object Repository/Page_MyEG Services  DELIVERY REPORT/input' is clicked on

2018-10-09 15:14:17 - [TEST_STEP][PASSED] - takeScreenshot: Taking screenshot successfully

2018-10-09 15:14:17 - [MESSAGE][PASSED] - Taking screenshot successfully
[[ATTACHMENT|C:\\Users\\Owner\\Katalon Studio\\Logistics\\Reports\\CSO_LEAD\\Delivery Report\\20181009_151301\\1539069257083.png]]

2018-10-09 15:14:17 - [TEST_STEP][PASSED] - selectOptionByValue: All options with value 'CL' are selected in object 'Object Repository/Page_MyEG Services  DELIVERY REPORT/select_-- Please Select --'  using regular expression

2018-10-09 15:14:17 - [MESSAGE][PASSED] - All options with value 'CL' are selected in object 'Object Repository/Page_MyEG Services  DELIVERY REPORT/select_-- Please Select --'  using regular expression

2018-10-09 15:14:17 - [TEST_STEP][PASSED] - click: Object: 'Object Repository/Page_MyEG Services  DELIVERY REPORT/input' is clicked on

2018-10-09 15:14:18 - [MESSAGE][PASSED] - Object: 'Object Repository/Page_MyEG Services  DELIVERY REPORT/input' is clicked on

2018-10-09 15:14:18 - [TEST_STEP][PASSED] - takeScreenshot: Taking screenshot successfully

2018-10-09 15:14:18 - [MESSAGE][PASSED] - Taking screenshot successfully
[[ATTACHMENT|C:\\Users\\Owner\\Katalon Studio\\Logistics\\Reports\\CSO_LEAD\\Delivery Report\\20181009_151301\\1539069258712.png]]

2018-10-09 15:14:18 - [TEST_STEP][PASSED] - selectOptionByValue: All options with value '1M' are selected in object 'Object Repository/Page_MyEG Services  DELIVERY REPORT/select_-- Please Select --'  using regular expression

2018-10-09 15:14:19 - [MESSAGE][PASSED] - All options with value '1M' are selected in object 'Object Repository/Page_MyEG Services  DELIVERY REPORT/select_-- Please Select --'  using regular expression

2018-10-09 15:14:19 - [TEST_STEP][PASSED] - click: Object: 'Object Repository/Page_MyEG Services  DELIVERY REPORT/input' is clicked on

2018-10-09 15:14:20 - [MESSAGE][PASSED] - Object: 'Object Repository/Page_MyEG Services  DELIVERY REPORT/input' is clicked on

2018-10-09 15:14:20 - [TEST_STEP][PASSED] - takeScreenshot: Taking screenshot successfully

2018-10-09 15:14:20 - [MESSAGE][PASSED] - Taking screenshot successfully
[[ATTACHMENT|C:\\Users\\Owner\\Katalon Studio\\Logistics\\Reports\\CSO_LEAD\\Delivery Report\\20181009_151301\\1539069260043.png]]

2018-10-09 15:14:20 - [TEST_STEP][PASSED] - selectOptionByValue: All options with value 'SP' are selected in object 'Object Repository/Page_MyEG Services  DELIVERY REPORT/select_-- Please Select --'  using regular expression

2018-10-09 15:14:21 - [MESSAGE][PASSED] - All options with value 'SP' are selected in object 'Object Repository/Page_MyEG Services  DELIVERY REPORT/select_-- Please Select --'  using regular expression

2018-10-09 15:14:21 - [TEST_STEP][PASSED] - click: Object: 'Object Repository/Page_MyEG Services  DELIVERY REPORT/input' is clicked on

2018-10-09 15:14:22 - [MESSAGE][PASSED] - Object: 'Object Repository/Page_MyEG Services  DELIVERY REPORT/input' is clicked on

2018-10-09 15:14:22 - [TEST_STEP][PASSED] - takeScreenshot: Taking screenshot successfully

2018-10-09 15:14:22 - [MESSAGE][PASSED] - Taking screenshot successfully
[[ATTACHMENT|C:\\Users\\Owner\\Katalon Studio\\Logistics\\Reports\\CSO_LEAD\\Delivery Report\\20181009_151301\\1539069262015.png]]

2018-10-09 15:14:22 - [TEST_STEP][PASSED] - selectOptionByValue: All options with value 'PT' are selected in object 'Object Repository/Page_MyEG Services  DELIVERY REPORT/select_-- Please Select --'  using regular expression

2018-10-09 15:14:22 - [MESSAGE][PASSED] - All options with value 'PT' are selected in object 'Object Repository/Page_MyEG Services  DELIVERY REPORT/select_-- Please Select --'  using regular expression

2018-10-09 15:14:22 - [TEST_STEP][PASSED] - click: Object: 'Object Repository/Page_MyEG Services  DELIVERY REPORT/input' is clicked on

2018-10-09 15:14:23 - [MESSAGE][PASSED] - Object: 'Object Repository/Page_MyEG Services  DELIVERY REPORT/input' is clicked on

2018-10-09 15:14:23 - [TEST_STEP][PASSED] - takeScreenshot: Taking screenshot successfully

2018-10-09 15:14:23 - [MESSAGE][PASSED] - Taking screenshot successfully
[[ATTACHMENT|C:\\Users\\Owner\\Katalon Studio\\Logistics\\Reports\\CSO_LEAD\\Delivery Report\\20181009_151301\\1539069263465.png]]

2018-10-09 15:14:23 - [TEST_STEP][PASSED] - selectOptionByValue: All options with value 'PTD' are selected in object 'Object Repository/Page_MyEG Services  DELIVERY REPORT/select_-- Please Select --'  using regular expression

2018-10-09 15:14:24 - [MESSAGE][PASSED] - All options with value 'PTD' are selected in object 'Object Repository/Page_MyEG Services  DELIVERY REPORT/select_-- Please Select --'  using regular expression

2018-10-09 15:14:24 - [TEST_STEP][PASSED] - click: Object: 'Object Repository/Page_MyEG Services  DELIVERY REPORT/input' is clicked on

2018-10-09 15:14:24 - [MESSAGE][PASSED] - Object: 'Object Repository/Page_MyEG Services  DELIVERY REPORT/input' is clicked on

2018-10-09 15:14:24 - [TEST_STEP][PASSED] - takeScreenshot: Taking screenshot successfully

2018-10-09 15:14:25 - [MESSAGE][PASSED] - Taking screenshot successfully
[[ATTACHMENT|C:\\Users\\Owner\\Katalon Studio\\Logistics\\Reports\\CSO_LEAD\\Delivery Report\\20181009_151301\\1539069264835.png]]

2018-10-09 15:14:25 - [TEST_STEP][PASSED] - selectOptionByValue: All options with value 'LKS' are selected in object 'Object Repository/Page_MyEG Services  DELIVERY REPORT/select_-- Please Select --'  using regular expression

2018-10-09 15:14:25 - [MESSAGE][PASSED] - All options with value 'LKS' are selected in object 'Object Repository/Page_MyEG Services  DELIVERY REPORT/select_-- Please Select --'  using regular expression

2018-10-09 15:14:25 - [TEST_STEP][PASSED] - click: Object: 'Object Repository/Page_MyEG Services  DELIVERY REPORT/input' is clicked on

2018-10-09 15:14:26 - [MESSAGE][PASSED] - Object: 'Object Repository/Page_MyEG Services  DELIVERY REPORT/input' is clicked on

2018-10-09 15:14:26 - [TEST_STEP][PASSED] - takeScreenshot: Taking screenshot successfully

2018-10-09 15:14:26 - [MESSAGE][PASSED] - Taking screenshot successfully
[[ATTACHMENT|C:\\Users\\Owner\\Katalon Studio\\Logistics\\Reports\\CSO_LEAD\\Delivery Report\\20181009_151301\\1539069266278.png]]

2018-10-09 15:14:26 - [TEST_STEP][PASSED] - selectOptionByValue: All options with value 'JPJ1M' are selected in object 'Object Repository/Page_MyEG Services  DELIVERY REPORT/select_-- Please Select --'  using regular expression

2018-10-09 15:14:27 - [MESSAGE][PASSED] - All options with value 'JPJ1M' are selected in object 'Object Repository/Page_MyEG Services  DELIVERY REPORT/select_-- Please Select --'  using regular expression

2018-10-09 15:14:27 - [TEST_STEP][PASSED] - click: Object: 'Object Repository/Page_MyEG Services  DELIVERY REPORT/input' is clicked on

2018-10-09 15:14:27 - [MESSAGE][PASSED] - Object: 'Object Repository/Page_MyEG Services  DELIVERY REPORT/input' is clicked on

2018-10-09 15:14:27 - [TEST_STEP][PASSED] - takeScreenshot: Taking screenshot successfully

2018-10-09 15:14:28 - [MESSAGE][PASSED] - Taking screenshot successfully
[[ATTACHMENT|C:\\Users\\Owner\\Katalon Studio\\Logistics\\Reports\\CSO_LEAD\\Delivery Report\\20181009_151301\\1539069267823.png]]

2018-10-09 15:14:28 - [TEST_STEP][PASSED] - selectOptionByValue: All options with value 'IMI1M' are selected in object 'Object Repository/Page_MyEG Services  DELIVERY REPORT/select_-- Please Select --'  using regular expression

2018-10-09 15:14:28 - [MESSAGE][PASSED] - All options with value 'IMI1M' are selected in object 'Object Repository/Page_MyEG Services  DELIVERY REPORT/select_-- Please Select --'  using regular expression

2018-10-09 15:14:28 - [TEST_STEP][PASSED] - click: Object: 'Object Repository/Page_MyEG Services  DELIVERY REPORT/input' is clicked on

2018-10-09 15:14:29 - [MESSAGE][PASSED] - Object: 'Object Repository/Page_MyEG Services  DELIVERY REPORT/input' is clicked on

2018-10-09 15:14:29 - [TEST_STEP][PASSED] - takeScreenshot: Taking screenshot successfully

2018-10-09 15:14:29 - [MESSAGE][PASSED] - Taking screenshot successfully
[[ATTACHMENT|C:\\Users\\Owner\\Katalon Studio\\Logistics\\Reports\\CSO_LEAD\\Delivery Report\\20181009_151301\\1539069269149.png]]

2018-10-09 15:14:29 - [TEST_STEP][PASSED] - selectOptionByValue: All options with value 'ET' are selected in object 'Object Repository/Page_MyEG Services  DELIVERY REPORT/select_-- Please Select --'  using regular expression

2018-10-09 15:14:29 - [MESSAGE][PASSED] - All options with value 'ET' are selected in object 'Object Repository/Page_MyEG Services  DELIVERY REPORT/select_-- Please Select --'  using regular expression

2018-10-09 15:14:29 - [TEST_STEP][PASSED] - click: Object: 'Object Repository/Page_MyEG Services  DELIVERY REPORT/input' is clicked on

2018-10-09 15:14:30 - [MESSAGE][PASSED] - Object: 'Object Repository/Page_MyEG Services  DELIVERY REPORT/input' is clicked on

2018-10-09 15:14:30 - [TEST_STEP][PASSED] - takeScreenshot: Taking screenshot successfully

2018-10-09 15:14:30 - [MESSAGE][PASSED] - Taking screenshot successfully
[[ATTACHMENT|C:\\Users\\Owner\\Katalon Studio\\Logistics\\Reports\\CSO_LEAD\\Delivery Report\\20181009_151301\\1539069270475.png]]

2018-10-09 15:14:30 - [TEST_STEP][PASSED] - click: Object: 'Object Repository/Page_MyEG Services  DELIVERY REPORT/a_Logout' is clicked on

2018-10-09 15:14:30 - [MESSAGE][PASSED] - Object: 'Object Repository/Page_MyEG Services  DELIVERY REPORT/a_Logout' is clicked on

2018-10-09 15:14:30 - [TEST_STEP][PASSED] - closeBrowser: Browser is closed

2018-10-09 15:14:31 - [MESSAGE][PASSED] - Browser is closed]]></system-out>
         <system-err><![CDATA[]]></system-err>
      </testcase>
      <system-out><![CDATA[2018-10-09 15:13:03 - [TEST_SUITE][PASSED] - Delivery Report: Test Cases/Logistics/Roles/CSO_LEAD/Delivery Report]]></system-out>
      <system-err><![CDATA[]]></system-err>
   </testsuite>
</testsuites>
