<?xml version="1.0" encoding="UTF-8"?>
<testsuites name="Performance Report" time="183" tests="1" failures="0" errors="0">
   <testsuite name="Performance Report" tests="1" failures="0" errors="0" time="183" timestamp="2018-10-19 16:00:33" hostname="Owner - L13-IT-KISHORE.myeg.local" id="Test Suites/PRINT_IMM/Performance Report">
      <properties>
[...]
</properties>
      <testcase name="Test Cases/Logistics/Roles/PRINT_IMM/Performance Report" classname="Test Cases/Logistics/Roles/PRINT_IMM/Performance Report" status="PASSED">
         <system-out><![CDATA[2018-10-19 16:00:33 - [TEST_CASE][PASSED] - Test Cases/Logistics/Roles/PRINT_IMM/Performance Report: Test Cases/Logistics/Roles/PRINT_IMM/Performance Report

2018-10-19 16:00:34 - [TEST_STEP][PASSED] - openBrowser: Browser is opened with url: ''

2018-10-19 16:00:38 - [MESSAGE][PASSED] - Browser is opened with url: ''

2018-10-19 16:00:38 - [TEST_STEP][PASSED] - maximizeWindow: Current window maximized

2018-10-19 16:00:39 - [MESSAGE][PASSED] - Current window maximized

2018-10-19 16:00:39 - [TEST_STEP][PASSED] - navigateToUrl: Navigate to 'http://uat4.myeg.com.my/logistic/login/' successfully

2018-10-19 16:00:44 - [MESSAGE][PASSED] - Navigate to 'http://uat4.myeg.com.my/logistic/login/' successfully

2018-10-19 16:00:44 - [TEST_STEP][PASSED] - setText: Text 'AJAY1965' is set on object 'Object Repository/Page_MyEG Services  Logistic Report/input_j_username'

2018-10-19 16:00:44 - [MESSAGE][PASSED] - Text 'AJAY1965' is set on object 'Object Repository/Page_MyEG Services  Logistic Report/input_j_username'

2018-10-19 16:00:44 - [TEST_STEP][PASSED] - click: Object: 'Object Repository/Page_MyEG Services  Logistic Report/input_submit' is clicked on

2018-10-19 16:00:45 - [MESSAGE][PASSED] - Object: 'Object Repository/Page_MyEG Services  Logistic Report/input_submit' is clicked on

2018-10-19 16:00:45 - [TEST_STEP][PASSED] - takeScreenshot: Taking screenshot successfully

2018-10-19 16:00:46 - [MESSAGE][PASSED] - Taking screenshot successfully
[[ATTACHMENT|C:\\Users\\Owner\\Katalon Studio\\Logistics\\Reports\\PRINT_IMM\\Performance Report\\20181019_160031\\1539936045830.png]]

2018-10-19 16:00:46 - [TEST_STEP][PASSED] - setEncryptedText: Text ****** has been set on object 'Object Repository/Page_MyEG Services  Logistic Report/input_j_password'

2018-10-19 16:00:46 - [MESSAGE][PASSED] - Text ****** has been set on object 'Object Repository/Page_MyEG Services  Logistic Report/input_j_password'

2018-10-19 16:00:46 - [TEST_STEP][PASSED] - click: Object: 'Object Repository/Page_MyEG Services  Logistic Report/input_submit' is clicked on

2018-10-19 16:00:47 - [MESSAGE][PASSED] - Object: 'Object Repository/Page_MyEG Services  Logistic Report/input_submit' is clicked on

2018-10-19 16:00:47 - [TEST_STEP][PASSED] - takeScreenshot: Taking screenshot successfully

2018-10-19 16:00:47 - [MESSAGE][PASSED] - Taking screenshot successfully
[[ATTACHMENT|C:\\Users\\Owner\\Katalon Studio\\Logistics\\Reports\\PRINT_IMM\\Performance Report\\20181019_160031\\1539936047397.png]]

2018-10-19 16:00:47 - [TEST_STEP][PASSED] - setText: Text 'AJAY1964' is set on object 'Object Repository/Page_MyEG Services  Logistic Report/input_j_username'

2018-10-19 16:00:47 - [MESSAGE][PASSED] - Text 'AJAY1964' is set on object 'Object Repository/Page_MyEG Services  Logistic Report/input_j_username'

2018-10-19 16:00:47 - [TEST_STEP][PASSED] - setEncryptedText: Text ****** has been set on object 'Object Repository/Page_MyEG Services  Logistic Report/input_j_password'

2018-10-19 16:00:48 - [MESSAGE][PASSED] - Text ****** has been set on object 'Object Repository/Page_MyEG Services  Logistic Report/input_j_password'

2018-10-19 16:00:48 - [TEST_STEP][PASSED] - click: Object: 'Object Repository/Page_MyEG Services  Logistic Report/input_submit' is clicked on

2018-10-19 16:00:48 - [MESSAGE][PASSED] - Object: 'Object Repository/Page_MyEG Services  Logistic Report/input_submit' is clicked on

2018-10-19 16:00:48 - [TEST_STEP][PASSED] - takeScreenshot: Taking screenshot successfully

2018-10-19 16:00:49 - [MESSAGE][PASSED] - Taking screenshot successfully
[[ATTACHMENT|C:\\Users\\Owner\\Katalon Studio\\Logistics\\Reports\\PRINT_IMM\\Performance Report\\20181019_160031\\1539936048935.png]]

2018-10-19 16:00:49 - [TEST_STEP][PASSED] - setText: Text 'AJAY1965' is set on object 'Object Repository/Page_MyEG Services  Logistic Report/input_j_username'

2018-10-19 16:00:49 - [MESSAGE][PASSED] - Text 'AJAY1965' is set on object 'Object Repository/Page_MyEG Services  Logistic Report/input_j_username'

2018-10-19 16:00:49 - [TEST_STEP][PASSED] - setEncryptedText: Text ****** has been set on object 'Object Repository/Page_MyEG Services  Logistic Report/input_j_password'

2018-10-19 16:00:49 - [MESSAGE][PASSED] - Text ****** has been set on object 'Object Repository/Page_MyEG Services  Logistic Report/input_j_password'

2018-10-19 16:00:49 - [TEST_STEP][PASSED] - click: Object: 'Object Repository/Page_MyEG Services  Logistic Report/input_submit' is clicked on

2018-10-19 16:00:50 - [MESSAGE][PASSED] - Object: 'Object Repository/Page_MyEG Services  Logistic Report/input_submit' is clicked on

2018-10-19 16:00:50 - [TEST_STEP][PASSED] - takeScreenshot: Taking screenshot successfully

2018-10-19 16:00:51 - [MESSAGE][PASSED] - Taking screenshot successfully
[[ATTACHMENT|C:\\Users\\Owner\\Katalon Studio\\Logistics\\Reports\\PRINT_IMM\\Performance Report\\20181019_160031\\1539936050766.png]]

2018-10-19 16:00:51 - [TEST_STEP][PASSED] - click: Object: 'Object Repository/Page_MyEG Services  List of Tickets/a_Performance Report' is clicked on

2018-10-19 16:00:51 - [MESSAGE][PASSED] - Object: 'Object Repository/Page_MyEG Services  List of Tickets/a_Performance Report' is clicked on

2018-10-19 16:00:51 - [TEST_STEP][PASSED] - takeScreenshot: Taking screenshot successfully

2018-10-19 16:00:52 - [MESSAGE][PASSED] - Taking screenshot successfully
[[ATTACHMENT|C:\\Users\\Owner\\Katalon Studio\\Logistics\\Reports\\PRINT_IMM\\Performance Report\\20181019_160031\\1539936051591.png]]

2018-10-19 16:00:52 - [TEST_STEP][PASSED] - click: Object: 'Object Repository/Page_MyEG Services  PERFORMANCE REP/a_LO Performance By Date (1)' is clicked on

2018-10-19 16:00:52 - [MESSAGE][PASSED] - Object: 'Object Repository/Page_MyEG Services  PERFORMANCE REP/a_LO Performance By Date (1)' is clicked on

2018-10-19 16:00:52 - [TEST_STEP][PASSED] - setText: Text '01-Jan-2018' is set on object 'Object Repository/Page_MyEG Services  PERFORMANCE REP/input_dojo.from (3)'

2018-10-19 16:00:52 - [MESSAGE][PASSED] - Text '01-Jan-2018' is set on object 'Object Repository/Page_MyEG Services  PERFORMANCE REP/input_dojo.from (3)'

2018-10-19 16:00:52 - [TEST_STEP][PASSED] - setText: Text '30-Sep-2018' is set on object 'Object Repository/Page_MyEG Services  PERFORMANCE REP/input_dojo.to (3)'

2018-10-19 16:00:52 - [MESSAGE][PASSED] - Text '30-Sep-2018' is set on object 'Object Repository/Page_MyEG Services  PERFORMANCE REP/input_dojo.to (3)'

2018-10-19 16:00:52 - [TEST_STEP][PASSED] - click: Object: 'Object Repository/Page_MyEG Services  PERFORMANCE REP/a_reset (3)' is clicked on

2018-10-19 16:00:52 - [MESSAGE][PASSED] - Object: 'Object Repository/Page_MyEG Services  PERFORMANCE REP/a_reset (3)' is clicked on

2018-10-19 16:00:52 - [TEST_STEP][PASSED] - takeScreenshot: Taking screenshot successfully

2018-10-19 16:00:53 - [MESSAGE][PASSED] - Taking screenshot successfully
[[ATTACHMENT|C:\\Users\\Owner\\Katalon Studio\\Logistics\\Reports\\PRINT_IMM\\Performance Report\\20181019_160031\\1539936052854.png]]

2018-10-19 16:00:53 - [TEST_STEP][PASSED] - click: Object: 'Object Repository/Page_MyEG Services  PERFORMANCE REP/input (3)' is clicked on

2018-10-19 16:00:53 - [MESSAGE][PASSED] - Object: 'Object Repository/Page_MyEG Services  PERFORMANCE REP/input (3)' is clicked on

2018-10-19 16:00:53 - [TEST_STEP][PASSED] - takeScreenshot: Taking screenshot successfully

2018-10-19 16:00:53 - [MESSAGE][PASSED] - Taking screenshot successfully
[[ATTACHMENT|C:\\Users\\Owner\\Katalon Studio\\Logistics\\Reports\\PRINT_IMM\\Performance Report\\20181019_160031\\1539936053339.png]]

2018-10-19 16:00:53 - [TEST_STEP][PASSED] - setText: Text '01-Jan-2018' is set on object 'Object Repository/Page_MyEG Services  PERFORMANCE REP/input_dojo.from (3)'

2018-10-19 16:00:53 - [MESSAGE][PASSED] - Text '01-Jan-2018' is set on object 'Object Repository/Page_MyEG Services  PERFORMANCE REP/input_dojo.from (3)'

2018-10-19 16:00:53 - [TEST_STEP][PASSED] - setText: Text '30-Sep-2018' is set on object 'Object Repository/Page_MyEG Services  PERFORMANCE REP/input_dojo.to (3)'

2018-10-19 16:00:53 - [MESSAGE][PASSED] - Text '30-Sep-2018' is set on object 'Object Repository/Page_MyEG Services  PERFORMANCE REP/input_dojo.to (3)'

2018-10-19 16:00:53 - [TEST_STEP][PASSED] - selectOptionByValue: All options with value 'LK' are selected in object 'Object Repository/Page_MyEG Services  PERFORMANCE REP/select_-- Please Select -- (1)'  using regular expression

2018-10-19 16:00:54 - [MESSAGE][PASSED] - All options with value 'LK' are selected in object 'Object Repository/Page_MyEG Services  PERFORMANCE REP/select_-- Please Select -- (1)'  using regular expression

2018-10-19 16:00:54 - [TEST_STEP][PASSED] - click: Object: 'Object Repository/Page_MyEG Services  PERFORMANCE REP/input (3)' is clicked on

2018-10-19 16:00:59 - [MESSAGE][PASSED] - Object: 'Object Repository/Page_MyEG Services  PERFORMANCE REP/input (3)' is clicked on

2018-10-19 16:00:59 - [TEST_STEP][PASSED] - takeScreenshot: Taking screenshot successfully

2018-10-19 16:01:00 - [MESSAGE][PASSED] - Taking screenshot successfully
[[ATTACHMENT|C:\\Users\\Owner\\Katalon Studio\\Logistics\\Reports\\PRINT_IMM\\Performance Report\\20181019_160031\\1539936059855.png]]

2018-10-19 16:01:00 - [TEST_STEP][PASSED] - selectOptionByValue: All options with value 'JM' are selected in object 'Object Repository/Page_MyEG Services  PERFORMANCE REP/select_-- Please Select -- (1)'  using regular expression

2018-10-19 16:01:00 - [MESSAGE][PASSED] - All options with value 'JM' are selected in object 'Object Repository/Page_MyEG Services  PERFORMANCE REP/select_-- Please Select -- (1)'  using regular expression

2018-10-19 16:01:00 - [TEST_STEP][PASSED] - click: Object: 'Object Repository/Page_MyEG Services  PERFORMANCE REP/input (3)' is clicked on

2018-10-19 16:01:04 - [MESSAGE][PASSED] - Object: 'Object Repository/Page_MyEG Services  PERFORMANCE REP/input (3)' is clicked on

2018-10-19 16:01:04 - [TEST_STEP][PASSED] - takeScreenshot: Taking screenshot successfully

2018-10-19 16:01:05 - [MESSAGE][PASSED] - Taking screenshot successfully
[[ATTACHMENT|C:\\Users\\Owner\\Katalon Studio\\Logistics\\Reports\\PRINT_IMM\\Performance Report\\20181019_160031\\1539936064857.png]]

2018-10-19 16:01:05 - [TEST_STEP][PASSED] - selectOptionByValue: All options with value 'IM' are selected in object 'Object Repository/Page_MyEG Services  PERFORMANCE REP/select_-- Please Select -- (1)'  using regular expression

2018-10-19 16:01:05 - [MESSAGE][PASSED] - All options with value 'IM' are selected in object 'Object Repository/Page_MyEG Services  PERFORMANCE REP/select_-- Please Select -- (1)'  using regular expression

2018-10-19 16:01:05 - [TEST_STEP][PASSED] - click: Object: 'Object Repository/Page_MyEG Services  PERFORMANCE REP/input (3)' is clicked on

2018-10-19 16:01:10 - [MESSAGE][PASSED] - Object: 'Object Repository/Page_MyEG Services  PERFORMANCE REP/input (3)' is clicked on

2018-10-19 16:01:10 - [TEST_STEP][PASSED] - takeScreenshot: Taking screenshot successfully

2018-10-19 16:01:11 - [MESSAGE][PASSED] - Taking screenshot successfully
[[ATTACHMENT|C:\\Users\\Owner\\Katalon Studio\\Logistics\\Reports\\PRINT_IMM\\Performance Report\\20181019_160031\\1539936070620.png]]

2018-10-19 16:01:11 - [TEST_STEP][PASSED] - selectOptionByValue: All options with value 'MD' are selected in object 'Object Repository/Page_MyEG Services  PERFORMANCE REP/select_-- Please Select -- (1)'  using regular expression

2018-10-19 16:01:11 - [MESSAGE][PASSED] - All options with value 'MD' are selected in object 'Object Repository/Page_MyEG Services  PERFORMANCE REP/select_-- Please Select -- (1)'  using regular expression

2018-10-19 16:01:11 - [TEST_STEP][PASSED] - click: Object: 'Object Repository/Page_MyEG Services  PERFORMANCE REP/input (3)' is clicked on

2018-10-19 16:01:15 - [MESSAGE][PASSED] - Object: 'Object Repository/Page_MyEG Services  PERFORMANCE REP/input (3)' is clicked on

2018-10-19 16:01:15 - [TEST_STEP][PASSED] - takeScreenshot: Taking screenshot successfully

2018-10-19 16:01:16 - [MESSAGE][PASSED] - Taking screenshot successfully
[[ATTACHMENT|C:\\Users\\Owner\\Katalon Studio\\Logistics\\Reports\\PRINT_IMM\\Performance Report\\20181019_160031\\1539936075659.png]]

2018-10-19 16:01:16 - [TEST_STEP][PASSED] - selectOptionByValue: All options with value 'FW' are selected in object 'Object Repository/Page_MyEG Services  PERFORMANCE REP/select_-- Please Select -- (1)'  using regular expression

2018-10-19 16:01:16 - [MESSAGE][PASSED] - All options with value 'FW' are selected in object 'Object Repository/Page_MyEG Services  PERFORMANCE REP/select_-- Please Select -- (1)'  using regular expression

2018-10-19 16:01:16 - [TEST_STEP][PASSED] - click: Object: 'Object Repository/Page_MyEG Services  PERFORMANCE REP/input (3)' is clicked on

2018-10-19 16:01:21 - [MESSAGE][PASSED] - Object: 'Object Repository/Page_MyEG Services  PERFORMANCE REP/input (3)' is clicked on

2018-10-19 16:01:21 - [TEST_STEP][PASSED] - takeScreenshot: Taking screenshot successfully

2018-10-19 16:01:21 - [MESSAGE][PASSED] - Taking screenshot successfully
[[ATTACHMENT|C:\\Users\\Owner\\Katalon Studio\\Logistics\\Reports\\PRINT_IMM\\Performance Report\\20181019_160031\\1539936081019.png]]

2018-10-19 16:01:21 - [TEST_STEP][PASSED] - selectOptionByValue: All options with value 'CL' are selected in object 'Object Repository/Page_MyEG Services  PERFORMANCE REP/select_-- Please Select -- (1)'  using regular expression

2018-10-19 16:01:21 - [MESSAGE][PASSED] - All options with value 'CL' are selected in object 'Object Repository/Page_MyEG Services  PERFORMANCE REP/select_-- Please Select -- (1)'  using regular expression

2018-10-19 16:01:21 - [TEST_STEP][PASSED] - click: Object: 'Object Repository/Page_MyEG Services  PERFORMANCE REP/input (3)' is clicked on

2018-10-19 16:01:26 - [MESSAGE][PASSED] - Object: 'Object Repository/Page_MyEG Services  PERFORMANCE REP/input (3)' is clicked on

2018-10-19 16:01:26 - [TEST_STEP][PASSED] - takeScreenshot: Taking screenshot successfully

2018-10-19 16:01:26 - [MESSAGE][PASSED] - Taking screenshot successfully
[[ATTACHMENT|C:\\Users\\Owner\\Katalon Studio\\Logistics\\Reports\\PRINT_IMM\\Performance Report\\20181019_160031\\1539936086008.png]]

2018-10-19 16:01:26 - [TEST_STEP][PASSED] - selectOptionByValue: All options with value '1M' are selected in object 'Object Repository/Page_MyEG Services  PERFORMANCE REP/select_-- Please Select -- (1)'  using regular expression

2018-10-19 16:01:26 - [MESSAGE][PASSED] - All options with value '1M' are selected in object 'Object Repository/Page_MyEG Services  PERFORMANCE REP/select_-- Please Select -- (1)'  using regular expression

2018-10-19 16:01:26 - [TEST_STEP][PASSED] - click: Object: 'Object Repository/Page_MyEG Services  PERFORMANCE REP/input (3)' is clicked on

2018-10-19 16:01:30 - [MESSAGE][PASSED] - Object: 'Object Repository/Page_MyEG Services  PERFORMANCE REP/input (3)' is clicked on

2018-10-19 16:01:30 - [TEST_STEP][PASSED] - takeScreenshot: Taking screenshot successfully

2018-10-19 16:01:31 - [MESSAGE][PASSED] - Taking screenshot successfully
[[ATTACHMENT|C:\\Users\\Owner\\Katalon Studio\\Logistics\\Reports\\PRINT_IMM\\Performance Report\\20181019_160031\\1539936090993.png]]

2018-10-19 16:01:31 - [TEST_STEP][PASSED] - selectOptionByValue: All options with value 'SP' are selected in object 'Object Repository/Page_MyEG Services  PERFORMANCE REP/select_-- Please Select -- (1)'  using regular expression

2018-10-19 16:01:31 - [MESSAGE][PASSED] - All options with value 'SP' are selected in object 'Object Repository/Page_MyEG Services  PERFORMANCE REP/select_-- Please Select -- (1)'  using regular expression

2018-10-19 16:01:31 - [TEST_STEP][PASSED] - click: Object: 'Object Repository/Page_MyEG Services  PERFORMANCE REP/input (3)' is clicked on

2018-10-19 16:01:36 - [MESSAGE][PASSED] - Object: 'Object Repository/Page_MyEG Services  PERFORMANCE REP/input (3)' is clicked on

2018-10-19 16:01:36 - [TEST_STEP][PASSED] - takeScreenshot: Taking screenshot successfully

2018-10-19 16:01:36 - [MESSAGE][PASSED] - Taking screenshot successfully
[[ATTACHMENT|C:\\Users\\Owner\\Katalon Studio\\Logistics\\Reports\\PRINT_IMM\\Performance Report\\20181019_160031\\1539936096142.png]]

2018-10-19 16:01:36 - [TEST_STEP][PASSED] - selectOptionByValue: All options with value 'PT' are selected in object 'Object Repository/Page_MyEG Services  PERFORMANCE REP/select_-- Please Select -- (1)'  using regular expression

2018-10-19 16:01:37 - [MESSAGE][PASSED] - All options with value 'PT' are selected in object 'Object Repository/Page_MyEG Services  PERFORMANCE REP/select_-- Please Select -- (1)'  using regular expression

2018-10-19 16:01:37 - [TEST_STEP][PASSED] - click: Object: 'Object Repository/Page_MyEG Services  PERFORMANCE REP/input (3)' is clicked on

2018-10-19 16:01:41 - [MESSAGE][PASSED] - Object: 'Object Repository/Page_MyEG Services  PERFORMANCE REP/input (3)' is clicked on

2018-10-19 16:01:41 - [TEST_STEP][PASSED] - takeScreenshot: Taking screenshot successfully

2018-10-19 16:01:42 - [MESSAGE][PASSED] - Taking screenshot successfully
[[ATTACHMENT|C:\\Users\\Owner\\Katalon Studio\\Logistics\\Reports\\PRINT_IMM\\Performance Report\\20181019_160031\\1539936101996.png]]

2018-10-19 16:01:42 - [TEST_STEP][PASSED] - selectOptionByValue: All options with value 'PTD' are selected in object 'Object Repository/Page_MyEG Services  PERFORMANCE REP/select_-- Please Select -- (1)'  using regular expression

2018-10-19 16:01:42 - [MESSAGE][PASSED] - All options with value 'PTD' are selected in object 'Object Repository/Page_MyEG Services  PERFORMANCE REP/select_-- Please Select -- (1)'  using regular expression

2018-10-19 16:01:42 - [TEST_STEP][PASSED] - click: Object: 'Object Repository/Page_MyEG Services  PERFORMANCE REP/input (3)' is clicked on

2018-10-19 16:01:47 - [MESSAGE][PASSED] - Object: 'Object Repository/Page_MyEG Services  PERFORMANCE REP/input (3)' is clicked on

2018-10-19 16:01:47 - [TEST_STEP][PASSED] - takeScreenshot: Taking screenshot successfully

2018-10-19 16:01:47 - [MESSAGE][PASSED] - Taking screenshot successfully
[[ATTACHMENT|C:\\Users\\Owner\\Katalon Studio\\Logistics\\Reports\\PRINT_IMM\\Performance Report\\20181019_160031\\1539936107137.png]]

2018-10-19 16:01:47 - [TEST_STEP][PASSED] - selectOptionByValue: All options with value 'LKS' are selected in object 'Object Repository/Page_MyEG Services  PERFORMANCE REP/select_-- Please Select -- (1)'  using regular expression

2018-10-19 16:01:48 - [MESSAGE][PASSED] - All options with value 'LKS' are selected in object 'Object Repository/Page_MyEG Services  PERFORMANCE REP/select_-- Please Select -- (1)'  using regular expression

2018-10-19 16:01:48 - [TEST_STEP][PASSED] - click: Object: 'Object Repository/Page_MyEG Services  PERFORMANCE REP/input (3)' is clicked on

2018-10-19 16:01:52 - [MESSAGE][PASSED] - Object: 'Object Repository/Page_MyEG Services  PERFORMANCE REP/input (3)' is clicked on

2018-10-19 16:01:52 - [TEST_STEP][PASSED] - takeScreenshot: Taking screenshot successfully

2018-10-19 16:01:52 - [MESSAGE][PASSED] - Taking screenshot successfully
[[ATTACHMENT|C:\\Users\\Owner\\Katalon Studio\\Logistics\\Reports\\PRINT_IMM\\Performance Report\\20181019_160031\\1539936112147.png]]

2018-10-19 16:01:52 - [TEST_STEP][PASSED] - selectOptionByValue: All options with value 'JPJ1M' are selected in object 'Object Repository/Page_MyEG Services  PERFORMANCE REP/select_-- Please Select -- (1)'  using regular expression

2018-10-19 16:01:53 - [MESSAGE][PASSED] - All options with value 'JPJ1M' are selected in object 'Object Repository/Page_MyEG Services  PERFORMANCE REP/select_-- Please Select -- (1)'  using regular expression

2018-10-19 16:01:53 - [TEST_STEP][PASSED] - click: Object: 'Object Repository/Page_MyEG Services  PERFORMANCE REP/input (3)' is clicked on

2018-10-19 16:01:57 - [MESSAGE][PASSED] - Object: 'Object Repository/Page_MyEG Services  PERFORMANCE REP/input (3)' is clicked on

2018-10-19 16:01:57 - [TEST_STEP][PASSED] - takeScreenshot: Taking screenshot successfully

2018-10-19 16:01:57 - [MESSAGE][PASSED] - Taking screenshot successfully
[[ATTACHMENT|C:\\Users\\Owner\\Katalon Studio\\Logistics\\Reports\\PRINT_IMM\\Performance Report\\20181019_160031\\1539936117277.png]]

2018-10-19 16:01:57 - [TEST_STEP][PASSED] - selectOptionByValue: All options with value 'IMI1M' are selected in object 'Object Repository/Page_MyEG Services  PERFORMANCE REP/select_-- Please Select -- (1)'  using regular expression

2018-10-19 16:01:58 - [MESSAGE][PASSED] - All options with value 'IMI1M' are selected in object 'Object Repository/Page_MyEG Services  PERFORMANCE REP/select_-- Please Select -- (1)'  using regular expression

2018-10-19 16:01:58 - [TEST_STEP][PASSED] - click: Object: 'Object Repository/Page_MyEG Services  PERFORMANCE REP/input (3)' is clicked on

2018-10-19 16:02:02 - [MESSAGE][PASSED] - Object: 'Object Repository/Page_MyEG Services  PERFORMANCE REP/input (3)' is clicked on

2018-10-19 16:02:02 - [TEST_STEP][PASSED] - takeScreenshot: Taking screenshot successfully

2018-10-19 16:02:02 - [MESSAGE][PASSED] - Taking screenshot successfully
[[ATTACHMENT|C:\\Users\\Owner\\Katalon Studio\\Logistics\\Reports\\PRINT_IMM\\Performance Report\\20181019_160031\\1539936122237.png]]

2018-10-19 16:02:02 - [TEST_STEP][PASSED] - selectOptionByValue: All options with value 'ET' are selected in object 'Object Repository/Page_MyEG Services  PERFORMANCE REP/select_-- Please Select -- (1)'  using regular expression

2018-10-19 16:02:03 - [MESSAGE][PASSED] - All options with value 'ET' are selected in object 'Object Repository/Page_MyEG Services  PERFORMANCE REP/select_-- Please Select -- (1)'  using regular expression

2018-10-19 16:02:03 - [TEST_STEP][PASSED] - click: Object: 'Object Repository/Page_MyEG Services  PERFORMANCE REP/input (3)' is clicked on

2018-10-19 16:02:07 - [MESSAGE][PASSED] - Object: 'Object Repository/Page_MyEG Services  PERFORMANCE REP/input (3)' is clicked on

2018-10-19 16:02:07 - [TEST_STEP][PASSED] - takeScreenshot: Taking screenshot successfully

2018-10-19 16:02:07 - [MESSAGE][PASSED] - Taking screenshot successfully
[[ATTACHMENT|C:\\Users\\Owner\\Katalon Studio\\Logistics\\Reports\\PRINT_IMM\\Performance Report\\20181019_160031\\1539936127253.png]]

2018-10-19 16:02:07 - [TEST_STEP][PASSED] - click: Object: 'Object Repository/Page_MyEG Services  PERFORMANCE REP/a_Performance Report (1)' is clicked on

2018-10-19 16:02:08 - [MESSAGE][PASSED] - Object: 'Object Repository/Page_MyEG Services  PERFORMANCE REP/a_Performance Report (1)' is clicked on

2018-10-19 16:02:08 - [TEST_STEP][PASSED] - click: Object: 'Object Repository/Page_MyEG Services  PERFORMANCE REP/a_LO Performance By Name (1)' is clicked on

2018-10-19 16:02:08 - [MESSAGE][PASSED] - Object: 'Object Repository/Page_MyEG Services  PERFORMANCE REP/a_LO Performance By Name (1)' is clicked on

2018-10-19 16:02:08 - [TEST_STEP][PASSED] - selectOptionByValue: All options with value '1942' are selected in object 'Object Repository/Page_MyEG Services  PERFORMANCE REP/select_- Select LO Name -    A_1'  using regular expression

2018-10-19 16:02:37 - [MESSAGE][PASSED] - All options with value '1942' are selected in object 'Object Repository/Page_MyEG Services  PERFORMANCE REP/select_- Select LO Name -    A_1'  using regular expression

2018-10-19 16:02:37 - [TEST_STEP][PASSED] - setText: Text '01-Jan-2018' is set on object 'Object Repository/Page_MyEG Services  PERFORMANCE REP/input_dojo.from (3)'

2018-10-19 16:02:37 - [MESSAGE][PASSED] - Text '01-Jan-2018' is set on object 'Object Repository/Page_MyEG Services  PERFORMANCE REP/input_dojo.from (3)'

2018-10-19 16:02:37 - [TEST_STEP][PASSED] - setText: Text '30-Sep-2018' is set on object 'Object Repository/Page_MyEG Services  PERFORMANCE REP/input_dojo.to (3)'

2018-10-19 16:02:37 - [MESSAGE][PASSED] - Text '30-Sep-2018' is set on object 'Object Repository/Page_MyEG Services  PERFORMANCE REP/input_dojo.to (3)'

2018-10-19 16:02:37 - [TEST_STEP][PASSED] - selectOptionByValue: All options with value 'LK' are selected in object 'Object Repository/Page_MyEG Services  PERFORMANCE REP/select_-- Please Select -- (1)'  using regular expression

2018-10-19 16:02:38 - [MESSAGE][PASSED] - All options with value 'LK' are selected in object 'Object Repository/Page_MyEG Services  PERFORMANCE REP/select_-- Please Select -- (1)'  using regular expression

2018-10-19 16:02:38 - [TEST_STEP][PASSED] - selectOptionByValue: All options with value '1' are selected in object 'Object Repository/Page_MyEG Services  PERFORMANCE REP/select_-- Please Select --    _1 (1)'  using regular expression

2018-10-19 16:02:38 - [MESSAGE][PASSED] - All options with value '1' are selected in object 'Object Repository/Page_MyEG Services  PERFORMANCE REP/select_-- Please Select --    _1 (1)'  using regular expression

2018-10-19 16:02:38 - [TEST_STEP][PASSED] - click: Object: 'Object Repository/Page_MyEG Services  PERFORMANCE REP/a_reset (3)' is clicked on

2018-10-19 16:02:38 - [MESSAGE][PASSED] - Object: 'Object Repository/Page_MyEG Services  PERFORMANCE REP/a_reset (3)' is clicked on

2018-10-19 16:02:38 - [TEST_STEP][PASSED] - takeScreenshot: Taking screenshot successfully

2018-10-19 16:02:39 - [MESSAGE][PASSED] - Taking screenshot successfully
[[ATTACHMENT|C:\\Users\\Owner\\Katalon Studio\\Logistics\\Reports\\PRINT_IMM\\Performance Report\\20181019_160031\\1539936158761.png]]

2018-10-19 16:02:39 - [TEST_STEP][PASSED] - click: Object: 'Object Repository/Page_MyEG Services  PERFORMANCE REP/input (3)' is clicked on

2018-10-19 16:02:39 - [MESSAGE][PASSED] - Object: 'Object Repository/Page_MyEG Services  PERFORMANCE REP/input (3)' is clicked on

2018-10-19 16:02:39 - [TEST_STEP][PASSED] - takeScreenshot: Taking screenshot successfully

2018-10-19 16:02:39 - [MESSAGE][PASSED] - Taking screenshot successfully
[[ATTACHMENT|C:\\Users\\Owner\\Katalon Studio\\Logistics\\Reports\\PRINT_IMM\\Performance Report\\20181019_160031\\1539936159281.png]]

2018-10-19 16:02:39 - [TEST_STEP][PASSED] - selectOptionByValue: All options with value '1942' are selected in object 'Object Repository/Page_MyEG Services  PERFORMANCE REP/select_- Select LO Name -    A_1'  using regular expression

2018-10-19 16:03:11 - [MESSAGE][PASSED] - All options with value '1942' are selected in object 'Object Repository/Page_MyEG Services  PERFORMANCE REP/select_- Select LO Name -    A_1'  using regular expression

2018-10-19 16:03:11 - [TEST_STEP][PASSED] - setText: Text '01-Jan-2018' is set on object 'Object Repository/Page_MyEG Services  PERFORMANCE REP/input_dojo.from (3)'

2018-10-19 16:03:12 - [MESSAGE][PASSED] - Text '01-Jan-2018' is set on object 'Object Repository/Page_MyEG Services  PERFORMANCE REP/input_dojo.from (3)'

2018-10-19 16:03:12 - [TEST_STEP][PASSED] - setText: Text '30-Sep-2018' is set on object 'Object Repository/Page_MyEG Services  PERFORMANCE REP/input_dojo.to (3)'

2018-10-19 16:03:12 - [MESSAGE][PASSED] - Text '30-Sep-2018' is set on object 'Object Repository/Page_MyEG Services  PERFORMANCE REP/input_dojo.to (3)'

2018-10-19 16:03:12 - [TEST_STEP][PASSED] - selectOptionByValue: All options with value '1' are selected in object 'Object Repository/Page_MyEG Services  PERFORMANCE REP/select_-- Please Select --    _1 (1)'  using regular expression

2018-10-19 16:03:12 - [MESSAGE][PASSED] - All options with value '1' are selected in object 'Object Repository/Page_MyEG Services  PERFORMANCE REP/select_-- Please Select --    _1 (1)'  using regular expression

2018-10-19 16:03:12 - [TEST_STEP][PASSED] - selectOptionByValue: All options with value 'LK' are selected in object 'Object Repository/Page_MyEG Services  PERFORMANCE REP/select_-- Please Select -- (1)'  using regular expression

2018-10-19 16:03:13 - [MESSAGE][PASSED] - All options with value 'LK' are selected in object 'Object Repository/Page_MyEG Services  PERFORMANCE REP/select_-- Please Select -- (1)'  using regular expression

2018-10-19 16:03:13 - [TEST_STEP][PASSED] - click: Object: 'Object Repository/Page_MyEG Services  PERFORMANCE REP/input (3)' is clicked on

2018-10-19 16:03:14 - [MESSAGE][PASSED] - Object: 'Object Repository/Page_MyEG Services  PERFORMANCE REP/input (3)' is clicked on

2018-10-19 16:03:14 - [TEST_STEP][PASSED] - takeScreenshot: Taking screenshot successfully

2018-10-19 16:03:14 - [MESSAGE][PASSED] - Taking screenshot successfully
[[ATTACHMENT|C:\\Users\\Owner\\Katalon Studio\\Logistics\\Reports\\PRINT_IMM\\Performance Report\\20181019_160031\\1539936194118.png]]

2018-10-19 16:03:14 - [TEST_STEP][PASSED] - selectOptionByValue: All options with value 'JM' are selected in object 'Object Repository/Page_MyEG Services  PERFORMANCE REP/select_-- Please Select -- (1)'  using regular expression

2018-10-19 16:03:14 - [MESSAGE][PASSED] - All options with value 'JM' are selected in object 'Object Repository/Page_MyEG Services  PERFORMANCE REP/select_-- Please Select -- (1)'  using regular expression

2018-10-19 16:03:14 - [TEST_STEP][PASSED] - click: Object: 'Object Repository/Page_MyEG Services  PERFORMANCE REP/input (3)' is clicked on

2018-10-19 16:03:15 - [MESSAGE][PASSED] - Object: 'Object Repository/Page_MyEG Services  PERFORMANCE REP/input (3)' is clicked on

2018-10-19 16:03:15 - [TEST_STEP][PASSED] - takeScreenshot: Taking screenshot successfully

2018-10-19 16:03:16 - [MESSAGE][PASSED] - Taking screenshot successfully
[[ATTACHMENT|C:\\Users\\Owner\\Katalon Studio\\Logistics\\Reports\\PRINT_IMM\\Performance Report\\20181019_160031\\1539936195627.png]]

2018-10-19 16:03:16 - [TEST_STEP][PASSED] - selectOptionByValue: All options with value 'IM' are selected in object 'Object Repository/Page_MyEG Services  PERFORMANCE REP/select_-- Please Select -- (1)'  using regular expression

2018-10-19 16:03:16 - [MESSAGE][PASSED] - All options with value 'IM' are selected in object 'Object Repository/Page_MyEG Services  PERFORMANCE REP/select_-- Please Select -- (1)'  using regular expression

2018-10-19 16:03:16 - [TEST_STEP][PASSED] - click: Object: 'Object Repository/Page_MyEG Services  PERFORMANCE REP/input (3)' is clicked on

2018-10-19 16:03:17 - [MESSAGE][PASSED] - Object: 'Object Repository/Page_MyEG Services  PERFORMANCE REP/input (3)' is clicked on

2018-10-19 16:03:17 - [TEST_STEP][PASSED] - takeScreenshot: Taking screenshot successfully

2018-10-19 16:03:17 - [MESSAGE][PASSED] - Taking screenshot successfully
[[ATTACHMENT|C:\\Users\\Owner\\Katalon Studio\\Logistics\\Reports\\PRINT_IMM\\Performance Report\\20181019_160031\\1539936197252.png]]

2018-10-19 16:03:17 - [TEST_STEP][PASSED] - selectOptionByValue: All options with value 'MD' are selected in object 'Object Repository/Page_MyEG Services  PERFORMANCE REP/select_-- Please Select -- (1)'  using regular expression

2018-10-19 16:03:17 - [MESSAGE][PASSED] - All options with value 'MD' are selected in object 'Object Repository/Page_MyEG Services  PERFORMANCE REP/select_-- Please Select -- (1)'  using regular expression

2018-10-19 16:03:17 - [TEST_STEP][PASSED] - click: Object: 'Object Repository/Page_MyEG Services  PERFORMANCE REP/input (3)' is clicked on

2018-10-19 16:03:18 - [MESSAGE][PASSED] - Object: 'Object Repository/Page_MyEG Services  PERFORMANCE REP/input (3)' is clicked on

2018-10-19 16:03:18 - [TEST_STEP][PASSED] - takeScreenshot: Taking screenshot successfully

2018-10-19 16:03:19 - [MESSAGE][PASSED] - Taking screenshot successfully
[[ATTACHMENT|C:\\Users\\Owner\\Katalon Studio\\Logistics\\Reports\\PRINT_IMM\\Performance Report\\20181019_160031\\1539936198716.png]]

2018-10-19 16:03:19 - [TEST_STEP][PASSED] - selectOptionByValue: All options with value 'FW' are selected in object 'Object Repository/Page_MyEG Services  PERFORMANCE REP/select_-- Please Select -- (1)'  using regular expression

2018-10-19 16:03:19 - [MESSAGE][PASSED] - All options with value 'FW' are selected in object 'Object Repository/Page_MyEG Services  PERFORMANCE REP/select_-- Please Select -- (1)'  using regular expression

2018-10-19 16:03:19 - [TEST_STEP][PASSED] - click: Object: 'Object Repository/Page_MyEG Services  PERFORMANCE REP/input (3)' is clicked on

2018-10-19 16:03:20 - [MESSAGE][PASSED] - Object: 'Object Repository/Page_MyEG Services  PERFORMANCE REP/input (3)' is clicked on

2018-10-19 16:03:20 - [TEST_STEP][PASSED] - takeScreenshot: Taking screenshot successfully

2018-10-19 16:03:20 - [MESSAGE][PASSED] - Taking screenshot successfully
[[ATTACHMENT|C:\\Users\\Owner\\Katalon Studio\\Logistics\\Reports\\PRINT_IMM\\Performance Report\\20181019_160031\\1539936200330.png]]

2018-10-19 16:03:20 - [TEST_STEP][PASSED] - selectOptionByValue: All options with value 'CL' are selected in object 'Object Repository/Page_MyEG Services  PERFORMANCE REP/select_-- Please Select -- (1)'  using regular expression

2018-10-19 16:03:21 - [MESSAGE][PASSED] - All options with value 'CL' are selected in object 'Object Repository/Page_MyEG Services  PERFORMANCE REP/select_-- Please Select -- (1)'  using regular expression

2018-10-19 16:03:21 - [TEST_STEP][PASSED] - click: Object: 'Object Repository/Page_MyEG Services  PERFORMANCE REP/input (3)' is clicked on

2018-10-19 16:03:21 - [MESSAGE][PASSED] - Object: 'Object Repository/Page_MyEG Services  PERFORMANCE REP/input (3)' is clicked on

2018-10-19 16:03:21 - [TEST_STEP][PASSED] - takeScreenshot: Taking screenshot successfully

2018-10-19 16:03:22 - [MESSAGE][PASSED] - Taking screenshot successfully
[[ATTACHMENT|C:\\Users\\Owner\\Katalon Studio\\Logistics\\Reports\\PRINT_IMM\\Performance Report\\20181019_160031\\1539936201959.png]]

2018-10-19 16:03:22 - [TEST_STEP][PASSED] - selectOptionByValue: All options with value '1M' are selected in object 'Object Repository/Page_MyEG Services  PERFORMANCE REP/select_-- Please Select -- (1)'  using regular expression

2018-10-19 16:03:22 - [MESSAGE][PASSED] - All options with value '1M' are selected in object 'Object Repository/Page_MyEG Services  PERFORMANCE REP/select_-- Please Select -- (1)'  using regular expression

2018-10-19 16:03:22 - [TEST_STEP][PASSED] - click: Object: 'Object Repository/Page_MyEG Services  PERFORMANCE REP/input (3)' is clicked on

2018-10-19 16:03:23 - [MESSAGE][PASSED] - Object: 'Object Repository/Page_MyEG Services  PERFORMANCE REP/input (3)' is clicked on

2018-10-19 16:03:23 - [TEST_STEP][PASSED] - takeScreenshot: Taking screenshot successfully

2018-10-19 16:03:24 - [MESSAGE][PASSED] - Taking screenshot successfully
[[ATTACHMENT|C:\\Users\\Owner\\Katalon Studio\\Logistics\\Reports\\PRINT_IMM\\Performance Report\\20181019_160031\\1539936203545.png]]

2018-10-19 16:03:24 - [TEST_STEP][PASSED] - selectOptionByValue: All options with value 'SP' are selected in object 'Object Repository/Page_MyEG Services  PERFORMANCE REP/select_-- Please Select -- (1)'  using regular expression

2018-10-19 16:03:24 - [MESSAGE][PASSED] - All options with value 'SP' are selected in object 'Object Repository/Page_MyEG Services  PERFORMANCE REP/select_-- Please Select -- (1)'  using regular expression

2018-10-19 16:03:24 - [TEST_STEP][PASSED] - click: Object: 'Object Repository/Page_MyEG Services  PERFORMANCE REP/input (3)' is clicked on

2018-10-19 16:03:25 - [MESSAGE][PASSED] - Object: 'Object Repository/Page_MyEG Services  PERFORMANCE REP/input (3)' is clicked on

2018-10-19 16:03:25 - [TEST_STEP][PASSED] - takeScreenshot: Taking screenshot successfully

2018-10-19 16:03:25 - [MESSAGE][PASSED] - Taking screenshot successfully
[[ATTACHMENT|C:\\Users\\Owner\\Katalon Studio\\Logistics\\Reports\\PRINT_IMM\\Performance Report\\20181019_160031\\1539936205239.png]]

2018-10-19 16:03:25 - [TEST_STEP][PASSED] - selectOptionByValue: All options with value 'PT' are selected in object 'Object Repository/Page_MyEG Services  PERFORMANCE REP/select_-- Please Select -- (1)'  using regular expression

2018-10-19 16:03:26 - [MESSAGE][PASSED] - All options with value 'PT' are selected in object 'Object Repository/Page_MyEG Services  PERFORMANCE REP/select_-- Please Select -- (1)'  using regular expression

2018-10-19 16:03:26 - [TEST_STEP][PASSED] - click: Object: 'Object Repository/Page_MyEG Services  PERFORMANCE REP/input (3)' is clicked on

2018-10-19 16:03:26 - [MESSAGE][PASSED] - Object: 'Object Repository/Page_MyEG Services  PERFORMANCE REP/input (3)' is clicked on

2018-10-19 16:03:26 - [TEST_STEP][PASSED] - takeScreenshot: Taking screenshot successfully

2018-10-19 16:03:27 - [MESSAGE][PASSED] - Taking screenshot successfully
[[ATTACHMENT|C:\\Users\\Owner\\Katalon Studio\\Logistics\\Reports\\PRINT_IMM\\Performance Report\\20181019_160031\\1539936206785.png]]

2018-10-19 16:03:27 - [TEST_STEP][PASSED] - selectOptionByValue: All options with value 'PTD' are selected in object 'Object Repository/Page_MyEG Services  PERFORMANCE REP/select_-- Please Select -- (1)'  using regular expression

2018-10-19 16:03:27 - [MESSAGE][PASSED] - All options with value 'PTD' are selected in object 'Object Repository/Page_MyEG Services  PERFORMANCE REP/select_-- Please Select -- (1)'  using regular expression

2018-10-19 16:03:27 - [TEST_STEP][PASSED] - click: Object: 'Object Repository/Page_MyEG Services  PERFORMANCE REP/input (3)' is clicked on

2018-10-19 16:03:28 - [MESSAGE][PASSED] - Object: 'Object Repository/Page_MyEG Services  PERFORMANCE REP/input (3)' is clicked on

2018-10-19 16:03:28 - [TEST_STEP][PASSED] - takeScreenshot: Taking screenshot successfully

2018-10-19 16:03:28 - [MESSAGE][PASSED] - Taking screenshot successfully
[[ATTACHMENT|C:\\Users\\Owner\\Katalon Studio\\Logistics\\Reports\\PRINT_IMM\\Performance Report\\20181019_160031\\1539936208385.png]]

2018-10-19 16:03:28 - [TEST_STEP][PASSED] - selectOptionByValue: All options with value 'LKS' are selected in object 'Object Repository/Page_MyEG Services  PERFORMANCE REP/select_-- Please Select -- (1)'  using regular expression

2018-10-19 16:03:29 - [MESSAGE][PASSED] - All options with value 'LKS' are selected in object 'Object Repository/Page_MyEG Services  PERFORMANCE REP/select_-- Please Select -- (1)'  using regular expression

2018-10-19 16:03:29 - [TEST_STEP][PASSED] - click: Object: 'Object Repository/Page_MyEG Services  PERFORMANCE REP/input (3)' is clicked on

2018-10-19 16:03:29 - [MESSAGE][PASSED] - Object: 'Object Repository/Page_MyEG Services  PERFORMANCE REP/input (3)' is clicked on

2018-10-19 16:03:29 - [TEST_STEP][PASSED] - takeScreenshot: Taking screenshot successfully

2018-10-19 16:03:30 - [MESSAGE][PASSED] - Taking screenshot successfully
[[ATTACHMENT|C:\\Users\\Owner\\Katalon Studio\\Logistics\\Reports\\PRINT_IMM\\Performance Report\\20181019_160031\\1539936209983.png]]

2018-10-19 16:03:30 - [TEST_STEP][PASSED] - selectOptionByValue: All options with value 'JPJ1M' are selected in object 'Object Repository/Page_MyEG Services  PERFORMANCE REP/select_-- Please Select -- (1)'  using regular expression

2018-10-19 16:03:30 - [MESSAGE][PASSED] - All options with value 'JPJ1M' are selected in object 'Object Repository/Page_MyEG Services  PERFORMANCE REP/select_-- Please Select -- (1)'  using regular expression

2018-10-19 16:03:30 - [TEST_STEP][PASSED] - click: Object: 'Object Repository/Page_MyEG Services  PERFORMANCE REP/input (3)' is clicked on

2018-10-19 16:03:31 - [MESSAGE][PASSED] - Object: 'Object Repository/Page_MyEG Services  PERFORMANCE REP/input (3)' is clicked on

2018-10-19 16:03:31 - [TEST_STEP][PASSED] - takeScreenshot: Taking screenshot successfully

2018-10-19 16:03:32 - [MESSAGE][PASSED] - Taking screenshot successfully
[[ATTACHMENT|C:\\Users\\Owner\\Katalon Studio\\Logistics\\Reports\\PRINT_IMM\\Performance Report\\20181019_160031\\1539936211682.png]]

2018-10-19 16:03:32 - [TEST_STEP][PASSED] - selectOptionByValue: All options with value 'IMI1M' are selected in object 'Object Repository/Page_MyEG Services  PERFORMANCE REP/select_-- Please Select -- (1)'  using regular expression

2018-10-19 16:03:32 - [MESSAGE][PASSED] - All options with value 'IMI1M' are selected in object 'Object Repository/Page_MyEG Services  PERFORMANCE REP/select_-- Please Select -- (1)'  using regular expression

2018-10-19 16:03:32 - [TEST_STEP][PASSED] - click: Object: 'Object Repository/Page_MyEG Services  PERFORMANCE REP/input (3)' is clicked on

2018-10-19 16:03:33 - [MESSAGE][PASSED] - Object: 'Object Repository/Page_MyEG Services  PERFORMANCE REP/input (3)' is clicked on

2018-10-19 16:03:33 - [TEST_STEP][PASSED] - takeScreenshot: Taking screenshot successfully

2018-10-19 16:03:33 - [MESSAGE][PASSED] - Taking screenshot successfully
[[ATTACHMENT|C:\\Users\\Owner\\Katalon Studio\\Logistics\\Reports\\PRINT_IMM\\Performance Report\\20181019_160031\\1539936213300.png]]

2018-10-19 16:03:33 - [TEST_STEP][PASSED] - selectOptionByValue: All options with value 'ET' are selected in object 'Object Repository/Page_MyEG Services  PERFORMANCE REP/select_-- Please Select -- (1)'  using regular expression

2018-10-19 16:03:34 - [MESSAGE][PASSED] - All options with value 'ET' are selected in object 'Object Repository/Page_MyEG Services  PERFORMANCE REP/select_-- Please Select -- (1)'  using regular expression

2018-10-19 16:03:34 - [TEST_STEP][PASSED] - click: Object: 'Object Repository/Page_MyEG Services  PERFORMANCE REP/input (3)' is clicked on

2018-10-19 16:03:34 - [MESSAGE][PASSED] - Object: 'Object Repository/Page_MyEG Services  PERFORMANCE REP/input (3)' is clicked on

2018-10-19 16:03:34 - [TEST_STEP][PASSED] - takeScreenshot: Taking screenshot successfully

2018-10-19 16:03:35 - [MESSAGE][PASSED] - Taking screenshot successfully
[[ATTACHMENT|C:\\Users\\Owner\\Katalon Studio\\Logistics\\Reports\\PRINT_IMM\\Performance Report\\20181019_160031\\1539936214894.png]]

2018-10-19 16:03:35 - [TEST_STEP][PASSED] - click: Object: 'Object Repository/Page_MyEG Services  Insert title he/a_Logout' is clicked on

2018-10-19 16:03:35 - [MESSAGE][PASSED] - Object: 'Object Repository/Page_MyEG Services  Insert title he/a_Logout' is clicked on

2018-10-19 16:03:35 - [TEST_STEP][PASSED] - takeScreenshot: Taking screenshot successfully

2018-10-19 16:03:36 - [MESSAGE][PASSED] - Taking screenshot successfully
[[ATTACHMENT|C:\\Users\\Owner\\Katalon Studio\\Logistics\\Reports\\PRINT_IMM\\Performance Report\\20181019_160031\\1539936215678.png]]

2018-10-19 16:03:36 - [TEST_STEP][PASSED] - closeBrowser: Browser is closed

2018-10-19 16:03:36 - [MESSAGE][PASSED] - Browser is closed]]></system-out>
         <system-err><![CDATA[]]></system-err>
      </testcase>
      <system-out><![CDATA[2018-10-19 16:00:33 - [TEST_SUITE][PASSED] - Performance Report: Test Cases/Logistics/Roles/PRINT_IMM/Performance Report]]></system-out>
      <system-err><![CDATA[]]></system-err>
   </testsuite>
</testsuites>
