<?xml version="1.0" encoding="UTF-8"?>
<testsuites name="Performance Report" time="174" tests="1" failures="0" errors="0">
   <testsuite name="Performance Report" tests="1" failures="0" errors="0" time="174" timestamp="2018-10-19 15:15:03" hostname="Owner - L13-IT-KISHORE.myeg.local" id="Test Suites/CSO_ADMIN_PrintIMM/Performance Report">
      <properties>
[...]
</properties>
      <testcase name="Test Cases/Logistics/Roles/CSOADMIN_PrintIMM/Performance Report" classname="Test Cases/Logistics/Roles/CSOADMIN_PrintIMM/Performance Report" status="PASSED">
         <system-out><![CDATA[2018-10-19 15:15:04 - [TEST_CASE][PASSED] - Test Cases/Logistics/Roles/CSOADMIN_PrintIMM/Performance Report: Test Cases/Logistics/Roles/CSOADMIN_PrintIMM/Performance Report

2018-10-19 15:15:05 - [TEST_STEP][PASSED] - openBrowser: Browser is opened with url: ''

2018-10-19 15:15:09 - [MESSAGE][PASSED] - Browser is opened with url: ''

2018-10-19 15:15:09 - [TEST_STEP][PASSED] - maximizeWindow: Current window maximized

2018-10-19 15:15:10 - [MESSAGE][PASSED] - Current window maximized

2018-10-19 15:15:10 - [TEST_STEP][PASSED] - navigateToUrl: Navigate to 'http://uat4.myeg.com.my/logistic/login/' successfully

2018-10-19 15:15:11 - [MESSAGE][PASSED] - Navigate to 'http://uat4.myeg.com.my/logistic/login/' successfully

2018-10-19 15:15:11 - [TEST_STEP][PASSED] - setText: Text 'AGENT' is set on object 'Object Repository/Page_MyEG Services  Logistic Report/input_j_username'

2018-10-19 15:15:11 - [MESSAGE][PASSED] - Text 'AGENT' is set on object 'Object Repository/Page_MyEG Services  Logistic Report/input_j_username'

2018-10-19 15:15:11 - [TEST_STEP][PASSED] - click: Object: 'Object Repository/Page_MyEG Services  Logistic Report/input_submit' is clicked on

2018-10-19 15:15:12 - [MESSAGE][PASSED] - Object: 'Object Repository/Page_MyEG Services  Logistic Report/input_submit' is clicked on

2018-10-19 15:15:12 - [TEST_STEP][PASSED] - takeScreenshot: Taking screenshot successfully

2018-10-19 15:15:12 - [MESSAGE][PASSED] - Taking screenshot successfully
[[ATTACHMENT|C:\\Users\\Owner\\Katalon Studio\\Logistics\\Reports\\CSO_ADMIN_PrintIMM\\Performance Report\\20181019_151501\\1539933312205.png]]

2018-10-19 15:15:12 - [TEST_STEP][PASSED] - setEncryptedText: Text ****** has been set on object 'Object Repository/Page_MyEG Services  Logistic Report/input_j_password'

2018-10-19 15:15:12 - [MESSAGE][PASSED] - Text ****** has been set on object 'Object Repository/Page_MyEG Services  Logistic Report/input_j_password'

2018-10-19 15:15:12 - [TEST_STEP][PASSED] - click: Object: 'Object Repository/Page_MyEG Services  Logistic Report/input_submit' is clicked on

2018-10-19 15:15:13 - [MESSAGE][PASSED] - Object: 'Object Repository/Page_MyEG Services  Logistic Report/input_submit' is clicked on

2018-10-19 15:15:13 - [TEST_STEP][PASSED] - takeScreenshot: Taking screenshot successfully

2018-10-19 15:15:13 - [MESSAGE][PASSED] - Taking screenshot successfully
[[ATTACHMENT|C:\\Users\\Owner\\Katalon Studio\\Logistics\\Reports\\CSO_ADMIN_PrintIMM\\Performance Report\\20181019_151501\\1539933313324.png]]

2018-10-19 15:15:13 - [TEST_STEP][PASSED] - setText: Text 'AGENT1234' is set on object 'Object Repository/Page_MyEG Services  Logistic Report/input_j_username'

2018-10-19 15:15:13 - [MESSAGE][PASSED] - Text 'AGENT1234' is set on object 'Object Repository/Page_MyEG Services  Logistic Report/input_j_username'

2018-10-19 15:15:13 - [TEST_STEP][PASSED] - setEncryptedText: Text ****** has been set on object 'Object Repository/Page_MyEG Services  Logistic Report/input_j_password'

2018-10-19 15:15:14 - [MESSAGE][PASSED] - Text ****** has been set on object 'Object Repository/Page_MyEG Services  Logistic Report/input_j_password'

2018-10-19 15:15:14 - [TEST_STEP][PASSED] - click: Object: 'Object Repository/Page_MyEG Services  Logistic Report/input_submit' is clicked on

2018-10-19 15:15:14 - [MESSAGE][PASSED] - Object: 'Object Repository/Page_MyEG Services  Logistic Report/input_submit' is clicked on

2018-10-19 15:15:14 - [TEST_STEP][PASSED] - takeScreenshot: Taking screenshot successfully

2018-10-19 15:15:14 - [MESSAGE][PASSED] - Taking screenshot successfully
[[ATTACHMENT|C:\\Users\\Owner\\Katalon Studio\\Logistics\\Reports\\CSO_ADMIN_PrintIMM\\Performance Report\\20181019_151501\\1539933314387.png]]

2018-10-19 15:15:14 - [TEST_STEP][PASSED] - setText: Text 'AGENT' is set on object 'Object Repository/Page_MyEG Services  Logistic Report/input_j_username'

2018-10-19 15:15:14 - [MESSAGE][PASSED] - Text 'AGENT' is set on object 'Object Repository/Page_MyEG Services  Logistic Report/input_j_username'

2018-10-19 15:15:14 - [TEST_STEP][PASSED] - setEncryptedText: Text ****** has been set on object 'Object Repository/Page_MyEG Services  Logistic Report/input_j_password'

2018-10-19 15:15:15 - [MESSAGE][PASSED] - Text ****** has been set on object 'Object Repository/Page_MyEG Services  Logistic Report/input_j_password'

2018-10-19 15:15:15 - [TEST_STEP][PASSED] - click: Object: 'Object Repository/Page_MyEG Services  Logistic Report/input_submit' is clicked on

2018-10-19 15:15:16 - [MESSAGE][PASSED] - Object: 'Object Repository/Page_MyEG Services  Logistic Report/input_submit' is clicked on

2018-10-19 15:15:16 - [TEST_STEP][PASSED] - takeScreenshot: Taking screenshot successfully

2018-10-19 15:15:17 - [MESSAGE][PASSED] - Taking screenshot successfully
[[ATTACHMENT|C:\\Users\\Owner\\Katalon Studio\\Logistics\\Reports\\CSO_ADMIN_PrintIMM\\Performance Report\\20181019_151501\\1539933316647.png]]

2018-10-19 15:15:17 - [TEST_STEP][PASSED] - click: Object: 'Object Repository/Page_MyEG Services  List of Tickets/a_Performance Report' is clicked on

2018-10-19 15:15:17 - [MESSAGE][PASSED] - Object: 'Object Repository/Page_MyEG Services  List of Tickets/a_Performance Report' is clicked on

2018-10-19 15:15:17 - [TEST_STEP][PASSED] - takeScreenshot: Taking screenshot successfully

2018-10-19 15:15:17 - [MESSAGE][PASSED] - Taking screenshot successfully
[[ATTACHMENT|C:\\Users\\Owner\\Katalon Studio\\Logistics\\Reports\\CSO_ADMIN_PrintIMM\\Performance Report\\20181019_151501\\1539933317456.png]]

2018-10-19 15:15:17 - [TEST_STEP][PASSED] - click: Object: 'Object Repository/Page_MyEG Services  PERFORMANCE REP/a_LO Performance By Date' is clicked on

2018-10-19 15:15:18 - [MESSAGE][PASSED] - Object: 'Object Repository/Page_MyEG Services  PERFORMANCE REP/a_LO Performance By Date' is clicked on

2018-10-19 15:15:18 - [TEST_STEP][PASSED] - setText: Text '01-Jan-2018' is set on object 'Object Repository/Page_MyEG Services  PERFORMANCE REP/input_dojo.from'

2018-10-19 15:15:18 - [MESSAGE][PASSED] - Text '01-Jan-2018' is set on object 'Object Repository/Page_MyEG Services  PERFORMANCE REP/input_dojo.from'

2018-10-19 15:15:18 - [TEST_STEP][PASSED] - setText: Text '30-Sep-2018' is set on object 'Object Repository/Page_MyEG Services  PERFORMANCE REP/input_dojo.to'

2018-10-19 15:15:18 - [MESSAGE][PASSED] - Text '30-Sep-2018' is set on object 'Object Repository/Page_MyEG Services  PERFORMANCE REP/input_dojo.to'

2018-10-19 15:15:18 - [TEST_STEP][PASSED] - click: Object: 'Object Repository/Page_MyEG Services  PERFORMANCE REP/a_reset' is clicked on

2018-10-19 15:15:18 - [MESSAGE][PASSED] - Object: 'Object Repository/Page_MyEG Services  PERFORMANCE REP/a_reset' is clicked on

2018-10-19 15:15:18 - [TEST_STEP][PASSED] - takeScreenshot: Taking screenshot successfully

2018-10-19 15:15:19 - [MESSAGE][PASSED] - Taking screenshot successfully
[[ATTACHMENT|C:\\Users\\Owner\\Katalon Studio\\Logistics\\Reports\\CSO_ADMIN_PrintIMM\\Performance Report\\20181019_151501\\1539933318739.png]]

2018-10-19 15:15:19 - [TEST_STEP][PASSED] - click: Object: 'Object Repository/Page_MyEG Services  PERFORMANCE REP/input' is clicked on

2018-10-19 15:15:19 - [MESSAGE][PASSED] - Object: 'Object Repository/Page_MyEG Services  PERFORMANCE REP/input' is clicked on

2018-10-19 15:15:19 - [TEST_STEP][PASSED] - takeScreenshot: Taking screenshot successfully

2018-10-19 15:15:19 - [MESSAGE][PASSED] - Taking screenshot successfully
[[ATTACHMENT|C:\\Users\\Owner\\Katalon Studio\\Logistics\\Reports\\CSO_ADMIN_PrintIMM\\Performance Report\\20181019_151501\\1539933319283.png]]

2018-10-19 15:15:19 - [TEST_STEP][PASSED] - setText: Text '01-Jan-2018' is set on object 'Object Repository/Page_MyEG Services  PERFORMANCE REP/input_dojo.from'

2018-10-19 15:15:19 - [MESSAGE][PASSED] - Text '01-Jan-2018' is set on object 'Object Repository/Page_MyEG Services  PERFORMANCE REP/input_dojo.from'

2018-10-19 15:15:19 - [TEST_STEP][PASSED] - setText: Text '30-Sep-2018' is set on object 'Object Repository/Page_MyEG Services  PERFORMANCE REP/input_dojo.to'

2018-10-19 15:15:19 - [MESSAGE][PASSED] - Text '30-Sep-2018' is set on object 'Object Repository/Page_MyEG Services  PERFORMANCE REP/input_dojo.to'

2018-10-19 15:15:19 - [TEST_STEP][PASSED] - selectOptionByValue: All options with value 'LK' are selected in object 'Object Repository/Page_MyEG Services  PERFORMANCE REP/select_-- Please Select --'  using regular expression

2018-10-19 15:15:20 - [MESSAGE][PASSED] - All options with value 'LK' are selected in object 'Object Repository/Page_MyEG Services  PERFORMANCE REP/select_-- Please Select --'  using regular expression

2018-10-19 15:15:20 - [TEST_STEP][PASSED] - click: Object: 'Object Repository/Page_MyEG Services  PERFORMANCE REP/input' is clicked on

2018-10-19 15:15:25 - [MESSAGE][PASSED] - Object: 'Object Repository/Page_MyEG Services  PERFORMANCE REP/input' is clicked on

2018-10-19 15:15:25 - [TEST_STEP][PASSED] - takeScreenshot: Taking screenshot successfully

2018-10-19 15:15:26 - [MESSAGE][PASSED] - Taking screenshot successfully
[[ATTACHMENT|C:\\Users\\Owner\\Katalon Studio\\Logistics\\Reports\\CSO_ADMIN_PrintIMM\\Performance Report\\20181019_151501\\1539933325888.png]]

2018-10-19 15:15:26 - [TEST_STEP][PASSED] - selectOptionByValue: All options with value 'JM' are selected in object 'Object Repository/Page_MyEG Services  PERFORMANCE REP/select_-- Please Select --'  using regular expression

2018-10-19 15:15:26 - [MESSAGE][PASSED] - All options with value 'JM' are selected in object 'Object Repository/Page_MyEG Services  PERFORMANCE REP/select_-- Please Select --'  using regular expression

2018-10-19 15:15:26 - [TEST_STEP][PASSED] - click: Object: 'Object Repository/Page_MyEG Services  PERFORMANCE REP/input' is clicked on

2018-10-19 15:15:30 - [MESSAGE][PASSED] - Object: 'Object Repository/Page_MyEG Services  PERFORMANCE REP/input' is clicked on

2018-10-19 15:15:30 - [TEST_STEP][PASSED] - takeScreenshot: Taking screenshot successfully

2018-10-19 15:15:31 - [MESSAGE][PASSED] - Taking screenshot successfully
[[ATTACHMENT|C:\\Users\\Owner\\Katalon Studio\\Logistics\\Reports\\CSO_ADMIN_PrintIMM\\Performance Report\\20181019_151501\\1539933330730.png]]

2018-10-19 15:15:31 - [TEST_STEP][PASSED] - selectOptionByValue: All options with value 'IM' are selected in object 'Object Repository/Page_MyEG Services  PERFORMANCE REP/select_-- Please Select --'  using regular expression

2018-10-19 15:15:31 - [MESSAGE][PASSED] - All options with value 'IM' are selected in object 'Object Repository/Page_MyEG Services  PERFORMANCE REP/select_-- Please Select --'  using regular expression

2018-10-19 15:15:31 - [TEST_STEP][PASSED] - click: Object: 'Object Repository/Page_MyEG Services  PERFORMANCE REP/input' is clicked on

2018-10-19 15:15:36 - [MESSAGE][PASSED] - Object: 'Object Repository/Page_MyEG Services  PERFORMANCE REP/input' is clicked on

2018-10-19 15:15:36 - [TEST_STEP][PASSED] - takeScreenshot: Taking screenshot successfully

2018-10-19 15:15:37 - [MESSAGE][PASSED] - Taking screenshot successfully
[[ATTACHMENT|C:\\Users\\Owner\\Katalon Studio\\Logistics\\Reports\\CSO_ADMIN_PrintIMM\\Performance Report\\20181019_151501\\1539933336517.png]]

2018-10-19 15:15:37 - [TEST_STEP][PASSED] - selectOptionByValue: All options with value 'MD' are selected in object 'Object Repository/Page_MyEG Services  PERFORMANCE REP/select_-- Please Select --'  using regular expression

2018-10-19 15:15:37 - [MESSAGE][PASSED] - All options with value 'MD' are selected in object 'Object Repository/Page_MyEG Services  PERFORMANCE REP/select_-- Please Select --'  using regular expression

2018-10-19 15:15:37 - [TEST_STEP][PASSED] - click: Object: 'Object Repository/Page_MyEG Services  PERFORMANCE REP/input' is clicked on

2018-10-19 15:15:41 - [MESSAGE][PASSED] - Object: 'Object Repository/Page_MyEG Services  PERFORMANCE REP/input' is clicked on

2018-10-19 15:15:41 - [TEST_STEP][PASSED] - takeScreenshot: Taking screenshot successfully

2018-10-19 15:15:41 - [MESSAGE][PASSED] - Taking screenshot successfully
[[ATTACHMENT|C:\\Users\\Owner\\Katalon Studio\\Logistics\\Reports\\CSO_ADMIN_PrintIMM\\Performance Report\\20181019_151501\\1539933341506.png]]

2018-10-19 15:15:41 - [TEST_STEP][PASSED] - selectOptionByValue: All options with value 'FW' are selected in object 'Object Repository/Page_MyEG Services  PERFORMANCE REP/select_-- Please Select --'  using regular expression

2018-10-19 15:15:42 - [MESSAGE][PASSED] - All options with value 'FW' are selected in object 'Object Repository/Page_MyEG Services  PERFORMANCE REP/select_-- Please Select --'  using regular expression

2018-10-19 15:15:42 - [TEST_STEP][PASSED] - click: Object: 'Object Repository/Page_MyEG Services  PERFORMANCE REP/input' is clicked on

2018-10-19 15:15:46 - [MESSAGE][PASSED] - Object: 'Object Repository/Page_MyEG Services  PERFORMANCE REP/input' is clicked on

2018-10-19 15:15:46 - [TEST_STEP][PASSED] - takeScreenshot: Taking screenshot successfully

2018-10-19 15:15:47 - [MESSAGE][PASSED] - Taking screenshot successfully
[[ATTACHMENT|C:\\Users\\Owner\\Katalon Studio\\Logistics\\Reports\\CSO_ADMIN_PrintIMM\\Performance Report\\20181019_151501\\1539933346815.png]]

2018-10-19 15:15:47 - [TEST_STEP][PASSED] - selectOptionByValue: All options with value 'CL' are selected in object 'Object Repository/Page_MyEG Services  PERFORMANCE REP/select_-- Please Select --'  using regular expression

2018-10-19 15:15:47 - [MESSAGE][PASSED] - All options with value 'CL' are selected in object 'Object Repository/Page_MyEG Services  PERFORMANCE REP/select_-- Please Select --'  using regular expression

2018-10-19 15:15:47 - [TEST_STEP][PASSED] - click: Object: 'Object Repository/Page_MyEG Services  PERFORMANCE REP/input' is clicked on

2018-10-19 15:15:51 - [MESSAGE][PASSED] - Object: 'Object Repository/Page_MyEG Services  PERFORMANCE REP/input' is clicked on

2018-10-19 15:15:51 - [TEST_STEP][PASSED] - takeScreenshot: Taking screenshot successfully

2018-10-19 15:15:52 - [MESSAGE][PASSED] - Taking screenshot successfully
[[ATTACHMENT|C:\\Users\\Owner\\Katalon Studio\\Logistics\\Reports\\CSO_ADMIN_PrintIMM\\Performance Report\\20181019_151501\\1539933352000.png]]

2018-10-19 15:15:52 - [TEST_STEP][PASSED] - selectOptionByValue: All options with value '1M' are selected in object 'Object Repository/Page_MyEG Services  PERFORMANCE REP/select_-- Please Select --'  using regular expression

2018-10-19 15:15:52 - [MESSAGE][PASSED] - All options with value '1M' are selected in object 'Object Repository/Page_MyEG Services  PERFORMANCE REP/select_-- Please Select --'  using regular expression

2018-10-19 15:15:52 - [TEST_STEP][PASSED] - click: Object: 'Object Repository/Page_MyEG Services  PERFORMANCE REP/input' is clicked on

2018-10-19 15:15:57 - [MESSAGE][PASSED] - Object: 'Object Repository/Page_MyEG Services  PERFORMANCE REP/input' is clicked on

2018-10-19 15:15:57 - [TEST_STEP][PASSED] - takeScreenshot: Taking screenshot successfully

2018-10-19 15:15:57 - [MESSAGE][PASSED] - Taking screenshot successfully
[[ATTACHMENT|C:\\Users\\Owner\\Katalon Studio\\Logistics\\Reports\\CSO_ADMIN_PrintIMM\\Performance Report\\20181019_151501\\1539933357006.png]]

2018-10-19 15:15:57 - [TEST_STEP][PASSED] - selectOptionByValue: All options with value 'SP' are selected in object 'Object Repository/Page_MyEG Services  PERFORMANCE REP/select_-- Please Select --'  using regular expression

2018-10-19 15:15:57 - [MESSAGE][PASSED] - All options with value 'SP' are selected in object 'Object Repository/Page_MyEG Services  PERFORMANCE REP/select_-- Please Select --'  using regular expression

2018-10-19 15:15:57 - [TEST_STEP][PASSED] - click: Object: 'Object Repository/Page_MyEG Services  PERFORMANCE REP/input' is clicked on

2018-10-19 15:16:02 - [MESSAGE][PASSED] - Object: 'Object Repository/Page_MyEG Services  PERFORMANCE REP/input' is clicked on

2018-10-19 15:16:02 - [TEST_STEP][PASSED] - takeScreenshot: Taking screenshot successfully

2018-10-19 15:16:02 - [MESSAGE][PASSED] - Taking screenshot successfully
[[ATTACHMENT|C:\\Users\\Owner\\Katalon Studio\\Logistics\\Reports\\CSO_ADMIN_PrintIMM\\Performance Report\\20181019_151501\\1539933362053.png]]

2018-10-19 15:16:02 - [TEST_STEP][PASSED] - selectOptionByValue: All options with value 'PT' are selected in object 'Object Repository/Page_MyEG Services  PERFORMANCE REP/select_-- Please Select --'  using regular expression

2018-10-19 15:16:02 - [MESSAGE][PASSED] - All options with value 'PT' are selected in object 'Object Repository/Page_MyEG Services  PERFORMANCE REP/select_-- Please Select --'  using regular expression

2018-10-19 15:16:02 - [TEST_STEP][PASSED] - click: Object: 'Object Repository/Page_MyEG Services  PERFORMANCE REP/input' is clicked on

2018-10-19 15:16:08 - [MESSAGE][PASSED] - Object: 'Object Repository/Page_MyEG Services  PERFORMANCE REP/input' is clicked on

2018-10-19 15:16:08 - [TEST_STEP][PASSED] - takeScreenshot: Taking screenshot successfully

2018-10-19 15:16:08 - [MESSAGE][PASSED] - Taking screenshot successfully
[[ATTACHMENT|C:\\Users\\Owner\\Katalon Studio\\Logistics\\Reports\\CSO_ADMIN_PrintIMM\\Performance Report\\20181019_151501\\1539933368043.png]]

2018-10-19 15:16:08 - [TEST_STEP][PASSED] - selectOptionByValue: All options with value 'PTD' are selected in object 'Object Repository/Page_MyEG Services  PERFORMANCE REP/select_-- Please Select --'  using regular expression

2018-10-19 15:16:08 - [MESSAGE][PASSED] - All options with value 'PTD' are selected in object 'Object Repository/Page_MyEG Services  PERFORMANCE REP/select_-- Please Select --'  using regular expression

2018-10-19 15:16:08 - [TEST_STEP][PASSED] - click: Object: 'Object Repository/Page_MyEG Services  PERFORMANCE REP/input' is clicked on

2018-10-19 15:16:13 - [MESSAGE][PASSED] - Object: 'Object Repository/Page_MyEG Services  PERFORMANCE REP/input' is clicked on

2018-10-19 15:16:13 - [TEST_STEP][PASSED] - takeScreenshot: Taking screenshot successfully

2018-10-19 15:16:13 - [MESSAGE][PASSED] - Taking screenshot successfully
[[ATTACHMENT|C:\\Users\\Owner\\Katalon Studio\\Logistics\\Reports\\CSO_ADMIN_PrintIMM\\Performance Report\\20181019_151501\\1539933373148.png]]

2018-10-19 15:16:13 - [TEST_STEP][PASSED] - selectOptionByValue: All options with value 'LKS' are selected in object 'Object Repository/Page_MyEG Services  PERFORMANCE REP/select_-- Please Select --'  using regular expression

2018-10-19 15:16:14 - [MESSAGE][PASSED] - All options with value 'LKS' are selected in object 'Object Repository/Page_MyEG Services  PERFORMANCE REP/select_-- Please Select --'  using regular expression

2018-10-19 15:16:14 - [TEST_STEP][PASSED] - click: Object: 'Object Repository/Page_MyEG Services  PERFORMANCE REP/input' is clicked on

2018-10-19 15:16:18 - [MESSAGE][PASSED] - Object: 'Object Repository/Page_MyEG Services  PERFORMANCE REP/input' is clicked on

2018-10-19 15:16:18 - [TEST_STEP][PASSED] - takeScreenshot: Taking screenshot successfully

2018-10-19 15:16:18 - [MESSAGE][PASSED] - Taking screenshot successfully
[[ATTACHMENT|C:\\Users\\Owner\\Katalon Studio\\Logistics\\Reports\\CSO_ADMIN_PrintIMM\\Performance Report\\20181019_151501\\1539933378184.png]]

2018-10-19 15:16:18 - [TEST_STEP][PASSED] - selectOptionByValue: All options with value 'JPJ1M' are selected in object 'Object Repository/Page_MyEG Services  PERFORMANCE REP/select_-- Please Select --'  using regular expression

2018-10-19 15:16:19 - [MESSAGE][PASSED] - All options with value 'JPJ1M' are selected in object 'Object Repository/Page_MyEG Services  PERFORMANCE REP/select_-- Please Select --'  using regular expression

2018-10-19 15:16:19 - [TEST_STEP][PASSED] - click: Object: 'Object Repository/Page_MyEG Services  PERFORMANCE REP/input' is clicked on

2018-10-19 15:16:23 - [MESSAGE][PASSED] - Object: 'Object Repository/Page_MyEG Services  PERFORMANCE REP/input' is clicked on

2018-10-19 15:16:23 - [TEST_STEP][PASSED] - takeScreenshot: Taking screenshot successfully

2018-10-19 15:16:23 - [MESSAGE][PASSED] - Taking screenshot successfully
[[ATTACHMENT|C:\\Users\\Owner\\Katalon Studio\\Logistics\\Reports\\CSO_ADMIN_PrintIMM\\Performance Report\\20181019_151501\\1539933383213.png]]

2018-10-19 15:16:23 - [TEST_STEP][PASSED] - selectOptionByValue: All options with value 'IMI1M' are selected in object 'Object Repository/Page_MyEG Services  PERFORMANCE REP/select_-- Please Select --'  using regular expression

2018-10-19 15:16:24 - [MESSAGE][PASSED] - All options with value 'IMI1M' are selected in object 'Object Repository/Page_MyEG Services  PERFORMANCE REP/select_-- Please Select --'  using regular expression

2018-10-19 15:16:24 - [TEST_STEP][PASSED] - click: Object: 'Object Repository/Page_MyEG Services  PERFORMANCE REP/input' is clicked on

2018-10-19 15:16:28 - [MESSAGE][PASSED] - Object: 'Object Repository/Page_MyEG Services  PERFORMANCE REP/input' is clicked on

2018-10-19 15:16:28 - [TEST_STEP][PASSED] - takeScreenshot: Taking screenshot successfully

2018-10-19 15:16:28 - [MESSAGE][PASSED] - Taking screenshot successfully
[[ATTACHMENT|C:\\Users\\Owner\\Katalon Studio\\Logistics\\Reports\\CSO_ADMIN_PrintIMM\\Performance Report\\20181019_151501\\1539933388250.png]]

2018-10-19 15:16:28 - [TEST_STEP][PASSED] - selectOptionByValue: All options with value 'ET' are selected in object 'Object Repository/Page_MyEG Services  PERFORMANCE REP/select_-- Please Select --'  using regular expression

2018-10-19 15:16:29 - [MESSAGE][PASSED] - All options with value 'ET' are selected in object 'Object Repository/Page_MyEG Services  PERFORMANCE REP/select_-- Please Select --'  using regular expression

2018-10-19 15:16:29 - [TEST_STEP][PASSED] - click: Object: 'Object Repository/Page_MyEG Services  PERFORMANCE REP/input' is clicked on

2018-10-19 15:16:33 - [MESSAGE][PASSED] - Object: 'Object Repository/Page_MyEG Services  PERFORMANCE REP/input' is clicked on

2018-10-19 15:16:33 - [TEST_STEP][PASSED] - takeScreenshot: Taking screenshot successfully

2018-10-19 15:16:33 - [MESSAGE][PASSED] - Taking screenshot successfully
[[ATTACHMENT|C:\\Users\\Owner\\Katalon Studio\\Logistics\\Reports\\CSO_ADMIN_PrintIMM\\Performance Report\\20181019_151501\\1539933393284.png]]

2018-10-19 15:16:33 - [TEST_STEP][PASSED] - click: Object: 'Object Repository/Page_MyEG Services  PERFORMANCE REP/a_Performance Report' is clicked on

2018-10-19 15:16:34 - [MESSAGE][PASSED] - Object: 'Object Repository/Page_MyEG Services  PERFORMANCE REP/a_Performance Report' is clicked on

2018-10-19 15:16:34 - [TEST_STEP][PASSED] - click: Object: 'Object Repository/Page_MyEG Services  PERFORMANCE REP/a_LO Performance By Name' is clicked on

2018-10-19 15:16:34 - [MESSAGE][PASSED] - Object: 'Object Repository/Page_MyEG Services  PERFORMANCE REP/a_LO Performance By Name' is clicked on

2018-10-19 15:16:34 - [TEST_STEP][PASSED] - selectOptionByValue: All options with value '1942' are selected in object 'Object Repository/Page_MyEG Services  PERFORMANCE REP/select_- Select LO Name -    A_1'  using regular expression

2018-10-19 15:17:02 - [MESSAGE][PASSED] - All options with value '1942' are selected in object 'Object Repository/Page_MyEG Services  PERFORMANCE REP/select_- Select LO Name -    A_1'  using regular expression

2018-10-19 15:17:02 - [TEST_STEP][PASSED] - setText: Text '01-Jan-2018' is set on object 'Object Repository/Page_MyEG Services  PERFORMANCE REP/input_dojo.from'

2018-10-19 15:17:02 - [MESSAGE][PASSED] - Text '01-Jan-2018' is set on object 'Object Repository/Page_MyEG Services  PERFORMANCE REP/input_dojo.from'

2018-10-19 15:17:02 - [TEST_STEP][PASSED] - setText: Text '30-Sep-2018' is set on object 'Object Repository/Page_MyEG Services  PERFORMANCE REP/input_dojo.to'

2018-10-19 15:17:03 - [MESSAGE][PASSED] - Text '30-Sep-2018' is set on object 'Object Repository/Page_MyEG Services  PERFORMANCE REP/input_dojo.to'

2018-10-19 15:17:03 - [TEST_STEP][PASSED] - selectOptionByValue: All options with value 'LK' are selected in object 'Object Repository/Page_MyEG Services  PERFORMANCE REP/select_-- Please Select --'  using regular expression

2018-10-19 15:17:03 - [MESSAGE][PASSED] - All options with value 'LK' are selected in object 'Object Repository/Page_MyEG Services  PERFORMANCE REP/select_-- Please Select --'  using regular expression

2018-10-19 15:17:03 - [TEST_STEP][PASSED] - selectOptionByValue: All options with value '1' are selected in object 'Object Repository/Page_MyEG Services  PERFORMANCE REP/select_-- Please Select --    _1'  using regular expression

2018-10-19 15:17:03 - [MESSAGE][PASSED] - All options with value '1' are selected in object 'Object Repository/Page_MyEG Services  PERFORMANCE REP/select_-- Please Select --    _1'  using regular expression

2018-10-19 15:17:03 - [TEST_STEP][PASSED] - click: Object: 'Object Repository/Page_MyEG Services  PERFORMANCE REP/a_reset' is clicked on

2018-10-19 15:17:03 - [MESSAGE][PASSED] - Object: 'Object Repository/Page_MyEG Services  PERFORMANCE REP/a_reset' is clicked on

2018-10-19 15:17:03 - [TEST_STEP][PASSED] - takeScreenshot: Taking screenshot successfully

2018-10-19 15:17:04 - [MESSAGE][PASSED] - Taking screenshot successfully
[[ATTACHMENT|C:\\Users\\Owner\\Katalon Studio\\Logistics\\Reports\\CSO_ADMIN_PrintIMM\\Performance Report\\20181019_151501\\1539933423959.png]]

2018-10-19 15:17:04 - [TEST_STEP][PASSED] - click: Object: 'Object Repository/Page_MyEG Services  PERFORMANCE REP/input' is clicked on

2018-10-19 15:17:04 - [MESSAGE][PASSED] - Object: 'Object Repository/Page_MyEG Services  PERFORMANCE REP/input' is clicked on

2018-10-19 15:17:04 - [TEST_STEP][PASSED] - takeScreenshot: Taking screenshot successfully

2018-10-19 15:17:04 - [MESSAGE][PASSED] - Taking screenshot successfully
[[ATTACHMENT|C:\\Users\\Owner\\Katalon Studio\\Logistics\\Reports\\CSO_ADMIN_PrintIMM\\Performance Report\\20181019_151501\\1539933424468.png]]

2018-10-19 15:17:04 - [TEST_STEP][PASSED] - selectOptionByValue: All options with value '1942' are selected in object 'Object Repository/Page_MyEG Services  PERFORMANCE REP/select_- Select LO Name -    A_1'  using regular expression

2018-10-19 15:17:30 - [MESSAGE][PASSED] - All options with value '1942' are selected in object 'Object Repository/Page_MyEG Services  PERFORMANCE REP/select_- Select LO Name -    A_1'  using regular expression

2018-10-19 15:17:30 - [TEST_STEP][PASSED] - setText: Text '01-Jan-2018' is set on object 'Object Repository/Page_MyEG Services  PERFORMANCE REP/input_dojo.from'

2018-10-19 15:17:31 - [MESSAGE][PASSED] - Text '01-Jan-2018' is set on object 'Object Repository/Page_MyEG Services  PERFORMANCE REP/input_dojo.from'

2018-10-19 15:17:31 - [TEST_STEP][PASSED] - setText: Text '30-Sep-2018' is set on object 'Object Repository/Page_MyEG Services  PERFORMANCE REP/input_dojo.to'

2018-10-19 15:17:32 - [MESSAGE][PASSED] - Text '30-Sep-2018' is set on object 'Object Repository/Page_MyEG Services  PERFORMANCE REP/input_dojo.to'

2018-10-19 15:17:32 - [TEST_STEP][PASSED] - selectOptionByValue: All options with value '1' are selected in object 'Object Repository/Page_MyEG Services  PERFORMANCE REP/select_-- Please Select --    _1'  using regular expression

2018-10-19 15:17:33 - [MESSAGE][PASSED] - All options with value '1' are selected in object 'Object Repository/Page_MyEG Services  PERFORMANCE REP/select_-- Please Select --    _1'  using regular expression

2018-10-19 15:17:33 - [TEST_STEP][PASSED] - selectOptionByValue: All options with value 'LK' are selected in object 'Object Repository/Page_MyEG Services  PERFORMANCE REP/select_-- Please Select --'  using regular expression

2018-10-19 15:17:33 - [MESSAGE][PASSED] - All options with value 'LK' are selected in object 'Object Repository/Page_MyEG Services  PERFORMANCE REP/select_-- Please Select --'  using regular expression

2018-10-19 15:17:33 - [TEST_STEP][PASSED] - click: Object: 'Object Repository/Page_MyEG Services  PERFORMANCE REP/input' is clicked on

2018-10-19 15:17:35 - [MESSAGE][PASSED] - Object: 'Object Repository/Page_MyEG Services  PERFORMANCE REP/input' is clicked on

2018-10-19 15:17:35 - [TEST_STEP][PASSED] - takeScreenshot: Taking screenshot successfully

2018-10-19 15:17:35 - [MESSAGE][PASSED] - Taking screenshot successfully
[[ATTACHMENT|C:\\Users\\Owner\\Katalon Studio\\Logistics\\Reports\\CSO_ADMIN_PrintIMM\\Performance Report\\20181019_151501\\1539933455270.png]]

2018-10-19 15:17:35 - [TEST_STEP][PASSED] - selectOptionByValue: All options with value 'JM' are selected in object 'Object Repository/Page_MyEG Services  PERFORMANCE REP/select_-- Please Select --'  using regular expression

2018-10-19 15:17:36 - [MESSAGE][PASSED] - All options with value 'JM' are selected in object 'Object Repository/Page_MyEG Services  PERFORMANCE REP/select_-- Please Select --'  using regular expression

2018-10-19 15:17:36 - [TEST_STEP][PASSED] - click: Object: 'Object Repository/Page_MyEG Services  PERFORMANCE REP/input' is clicked on

2018-10-19 15:17:36 - [MESSAGE][PASSED] - Object: 'Object Repository/Page_MyEG Services  PERFORMANCE REP/input' is clicked on

2018-10-19 15:17:36 - [TEST_STEP][PASSED] - takeScreenshot: Taking screenshot successfully

2018-10-19 15:17:37 - [MESSAGE][PASSED] - Taking screenshot successfully
[[ATTACHMENT|C:\\Users\\Owner\\Katalon Studio\\Logistics\\Reports\\CSO_ADMIN_PrintIMM\\Performance Report\\20181019_151501\\1539933456789.png]]

2018-10-19 15:17:37 - [TEST_STEP][PASSED] - selectOptionByValue: All options with value 'IM' are selected in object 'Object Repository/Page_MyEG Services  PERFORMANCE REP/select_-- Please Select --'  using regular expression

2018-10-19 15:17:37 - [MESSAGE][PASSED] - All options with value 'IM' are selected in object 'Object Repository/Page_MyEG Services  PERFORMANCE REP/select_-- Please Select --'  using regular expression

2018-10-19 15:17:37 - [TEST_STEP][PASSED] - click: Object: 'Object Repository/Page_MyEG Services  PERFORMANCE REP/input' is clicked on

2018-10-19 15:17:38 - [MESSAGE][PASSED] - Object: 'Object Repository/Page_MyEG Services  PERFORMANCE REP/input' is clicked on

2018-10-19 15:17:38 - [TEST_STEP][PASSED] - takeScreenshot: Taking screenshot successfully

2018-10-19 15:17:39 - [MESSAGE][PASSED] - Taking screenshot successfully
[[ATTACHMENT|C:\\Users\\Owner\\Katalon Studio\\Logistics\\Reports\\CSO_ADMIN_PrintIMM\\Performance Report\\20181019_151501\\1539933458768.png]]

2018-10-19 15:17:39 - [TEST_STEP][PASSED] - selectOptionByValue: All options with value 'MD' are selected in object 'Object Repository/Page_MyEG Services  PERFORMANCE REP/select_-- Please Select --'  using regular expression

2018-10-19 15:17:39 - [MESSAGE][PASSED] - All options with value 'MD' are selected in object 'Object Repository/Page_MyEG Services  PERFORMANCE REP/select_-- Please Select --'  using regular expression

2018-10-19 15:17:39 - [TEST_STEP][PASSED] - click: Object: 'Object Repository/Page_MyEG Services  PERFORMANCE REP/input' is clicked on

2018-10-19 15:17:40 - [MESSAGE][PASSED] - Object: 'Object Repository/Page_MyEG Services  PERFORMANCE REP/input' is clicked on

2018-10-19 15:17:40 - [TEST_STEP][PASSED] - takeScreenshot: Taking screenshot successfully

2018-10-19 15:17:40 - [MESSAGE][PASSED] - Taking screenshot successfully
[[ATTACHMENT|C:\\Users\\Owner\\Katalon Studio\\Logistics\\Reports\\CSO_ADMIN_PrintIMM\\Performance Report\\20181019_151501\\1539933460312.png]]

2018-10-19 15:17:40 - [TEST_STEP][PASSED] - selectOptionByValue: All options with value 'FW' are selected in object 'Object Repository/Page_MyEG Services  PERFORMANCE REP/select_-- Please Select --'  using regular expression

2018-10-19 15:17:41 - [MESSAGE][PASSED] - All options with value 'FW' are selected in object 'Object Repository/Page_MyEG Services  PERFORMANCE REP/select_-- Please Select --'  using regular expression

2018-10-19 15:17:41 - [TEST_STEP][PASSED] - click: Object: 'Object Repository/Page_MyEG Services  PERFORMANCE REP/input' is clicked on

2018-10-19 15:17:41 - [MESSAGE][PASSED] - Object: 'Object Repository/Page_MyEG Services  PERFORMANCE REP/input' is clicked on

2018-10-19 15:17:41 - [TEST_STEP][PASSED] - takeScreenshot: Taking screenshot successfully

2018-10-19 15:17:42 - [MESSAGE][PASSED] - Taking screenshot successfully
[[ATTACHMENT|C:\\Users\\Owner\\Katalon Studio\\Logistics\\Reports\\CSO_ADMIN_PrintIMM\\Performance Report\\20181019_151501\\1539933461912.png]]

2018-10-19 15:17:42 - [TEST_STEP][PASSED] - selectOptionByValue: All options with value 'CL' are selected in object 'Object Repository/Page_MyEG Services  PERFORMANCE REP/select_-- Please Select --'  using regular expression

2018-10-19 15:17:42 - [MESSAGE][PASSED] - All options with value 'CL' are selected in object 'Object Repository/Page_MyEG Services  PERFORMANCE REP/select_-- Please Select --'  using regular expression

2018-10-19 15:17:42 - [TEST_STEP][PASSED] - click: Object: 'Object Repository/Page_MyEG Services  PERFORMANCE REP/input' is clicked on

2018-10-19 15:17:43 - [MESSAGE][PASSED] - Object: 'Object Repository/Page_MyEG Services  PERFORMANCE REP/input' is clicked on

2018-10-19 15:17:43 - [TEST_STEP][PASSED] - takeScreenshot: Taking screenshot successfully

2018-10-19 15:17:44 - [MESSAGE][PASSED] - Taking screenshot successfully
[[ATTACHMENT|C:\\Users\\Owner\\Katalon Studio\\Logistics\\Reports\\CSO_ADMIN_PrintIMM\\Performance Report\\20181019_151501\\1539933463578.png]]

2018-10-19 15:17:44 - [TEST_STEP][PASSED] - selectOptionByValue: All options with value '1M' are selected in object 'Object Repository/Page_MyEG Services  PERFORMANCE REP/select_-- Please Select --'  using regular expression

2018-10-19 15:17:44 - [MESSAGE][PASSED] - All options with value '1M' are selected in object 'Object Repository/Page_MyEG Services  PERFORMANCE REP/select_-- Please Select --'  using regular expression

2018-10-19 15:17:44 - [TEST_STEP][PASSED] - click: Object: 'Object Repository/Page_MyEG Services  PERFORMANCE REP/input' is clicked on

2018-10-19 15:17:45 - [MESSAGE][PASSED] - Object: 'Object Repository/Page_MyEG Services  PERFORMANCE REP/input' is clicked on

2018-10-19 15:17:45 - [TEST_STEP][PASSED] - takeScreenshot: Taking screenshot successfully

2018-10-19 15:17:45 - [MESSAGE][PASSED] - Taking screenshot successfully
[[ATTACHMENT|C:\\Users\\Owner\\Katalon Studio\\Logistics\\Reports\\CSO_ADMIN_PrintIMM\\Performance Report\\20181019_151501\\1539933465150.png]]

2018-10-19 15:17:45 - [TEST_STEP][PASSED] - selectOptionByValue: All options with value 'SP' are selected in object 'Object Repository/Page_MyEG Services  PERFORMANCE REP/select_-- Please Select --'  using regular expression

2018-10-19 15:17:46 - [MESSAGE][PASSED] - All options with value 'SP' are selected in object 'Object Repository/Page_MyEG Services  PERFORMANCE REP/select_-- Please Select --'  using regular expression

2018-10-19 15:17:46 - [TEST_STEP][PASSED] - click: Object: 'Object Repository/Page_MyEG Services  PERFORMANCE REP/input' is clicked on

2018-10-19 15:17:46 - [MESSAGE][PASSED] - Object: 'Object Repository/Page_MyEG Services  PERFORMANCE REP/input' is clicked on

2018-10-19 15:17:46 - [TEST_STEP][PASSED] - takeScreenshot: Taking screenshot successfully

2018-10-19 15:17:47 - [MESSAGE][PASSED] - Taking screenshot successfully
[[ATTACHMENT|C:\\Users\\Owner\\Katalon Studio\\Logistics\\Reports\\CSO_ADMIN_PrintIMM\\Performance Report\\20181019_151501\\1539933466805.png]]

2018-10-19 15:17:47 - [TEST_STEP][PASSED] - selectOptionByValue: All options with value 'PT' are selected in object 'Object Repository/Page_MyEG Services  PERFORMANCE REP/select_-- Please Select --'  using regular expression

2018-10-19 15:17:47 - [MESSAGE][PASSED] - All options with value 'PT' are selected in object 'Object Repository/Page_MyEG Services  PERFORMANCE REP/select_-- Please Select --'  using regular expression

2018-10-19 15:17:47 - [TEST_STEP][PASSED] - click: Object: 'Object Repository/Page_MyEG Services  PERFORMANCE REP/input' is clicked on

2018-10-19 15:17:48 - [MESSAGE][PASSED] - Object: 'Object Repository/Page_MyEG Services  PERFORMANCE REP/input' is clicked on

2018-10-19 15:17:48 - [TEST_STEP][PASSED] - takeScreenshot: Taking screenshot successfully

2018-10-19 15:17:48 - [MESSAGE][PASSED] - Taking screenshot successfully
[[ATTACHMENT|C:\\Users\\Owner\\Katalon Studio\\Logistics\\Reports\\CSO_ADMIN_PrintIMM\\Performance Report\\20181019_151501\\1539933468469.png]]

2018-10-19 15:17:48 - [TEST_STEP][PASSED] - selectOptionByValue: All options with value 'PTD' are selected in object 'Object Repository/Page_MyEG Services  PERFORMANCE REP/select_-- Please Select --'  using regular expression

2018-10-19 15:17:49 - [MESSAGE][PASSED] - All options with value 'PTD' are selected in object 'Object Repository/Page_MyEG Services  PERFORMANCE REP/select_-- Please Select --'  using regular expression

2018-10-19 15:17:49 - [TEST_STEP][PASSED] - click: Object: 'Object Repository/Page_MyEG Services  PERFORMANCE REP/input' is clicked on

2018-10-19 15:17:50 - [MESSAGE][PASSED] - Object: 'Object Repository/Page_MyEG Services  PERFORMANCE REP/input' is clicked on

2018-10-19 15:17:50 - [TEST_STEP][PASSED] - takeScreenshot: Taking screenshot successfully

2018-10-19 15:17:50 - [MESSAGE][PASSED] - Taking screenshot successfully
[[ATTACHMENT|C:\\Users\\Owner\\Katalon Studio\\Logistics\\Reports\\CSO_ADMIN_PrintIMM\\Performance Report\\20181019_151501\\1539933470330.png]]

2018-10-19 15:17:50 - [TEST_STEP][PASSED] - selectOptionByValue: All options with value 'LKS' are selected in object 'Object Repository/Page_MyEG Services  PERFORMANCE REP/select_-- Please Select --'  using regular expression

2018-10-19 15:17:51 - [MESSAGE][PASSED] - All options with value 'LKS' are selected in object 'Object Repository/Page_MyEG Services  PERFORMANCE REP/select_-- Please Select --'  using regular expression

2018-10-19 15:17:51 - [TEST_STEP][PASSED] - click: Object: 'Object Repository/Page_MyEG Services  PERFORMANCE REP/input' is clicked on

2018-10-19 15:17:51 - [MESSAGE][PASSED] - Object: 'Object Repository/Page_MyEG Services  PERFORMANCE REP/input' is clicked on

2018-10-19 15:17:51 - [TEST_STEP][PASSED] - takeScreenshot: Taking screenshot successfully

2018-10-19 15:17:52 - [MESSAGE][PASSED] - Taking screenshot successfully
[[ATTACHMENT|C:\\Users\\Owner\\Katalon Studio\\Logistics\\Reports\\CSO_ADMIN_PrintIMM\\Performance Report\\20181019_151501\\1539933471945.png]]

2018-10-19 15:17:52 - [TEST_STEP][PASSED] - selectOptionByValue: All options with value 'JPJ1M' are selected in object 'Object Repository/Page_MyEG Services  PERFORMANCE REP/select_-- Please Select --'  using regular expression

2018-10-19 15:17:52 - [MESSAGE][PASSED] - All options with value 'JPJ1M' are selected in object 'Object Repository/Page_MyEG Services  PERFORMANCE REP/select_-- Please Select --'  using regular expression

2018-10-19 15:17:52 - [TEST_STEP][PASSED] - click: Object: 'Object Repository/Page_MyEG Services  PERFORMANCE REP/input' is clicked on

2018-10-19 15:17:53 - [MESSAGE][PASSED] - Object: 'Object Repository/Page_MyEG Services  PERFORMANCE REP/input' is clicked on

2018-10-19 15:17:53 - [TEST_STEP][PASSED] - takeScreenshot: Taking screenshot successfully

2018-10-19 15:17:53 - [MESSAGE][PASSED] - Taking screenshot successfully
[[ATTACHMENT|C:\\Users\\Owner\\Katalon Studio\\Logistics\\Reports\\CSO_ADMIN_PrintIMM\\Performance Report\\20181019_151501\\1539933473412.png]]

2018-10-19 15:17:53 - [TEST_STEP][PASSED] - selectOptionByValue: All options with value 'IMI1M' are selected in object 'Object Repository/Page_MyEG Services  PERFORMANCE REP/select_-- Please Select --'  using regular expression

2018-10-19 15:17:54 - [MESSAGE][PASSED] - All options with value 'IMI1M' are selected in object 'Object Repository/Page_MyEG Services  PERFORMANCE REP/select_-- Please Select --'  using regular expression

2018-10-19 15:17:54 - [TEST_STEP][PASSED] - click: Object: 'Object Repository/Page_MyEG Services  PERFORMANCE REP/input' is clicked on

2018-10-19 15:17:55 - [MESSAGE][PASSED] - Object: 'Object Repository/Page_MyEG Services  PERFORMANCE REP/input' is clicked on

2018-10-19 15:17:55 - [TEST_STEP][PASSED] - takeScreenshot: Taking screenshot successfully

2018-10-19 15:17:55 - [MESSAGE][PASSED] - Taking screenshot successfully
[[ATTACHMENT|C:\\Users\\Owner\\Katalon Studio\\Logistics\\Reports\\CSO_ADMIN_PrintIMM\\Performance Report\\20181019_151501\\1539933475068.png]]

2018-10-19 15:17:55 - [TEST_STEP][PASSED] - selectOptionByValue: All options with value 'ET' are selected in object 'Object Repository/Page_MyEG Services  PERFORMANCE REP/select_-- Please Select --'  using regular expression

2018-10-19 15:17:55 - [MESSAGE][PASSED] - All options with value 'ET' are selected in object 'Object Repository/Page_MyEG Services  PERFORMANCE REP/select_-- Please Select --'  using regular expression

2018-10-19 15:17:55 - [TEST_STEP][PASSED] - click: Object: 'Object Repository/Page_MyEG Services  PERFORMANCE REP/input' is clicked on

2018-10-19 15:17:56 - [MESSAGE][PASSED] - Object: 'Object Repository/Page_MyEG Services  PERFORMANCE REP/input' is clicked on

2018-10-19 15:17:56 - [TEST_STEP][PASSED] - takeScreenshot: Taking screenshot successfully

2018-10-19 15:17:57 - [MESSAGE][PASSED] - Taking screenshot successfully
[[ATTACHMENT|C:\\Users\\Owner\\Katalon Studio\\Logistics\\Reports\\CSO_ADMIN_PrintIMM\\Performance Report\\20181019_151501\\1539933476637.png]]

2018-10-19 15:17:57 - [TEST_STEP][PASSED] - click: Object: 'Object Repository/Page_MyEG Services  Insert title he/a_Logout' is clicked on

2018-10-19 15:17:57 - [MESSAGE][PASSED] - Object: 'Object Repository/Page_MyEG Services  Insert title he/a_Logout' is clicked on

2018-10-19 15:17:57 - [TEST_STEP][PASSED] - takeScreenshot: Taking screenshot successfully

2018-10-19 15:17:57 - [MESSAGE][PASSED] - Taking screenshot successfully
[[ATTACHMENT|C:\\Users\\Owner\\Katalon Studio\\Logistics\\Reports\\CSO_ADMIN_PrintIMM\\Performance Report\\20181019_151501\\1539933477437.png]]

2018-10-19 15:17:57 - [TEST_STEP][PASSED] - closeBrowser: Browser is closed

2018-10-19 15:17:58 - [MESSAGE][PASSED] - Browser is closed]]></system-out>
         <system-err><![CDATA[]]></system-err>
      </testcase>
      <system-out><![CDATA[2018-10-19 15:15:03 - [TEST_SUITE][PASSED] - Performance Report: Test Cases/Logistics/Roles/CSOADMIN_PrintIMM/Performance Report]]></system-out>
      <system-err><![CDATA[]]></system-err>
   </testsuite>
</testsuites>
