<?xml version="1.0" encoding="UTF-8"?>
<testsuites name="Delivery Report" time="85" tests="1" failures="0" errors="0">
   <testsuite name="Delivery Report" tests="1" failures="0" errors="0" time="85" timestamp="2018-10-19 15:34:52" hostname="Owner - L13-IT-KISHORE.myeg.local" id="Test Suites/CSO_LEAD/Delivery Report">
      <properties>
[...]
</properties>
      <testcase name="Test Cases/Logistics/Roles/CSO_LEAD/Delivery Report" classname="Test Cases/Logistics/Roles/CSO_LEAD/Delivery Report" status="PASSED">
         <system-out><![CDATA[2018-10-19 15:34:52 - [TEST_CASE][PASSED] - Test Cases/Logistics/Roles/CSO_LEAD/Delivery Report: Test Cases/Logistics/Roles/CSO_LEAD/Delivery Report

2018-10-19 15:34:53 - [TEST_STEP][PASSED] - openBrowser: Browser is opened with url: ''

2018-10-19 15:34:57 - [MESSAGE][PASSED] - Browser is opened with url: ''

2018-10-19 15:34:57 - [TEST_STEP][PASSED] - maximizeWindow: Current window maximized

2018-10-19 15:34:58 - [MESSAGE][PASSED] - Current window maximized

2018-10-19 15:34:58 - [TEST_STEP][PASSED] - navigateToUrl: Navigate to 'http://uat4.myeg.com.my/logistic/login/' successfully

2018-10-19 15:34:59 - [MESSAGE][PASSED] - Navigate to 'http://uat4.myeg.com.my/logistic/login/' successfully

2018-10-19 15:34:59 - [TEST_STEP][PASSED] - setText: Text 'NISH1931' is set on object 'Object Repository/Page_MyEG Services  Logistic Report/input_j_username'

2018-10-19 15:35:00 - [MESSAGE][PASSED] - Text 'NISH1931' is set on object 'Object Repository/Page_MyEG Services  Logistic Report/input_j_username'

2018-10-19 15:35:00 - [TEST_STEP][PASSED] - click: Object: 'Object Repository/Page_MyEG Services  Logistic Report/input_submit' is clicked on

2018-10-19 15:35:00 - [MESSAGE][PASSED] - Object: 'Object Repository/Page_MyEG Services  Logistic Report/input_submit' is clicked on

2018-10-19 15:35:00 - [TEST_STEP][PASSED] - takeScreenshot: Taking screenshot successfully

2018-10-19 15:35:00 - [MESSAGE][PASSED] - Taking screenshot successfully
[[ATTACHMENT|C:\\Users\\Owner\\Katalon Studio\\Logistics\\Reports\\CSO_LEAD\\Delivery Report\\20181019_153450\\1539934500555.png]]

2018-10-19 15:35:00 - [TEST_STEP][PASSED] - setEncryptedText: Text ****** has been set on object 'Object Repository/Page_MyEG Services  Logistic Report/input_j_password'

2018-10-19 15:35:01 - [MESSAGE][PASSED] - Text ****** has been set on object 'Object Repository/Page_MyEG Services  Logistic Report/input_j_password'

2018-10-19 15:35:01 - [TEST_STEP][PASSED] - click: Object: 'Object Repository/Page_MyEG Services  Logistic Report/input_submit' is clicked on

2018-10-19 15:35:01 - [MESSAGE][PASSED] - Object: 'Object Repository/Page_MyEG Services  Logistic Report/input_submit' is clicked on

2018-10-19 15:35:01 - [TEST_STEP][PASSED] - takeScreenshot: Taking screenshot successfully

2018-10-19 15:35:02 - [MESSAGE][PASSED] - Taking screenshot successfully
[[ATTACHMENT|C:\\Users\\Owner\\Katalon Studio\\Logistics\\Reports\\CSO_LEAD\\Delivery Report\\20181019_153450\\1539934501629.png]]

2018-10-19 15:35:02 - [TEST_STEP][PASSED] - setText: Text 'NISH1933' is set on object 'Object Repository/Page_MyEG Services  Logistic Report/input_j_username'

2018-10-19 15:35:02 - [MESSAGE][PASSED] - Text 'NISH1933' is set on object 'Object Repository/Page_MyEG Services  Logistic Report/input_j_username'

2018-10-19 15:35:02 - [TEST_STEP][PASSED] - setEncryptedText: Text ****** has been set on object 'Object Repository/Page_MyEG Services  Logistic Report/input_j_password'

2018-10-19 15:35:02 - [MESSAGE][PASSED] - Text ****** has been set on object 'Object Repository/Page_MyEG Services  Logistic Report/input_j_password'

2018-10-19 15:35:02 - [TEST_STEP][PASSED] - click: Object: 'Object Repository/Page_MyEG Services  Logistic Report/input_submit' is clicked on

2018-10-19 15:35:02 - [MESSAGE][PASSED] - Object: 'Object Repository/Page_MyEG Services  Logistic Report/input_submit' is clicked on

2018-10-19 15:35:02 - [TEST_STEP][PASSED] - takeScreenshot: Taking screenshot successfully

2018-10-19 15:35:03 - [MESSAGE][PASSED] - Taking screenshot successfully
[[ATTACHMENT|C:\\Users\\Owner\\Katalon Studio\\Logistics\\Reports\\CSO_LEAD\\Delivery Report\\20181019_153450\\1539934502649.png]]

2018-10-19 15:35:03 - [TEST_STEP][PASSED] - setText: Text 'NISH1931' is set on object 'Object Repository/Page_MyEG Services  Logistic Report/input_j_username'

2018-10-19 15:35:03 - [MESSAGE][PASSED] - Text 'NISH1931' is set on object 'Object Repository/Page_MyEG Services  Logistic Report/input_j_username'

2018-10-19 15:35:03 - [TEST_STEP][PASSED] - setEncryptedText: Text ****** has been set on object 'Object Repository/Page_MyEG Services  Logistic Report/input_j_password'

2018-10-19 15:35:03 - [MESSAGE][PASSED] - Text ****** has been set on object 'Object Repository/Page_MyEG Services  Logistic Report/input_j_password'

2018-10-19 15:35:03 - [TEST_STEP][PASSED] - click: Object: 'Object Repository/Page_MyEG Services  Logistic Report/input_submit' is clicked on

2018-10-19 15:35:04 - [MESSAGE][PASSED] - Object: 'Object Repository/Page_MyEG Services  Logistic Report/input_submit' is clicked on

2018-10-19 15:35:04 - [TEST_STEP][PASSED] - takeScreenshot: Taking screenshot successfully

2018-10-19 15:35:04 - [MESSAGE][PASSED] - Taking screenshot successfully
[[ATTACHMENT|C:\\Users\\Owner\\Katalon Studio\\Logistics\\Reports\\CSO_LEAD\\Delivery Report\\20181019_153450\\1539934504438.png]]

2018-10-19 15:35:04 - [TEST_STEP][PASSED] - click: Object: 'Object Repository/Page_MyEG Services  List of Tickets/a_Delivery Report' is clicked on

2018-10-19 15:35:05 - [MESSAGE][PASSED] - Object: 'Object Repository/Page_MyEG Services  List of Tickets/a_Delivery Report' is clicked on

2018-10-19 15:35:05 - [TEST_STEP][PASSED] - takeScreenshot: Taking screenshot successfully

2018-10-19 15:35:05 - [MESSAGE][PASSED] - Taking screenshot successfully
[[ATTACHMENT|C:\\Users\\Owner\\Katalon Studio\\Logistics\\Reports\\CSO_LEAD\\Delivery Report\\20181019_153450\\1539934505273.png]]

2018-10-19 15:35:05 - [TEST_STEP][PASSED] - click: Object: 'Object Repository/Page_MyEG Services  PERFORMANCE REP/a_LO Delivery Report By Date' is clicked on

2018-10-19 15:35:06 - [MESSAGE][PASSED] - Object: 'Object Repository/Page_MyEG Services  PERFORMANCE REP/a_LO Delivery Report By Date' is clicked on

2018-10-19 15:35:06 - [TEST_STEP][PASSED] - setText: Text '01-Jan-2018' is set on object 'Object Repository/Page_MyEG Services  DELIVERY REPORT/input_dojo.from'

2018-10-19 15:35:06 - [MESSAGE][PASSED] - Text '01-Jan-2018' is set on object 'Object Repository/Page_MyEG Services  DELIVERY REPORT/input_dojo.from'

2018-10-19 15:35:06 - [TEST_STEP][PASSED] - setText: Text '30-Sep-2018' is set on object 'Object Repository/Page_MyEG Services  DELIVERY REPORT/input_dojo.to'

2018-10-19 15:35:06 - [MESSAGE][PASSED] - Text '30-Sep-2018' is set on object 'Object Repository/Page_MyEG Services  DELIVERY REPORT/input_dojo.to'

2018-10-19 15:35:06 - [TEST_STEP][PASSED] - selectOptionByValue: All options with value 'LK' are selected in object 'Object Repository/Page_MyEG Services  DELIVERY REPORT/select_-- Please Select --'  using regular expression

2018-10-19 15:35:06 - [MESSAGE][PASSED] - All options with value 'LK' are selected in object 'Object Repository/Page_MyEG Services  DELIVERY REPORT/select_-- Please Select --'  using regular expression

2018-10-19 15:35:06 - [TEST_STEP][PASSED] - takeScreenshot: Taking screenshot successfully

2018-10-19 15:35:07 - [MESSAGE][PASSED] - Taking screenshot successfully
[[ATTACHMENT|C:\\Users\\Owner\\Katalon Studio\\Logistics\\Reports\\CSO_LEAD\\Delivery Report\\20181019_153450\\1539934506859.png]]

2018-10-19 15:35:07 - [TEST_STEP][PASSED] - click: Object: 'Object Repository/Page_MyEG Services  DELIVERY REPORT/a_reset' is clicked on

2018-10-19 15:35:07 - [MESSAGE][PASSED] - Object: 'Object Repository/Page_MyEG Services  DELIVERY REPORT/a_reset' is clicked on

2018-10-19 15:35:07 - [TEST_STEP][PASSED] - takeScreenshot: Taking screenshot successfully

2018-10-19 15:35:07 - [MESSAGE][PASSED] - Taking screenshot successfully
[[ATTACHMENT|C:\\Users\\Owner\\Katalon Studio\\Logistics\\Reports\\CSO_LEAD\\Delivery Report\\20181019_153450\\1539934507388.png]]

2018-10-19 15:35:07 - [TEST_STEP][PASSED] - click: Object: 'Object Repository/Page_MyEG Services  DELIVERY REPORT/input' is clicked on

2018-10-19 15:35:07 - [MESSAGE][PASSED] - Object: 'Object Repository/Page_MyEG Services  DELIVERY REPORT/input' is clicked on

2018-10-19 15:35:07 - [TEST_STEP][PASSED] - takeScreenshot: Taking screenshot successfully

2018-10-19 15:35:08 - [MESSAGE][PASSED] - Taking screenshot successfully
[[ATTACHMENT|C:\\Users\\Owner\\Katalon Studio\\Logistics\\Reports\\CSO_LEAD\\Delivery Report\\20181019_153450\\1539934507895.png]]

2018-10-19 15:35:08 - [TEST_STEP][PASSED] - setText: Text '01-Jan-2018' is set on object 'Object Repository/Page_MyEG Services  DELIVERY REPORT/input_dojo.from'

2018-10-19 15:35:08 - [MESSAGE][PASSED] - Text '01-Jan-2018' is set on object 'Object Repository/Page_MyEG Services  DELIVERY REPORT/input_dojo.from'

2018-10-19 15:35:08 - [TEST_STEP][PASSED] - setText: Text '30-Sep-2018' is set on object 'Object Repository/Page_MyEG Services  DELIVERY REPORT/input_dojo.to'

2018-10-19 15:35:08 - [MESSAGE][PASSED] - Text '30-Sep-2018' is set on object 'Object Repository/Page_MyEG Services  DELIVERY REPORT/input_dojo.to'

2018-10-19 15:35:08 - [TEST_STEP][PASSED] - selectOptionByValue: All options with value 'LK' are selected in object 'Object Repository/Page_MyEG Services  DELIVERY REPORT/select_-- Please Select --'  using regular expression

2018-10-19 15:35:08 - [MESSAGE][PASSED] - All options with value 'LK' are selected in object 'Object Repository/Page_MyEG Services  DELIVERY REPORT/select_-- Please Select --'  using regular expression

2018-10-19 15:35:08 - [TEST_STEP][PASSED] - click: Object: 'Object Repository/Page_MyEG Services  DELIVERY REPORT/input' is clicked on

2018-10-19 15:35:09 - [MESSAGE][PASSED] - Object: 'Object Repository/Page_MyEG Services  DELIVERY REPORT/input' is clicked on

2018-10-19 15:35:09 - [TEST_STEP][PASSED] - takeScreenshot: Taking screenshot successfully

2018-10-19 15:35:09 - [MESSAGE][PASSED] - Taking screenshot successfully
[[ATTACHMENT|C:\\Users\\Owner\\Katalon Studio\\Logistics\\Reports\\CSO_LEAD\\Delivery Report\\20181019_153450\\1539934509473.png]]

2018-10-19 15:35:09 - [TEST_STEP][PASSED] - selectOptionByValue: All options with value 'JM' are selected in object 'Object Repository/Page_MyEG Services  DELIVERY REPORT/select_-- Please Select --'  using regular expression

2018-10-19 15:35:10 - [MESSAGE][PASSED] - All options with value 'JM' are selected in object 'Object Repository/Page_MyEG Services  DELIVERY REPORT/select_-- Please Select --'  using regular expression

2018-10-19 15:35:10 - [TEST_STEP][PASSED] - click: Object: 'Object Repository/Page_MyEG Services  DELIVERY REPORT/input' is clicked on

2018-10-19 15:35:10 - [MESSAGE][PASSED] - Object: 'Object Repository/Page_MyEG Services  DELIVERY REPORT/input' is clicked on

2018-10-19 15:35:10 - [TEST_STEP][PASSED] - takeScreenshot: Taking screenshot successfully

2018-10-19 15:35:11 - [MESSAGE][PASSED] - Taking screenshot successfully
[[ATTACHMENT|C:\\Users\\Owner\\Katalon Studio\\Logistics\\Reports\\CSO_LEAD\\Delivery Report\\20181019_153450\\1539934510618.png]]

2018-10-19 15:35:11 - [TEST_STEP][PASSED] - selectOptionByValue: All options with value 'IM' are selected in object 'Object Repository/Page_MyEG Services  DELIVERY REPORT/select_-- Please Select --'  using regular expression

2018-10-19 15:35:11 - [MESSAGE][PASSED] - All options with value 'IM' are selected in object 'Object Repository/Page_MyEG Services  DELIVERY REPORT/select_-- Please Select --'  using regular expression

2018-10-19 15:35:11 - [TEST_STEP][PASSED] - click: Object: 'Object Repository/Page_MyEG Services  DELIVERY REPORT/input' is clicked on

2018-10-19 15:35:12 - [MESSAGE][PASSED] - Object: 'Object Repository/Page_MyEG Services  DELIVERY REPORT/input' is clicked on

2018-10-19 15:35:12 - [TEST_STEP][PASSED] - takeScreenshot: Taking screenshot successfully

2018-10-19 15:35:12 - [MESSAGE][PASSED] - Taking screenshot successfully
[[ATTACHMENT|C:\\Users\\Owner\\Katalon Studio\\Logistics\\Reports\\CSO_LEAD\\Delivery Report\\20181019_153450\\1539934512004.png]]

2018-10-19 15:35:12 - [TEST_STEP][PASSED] - selectOptionByValue: All options with value 'MD' are selected in object 'Object Repository/Page_MyEG Services  DELIVERY REPORT/select_-- Please Select --'  using regular expression

2018-10-19 15:35:12 - [MESSAGE][PASSED] - All options with value 'MD' are selected in object 'Object Repository/Page_MyEG Services  DELIVERY REPORT/select_-- Please Select --'  using regular expression

2018-10-19 15:35:12 - [TEST_STEP][PASSED] - click: Object: 'Object Repository/Page_MyEG Services  DELIVERY REPORT/input' is clicked on

2018-10-19 15:35:13 - [MESSAGE][PASSED] - Object: 'Object Repository/Page_MyEG Services  DELIVERY REPORT/input' is clicked on

2018-10-19 15:35:13 - [TEST_STEP][PASSED] - takeScreenshot: Taking screenshot successfully

2018-10-19 15:35:13 - [MESSAGE][PASSED] - Taking screenshot successfully
[[ATTACHMENT|C:\\Users\\Owner\\Katalon Studio\\Logistics\\Reports\\CSO_LEAD\\Delivery Report\\20181019_153450\\1539934513187.png]]

2018-10-19 15:35:13 - [TEST_STEP][PASSED] - selectOptionByValue: All options with value 'FW' are selected in object 'Object Repository/Page_MyEG Services  DELIVERY REPORT/select_-- Please Select --'  using regular expression

2018-10-19 15:35:13 - [MESSAGE][PASSED] - All options with value 'FW' are selected in object 'Object Repository/Page_MyEG Services  DELIVERY REPORT/select_-- Please Select --'  using regular expression

2018-10-19 15:35:13 - [TEST_STEP][PASSED] - click: Object: 'Object Repository/Page_MyEG Services  DELIVERY REPORT/input' is clicked on

2018-10-19 15:35:14 - [MESSAGE][PASSED] - Object: 'Object Repository/Page_MyEG Services  DELIVERY REPORT/input' is clicked on

2018-10-19 15:35:14 - [TEST_STEP][PASSED] - takeScreenshot: Taking screenshot successfully

2018-10-19 15:35:14 - [MESSAGE][PASSED] - Taking screenshot successfully
[[ATTACHMENT|C:\\Users\\Owner\\Katalon Studio\\Logistics\\Reports\\CSO_LEAD\\Delivery Report\\20181019_153450\\1539934514319.png]]

2018-10-19 15:35:14 - [TEST_STEP][PASSED] - selectOptionByValue: All options with value 'CL' are selected in object 'Object Repository/Page_MyEG Services  DELIVERY REPORT/select_-- Please Select --'  using regular expression

2018-10-19 15:35:15 - [MESSAGE][PASSED] - All options with value 'CL' are selected in object 'Object Repository/Page_MyEG Services  DELIVERY REPORT/select_-- Please Select --'  using regular expression

2018-10-19 15:35:15 - [TEST_STEP][PASSED] - click: Object: 'Object Repository/Page_MyEG Services  DELIVERY REPORT/input' is clicked on

2018-10-19 15:35:15 - [MESSAGE][PASSED] - Object: 'Object Repository/Page_MyEG Services  DELIVERY REPORT/input' is clicked on

2018-10-19 15:35:15 - [TEST_STEP][PASSED] - takeScreenshot: Taking screenshot successfully

2018-10-19 15:35:15 - [MESSAGE][PASSED] - Taking screenshot successfully
[[ATTACHMENT|C:\\Users\\Owner\\Katalon Studio\\Logistics\\Reports\\CSO_LEAD\\Delivery Report\\20181019_153450\\1539934515560.png]]

2018-10-19 15:35:15 - [TEST_STEP][PASSED] - selectOptionByValue: All options with value '1M' are selected in object 'Object Repository/Page_MyEG Services  DELIVERY REPORT/select_-- Please Select --'  using regular expression

2018-10-19 15:35:16 - [MESSAGE][PASSED] - All options with value '1M' are selected in object 'Object Repository/Page_MyEG Services  DELIVERY REPORT/select_-- Please Select --'  using regular expression

2018-10-19 15:35:16 - [TEST_STEP][PASSED] - click: Object: 'Object Repository/Page_MyEG Services  DELIVERY REPORT/input' is clicked on

2018-10-19 15:35:16 - [MESSAGE][PASSED] - Object: 'Object Repository/Page_MyEG Services  DELIVERY REPORT/input' is clicked on

2018-10-19 15:35:16 - [TEST_STEP][PASSED] - takeScreenshot: Taking screenshot successfully

2018-10-19 15:35:17 - [MESSAGE][PASSED] - Taking screenshot successfully
[[ATTACHMENT|C:\\Users\\Owner\\Katalon Studio\\Logistics\\Reports\\CSO_LEAD\\Delivery Report\\20181019_153450\\1539934516699.png]]

2018-10-19 15:35:17 - [TEST_STEP][PASSED] - selectOptionByValue: All options with value 'SP' are selected in object 'Object Repository/Page_MyEG Services  DELIVERY REPORT/select_-- Please Select --'  using regular expression

2018-10-19 15:35:17 - [MESSAGE][PASSED] - All options with value 'SP' are selected in object 'Object Repository/Page_MyEG Services  DELIVERY REPORT/select_-- Please Select --'  using regular expression

2018-10-19 15:35:17 - [TEST_STEP][PASSED] - click: Object: 'Object Repository/Page_MyEG Services  DELIVERY REPORT/input' is clicked on

2018-10-19 15:35:17 - [MESSAGE][PASSED] - Object: 'Object Repository/Page_MyEG Services  DELIVERY REPORT/input' is clicked on

2018-10-19 15:35:17 - [TEST_STEP][PASSED] - takeScreenshot: Taking screenshot successfully

2018-10-19 15:35:18 - [MESSAGE][PASSED] - Taking screenshot successfully
[[ATTACHMENT|C:\\Users\\Owner\\Katalon Studio\\Logistics\\Reports\\CSO_LEAD\\Delivery Report\\20181019_153450\\1539934517828.png]]

2018-10-19 15:35:18 - [TEST_STEP][PASSED] - selectOptionByValue: All options with value 'PT' are selected in object 'Object Repository/Page_MyEG Services  DELIVERY REPORT/select_-- Please Select --'  using regular expression

2018-10-19 15:35:18 - [MESSAGE][PASSED] - All options with value 'PT' are selected in object 'Object Repository/Page_MyEG Services  DELIVERY REPORT/select_-- Please Select --'  using regular expression

2018-10-19 15:35:18 - [TEST_STEP][PASSED] - click: Object: 'Object Repository/Page_MyEG Services  DELIVERY REPORT/input' is clicked on

2018-10-19 15:35:19 - [MESSAGE][PASSED] - Object: 'Object Repository/Page_MyEG Services  DELIVERY REPORT/input' is clicked on

2018-10-19 15:35:19 - [TEST_STEP][PASSED] - takeScreenshot: Taking screenshot successfully

2018-10-19 15:35:19 - [MESSAGE][PASSED] - Taking screenshot successfully
[[ATTACHMENT|C:\\Users\\Owner\\Katalon Studio\\Logistics\\Reports\\CSO_LEAD\\Delivery Report\\20181019_153450\\1539934519087.png]]

2018-10-19 15:35:19 - [TEST_STEP][PASSED] - selectOptionByValue: All options with value 'PTD' are selected in object 'Object Repository/Page_MyEG Services  DELIVERY REPORT/select_-- Please Select --'  using regular expression

2018-10-19 15:35:19 - [MESSAGE][PASSED] - All options with value 'PTD' are selected in object 'Object Repository/Page_MyEG Services  DELIVERY REPORT/select_-- Please Select --'  using regular expression

2018-10-19 15:35:19 - [TEST_STEP][PASSED] - click: Object: 'Object Repository/Page_MyEG Services  DELIVERY REPORT/input' is clicked on

2018-10-19 15:35:20 - [MESSAGE][PASSED] - Object: 'Object Repository/Page_MyEG Services  DELIVERY REPORT/input' is clicked on

2018-10-19 15:35:20 - [TEST_STEP][PASSED] - takeScreenshot: Taking screenshot successfully

2018-10-19 15:35:20 - [MESSAGE][PASSED] - Taking screenshot successfully
[[ATTACHMENT|C:\\Users\\Owner\\Katalon Studio\\Logistics\\Reports\\CSO_LEAD\\Delivery Report\\20181019_153450\\1539934520261.png]]

2018-10-19 15:35:20 - [TEST_STEP][PASSED] - selectOptionByValue: All options with value 'LKS' are selected in object 'Object Repository/Page_MyEG Services  DELIVERY REPORT/select_-- Please Select --'  using regular expression

2018-10-19 15:35:21 - [MESSAGE][PASSED] - All options with value 'LKS' are selected in object 'Object Repository/Page_MyEG Services  DELIVERY REPORT/select_-- Please Select --'  using regular expression

2018-10-19 15:35:21 - [TEST_STEP][PASSED] - click: Object: 'Object Repository/Page_MyEG Services  DELIVERY REPORT/input' is clicked on

2018-10-19 15:35:21 - [MESSAGE][PASSED] - Object: 'Object Repository/Page_MyEG Services  DELIVERY REPORT/input' is clicked on

2018-10-19 15:35:21 - [TEST_STEP][PASSED] - takeScreenshot: Taking screenshot successfully

2018-10-19 15:35:21 - [MESSAGE][PASSED] - Taking screenshot successfully
[[ATTACHMENT|C:\\Users\\Owner\\Katalon Studio\\Logistics\\Reports\\CSO_LEAD\\Delivery Report\\20181019_153450\\1539934521459.png]]

2018-10-19 15:35:21 - [TEST_STEP][PASSED] - selectOptionByValue: All options with value 'JPJ1M' are selected in object 'Object Repository/Page_MyEG Services  DELIVERY REPORT/select_-- Please Select --'  using regular expression

2018-10-19 15:35:22 - [MESSAGE][PASSED] - All options with value 'JPJ1M' are selected in object 'Object Repository/Page_MyEG Services  DELIVERY REPORT/select_-- Please Select --'  using regular expression

2018-10-19 15:35:22 - [TEST_STEP][PASSED] - click: Object: 'Object Repository/Page_MyEG Services  DELIVERY REPORT/input' is clicked on

2018-10-19 15:35:22 - [MESSAGE][PASSED] - Object: 'Object Repository/Page_MyEG Services  DELIVERY REPORT/input' is clicked on

2018-10-19 15:35:22 - [TEST_STEP][PASSED] - takeScreenshot: Taking screenshot successfully

2018-10-19 15:35:23 - [MESSAGE][PASSED] - Taking screenshot successfully
[[ATTACHMENT|C:\\Users\\Owner\\Katalon Studio\\Logistics\\Reports\\CSO_LEAD\\Delivery Report\\20181019_153450\\1539934522698.png]]

2018-10-19 15:35:23 - [TEST_STEP][PASSED] - selectOptionByValue: All options with value 'IMI1M' are selected in object 'Object Repository/Page_MyEG Services  DELIVERY REPORT/select_-- Please Select --'  using regular expression

2018-10-19 15:35:23 - [MESSAGE][PASSED] - All options with value 'IMI1M' are selected in object 'Object Repository/Page_MyEG Services  DELIVERY REPORT/select_-- Please Select --'  using regular expression

2018-10-19 15:35:23 - [TEST_STEP][PASSED] - click: Object: 'Object Repository/Page_MyEG Services  DELIVERY REPORT/input' is clicked on

2018-10-19 15:35:24 - [MESSAGE][PASSED] - Object: 'Object Repository/Page_MyEG Services  DELIVERY REPORT/input' is clicked on

2018-10-19 15:35:24 - [TEST_STEP][PASSED] - takeScreenshot: Taking screenshot successfully

2018-10-19 15:35:24 - [MESSAGE][PASSED] - Taking screenshot successfully
[[ATTACHMENT|C:\\Users\\Owner\\Katalon Studio\\Logistics\\Reports\\CSO_LEAD\\Delivery Report\\20181019_153450\\1539934524085.png]]

2018-10-19 15:35:24 - [TEST_STEP][PASSED] - selectOptionByValue: All options with value 'ET' are selected in object 'Object Repository/Page_MyEG Services  DELIVERY REPORT/select_-- Please Select --'  using regular expression

2018-10-19 15:35:24 - [MESSAGE][PASSED] - All options with value 'ET' are selected in object 'Object Repository/Page_MyEG Services  DELIVERY REPORT/select_-- Please Select --'  using regular expression

2018-10-19 15:35:24 - [TEST_STEP][PASSED] - click: Object: 'Object Repository/Page_MyEG Services  DELIVERY REPORT/input' is clicked on

2018-10-19 15:35:25 - [MESSAGE][PASSED] - Object: 'Object Repository/Page_MyEG Services  DELIVERY REPORT/input' is clicked on

2018-10-19 15:35:25 - [TEST_STEP][PASSED] - takeScreenshot: Taking screenshot successfully

2018-10-19 15:35:25 - [MESSAGE][PASSED] - Taking screenshot successfully
[[ATTACHMENT|C:\\Users\\Owner\\Katalon Studio\\Logistics\\Reports\\CSO_LEAD\\Delivery Report\\20181019_153450\\1539934525202.png]]

2018-10-19 15:35:25 - [TEST_STEP][PASSED] - click: Object: 'Object Repository/Page_MyEG Services  DELIVERY REPORT/a_Delivery Report' is clicked on

2018-10-19 15:35:25 - [MESSAGE][PASSED] - Object: 'Object Repository/Page_MyEG Services  DELIVERY REPORT/a_Delivery Report' is clicked on

2018-10-19 15:35:25 - [TEST_STEP][PASSED] - click: Object: 'Object Repository/Page_MyEG Services  PERFORMANCE REP/a_LO Delivery Report By Name' is clicked on

2018-10-19 15:35:26 - [MESSAGE][PASSED] - Object: 'Object Repository/Page_MyEG Services  PERFORMANCE REP/a_LO Delivery Report By Name' is clicked on

2018-10-19 15:35:26 - [TEST_STEP][PASSED] - takeScreenshot: Taking screenshot successfully

2018-10-19 15:35:27 - [MESSAGE][PASSED] - Taking screenshot successfully
[[ATTACHMENT|C:\\Users\\Owner\\Katalon Studio\\Logistics\\Reports\\CSO_LEAD\\Delivery Report\\20181019_153450\\1539934526912.png]]

2018-10-19 15:35:27 - [TEST_STEP][PASSED] - click: Object: 'Object Repository/Page_MyEG Services  DELIVERY REPORT/a_reset' is clicked on

2018-10-19 15:35:27 - [MESSAGE][PASSED] - Object: 'Object Repository/Page_MyEG Services  DELIVERY REPORT/a_reset' is clicked on

2018-10-19 15:35:27 - [TEST_STEP][PASSED] - takeScreenshot: Taking screenshot successfully

2018-10-19 15:35:27 - [MESSAGE][PASSED] - Taking screenshot successfully
[[ATTACHMENT|C:\\Users\\Owner\\Katalon Studio\\Logistics\\Reports\\CSO_LEAD\\Delivery Report\\20181019_153450\\1539934527430.png]]

2018-10-19 15:35:27 - [TEST_STEP][PASSED] - click: Object: 'Object Repository/Page_MyEG Services  DELIVERY REPORT/input' is clicked on

2018-10-19 15:35:27 - [MESSAGE][PASSED] - Object: 'Object Repository/Page_MyEG Services  DELIVERY REPORT/input' is clicked on

2018-10-19 15:35:27 - [TEST_STEP][PASSED] - takeScreenshot: Taking screenshot successfully

2018-10-19 15:35:28 - [MESSAGE][PASSED] - Taking screenshot successfully
[[ATTACHMENT|C:\\Users\\Owner\\Katalon Studio\\Logistics\\Reports\\CSO_LEAD\\Delivery Report\\20181019_153450\\1539934527907.png]]

2018-10-19 15:35:28 - [TEST_STEP][PASSED] - selectOptionByValue: All options with value '1942' are selected in object 'Object Repository/Page_MyEG Services  DELIVERY REPORT/select_- Select LO Name -    A_2'  using regular expression

2018-10-19 15:35:56 - [MESSAGE][PASSED] - All options with value '1942' are selected in object 'Object Repository/Page_MyEG Services  DELIVERY REPORT/select_- Select LO Name -    A_2'  using regular expression

2018-10-19 15:35:56 - [TEST_STEP][PASSED] - setText: Text '01-Jan-2018' is set on object 'Object Repository/Page_MyEG Services  DELIVERY REPORT/input_dojo.from'

2018-10-19 15:35:56 - [MESSAGE][PASSED] - Text '01-Jan-2018' is set on object 'Object Repository/Page_MyEG Services  DELIVERY REPORT/input_dojo.from'

2018-10-19 15:35:56 - [TEST_STEP][PASSED] - setText: Text '30-Sep-2018' is set on object 'Object Repository/Page_MyEG Services  DELIVERY REPORT/input_dojo.to'

2018-10-19 15:35:56 - [MESSAGE][PASSED] - Text '30-Sep-2018' is set on object 'Object Repository/Page_MyEG Services  DELIVERY REPORT/input_dojo.to'

2018-10-19 15:35:56 - [TEST_STEP][PASSED] - selectOptionByValue: All options with value 'LK' are selected in object 'Object Repository/Page_MyEG Services  DELIVERY REPORT/select_-- Please Select --'  using regular expression

2018-10-19 15:35:57 - [MESSAGE][PASSED] - All options with value 'LK' are selected in object 'Object Repository/Page_MyEG Services  DELIVERY REPORT/select_-- Please Select --'  using regular expression

2018-10-19 15:35:57 - [TEST_STEP][PASSED] - click: Object: 'Object Repository/Page_MyEG Services  DELIVERY REPORT/input' is clicked on

2018-10-19 15:35:58 - [MESSAGE][PASSED] - Object: 'Object Repository/Page_MyEG Services  DELIVERY REPORT/input' is clicked on

2018-10-19 15:35:58 - [TEST_STEP][PASSED] - takeScreenshot: Taking screenshot successfully

2018-10-19 15:35:58 - [MESSAGE][PASSED] - Taking screenshot successfully
[[ATTACHMENT|C:\\Users\\Owner\\Katalon Studio\\Logistics\\Reports\\CSO_LEAD\\Delivery Report\\20181019_153450\\1539934558126.png]]

2018-10-19 15:35:58 - [TEST_STEP][PASSED] - selectOptionByValue: All options with value 'JM' are selected in object 'Object Repository/Page_MyEG Services  DELIVERY REPORT/select_-- Please Select --'  using regular expression

2018-10-19 15:35:58 - [MESSAGE][PASSED] - All options with value 'JM' are selected in object 'Object Repository/Page_MyEG Services  DELIVERY REPORT/select_-- Please Select --'  using regular expression

2018-10-19 15:35:58 - [TEST_STEP][PASSED] - click: Object: 'Object Repository/Page_MyEG Services  DELIVERY REPORT/input' is clicked on

2018-10-19 15:35:59 - [MESSAGE][PASSED] - Object: 'Object Repository/Page_MyEG Services  DELIVERY REPORT/input' is clicked on

2018-10-19 15:35:59 - [TEST_STEP][PASSED] - takeScreenshot: Taking screenshot successfully

2018-10-19 15:35:59 - [MESSAGE][PASSED] - Taking screenshot successfully
[[ATTACHMENT|C:\\Users\\Owner\\Katalon Studio\\Logistics\\Reports\\CSO_LEAD\\Delivery Report\\20181019_153450\\1539934559342.png]]

2018-10-19 15:35:59 - [TEST_STEP][PASSED] - selectOptionByValue: All options with value 'IM' are selected in object 'Object Repository/Page_MyEG Services  DELIVERY REPORT/select_-- Please Select --'  using regular expression

2018-10-19 15:36:00 - [MESSAGE][PASSED] - All options with value 'IM' are selected in object 'Object Repository/Page_MyEG Services  DELIVERY REPORT/select_-- Please Select --'  using regular expression

2018-10-19 15:36:00 - [TEST_STEP][PASSED] - click: Object: 'Object Repository/Page_MyEG Services  DELIVERY REPORT/input' is clicked on

2018-10-19 15:36:00 - [MESSAGE][PASSED] - Object: 'Object Repository/Page_MyEG Services  DELIVERY REPORT/input' is clicked on

2018-10-19 15:36:00 - [TEST_STEP][PASSED] - takeScreenshot: Taking screenshot successfully

2018-10-19 15:36:01 - [MESSAGE][PASSED] - Taking screenshot successfully
[[ATTACHMENT|C:\\Users\\Owner\\Katalon Studio\\Logistics\\Reports\\CSO_LEAD\\Delivery Report\\20181019_153450\\1539934560748.png]]

2018-10-19 15:36:01 - [TEST_STEP][PASSED] - selectOptionByValue: All options with value 'MD' are selected in object 'Object Repository/Page_MyEG Services  DELIVERY REPORT/select_-- Please Select --'  using regular expression

2018-10-19 15:36:01 - [MESSAGE][PASSED] - All options with value 'MD' are selected in object 'Object Repository/Page_MyEG Services  DELIVERY REPORT/select_-- Please Select --'  using regular expression

2018-10-19 15:36:01 - [TEST_STEP][PASSED] - click: Object: 'Object Repository/Page_MyEG Services  DELIVERY REPORT/input' is clicked on

2018-10-19 15:36:02 - [MESSAGE][PASSED] - Object: 'Object Repository/Page_MyEG Services  DELIVERY REPORT/input' is clicked on

2018-10-19 15:36:02 - [TEST_STEP][PASSED] - takeScreenshot: Taking screenshot successfully

2018-10-19 15:36:02 - [MESSAGE][PASSED] - Taking screenshot successfully
[[ATTACHMENT|C:\\Users\\Owner\\Katalon Studio\\Logistics\\Reports\\CSO_LEAD\\Delivery Report\\20181019_153450\\1539934562277.png]]

2018-10-19 15:36:02 - [TEST_STEP][PASSED] - selectOptionByValue: All options with value 'FW' are selected in object 'Object Repository/Page_MyEG Services  DELIVERY REPORT/select_-- Please Select --'  using regular expression

2018-10-19 15:36:03 - [MESSAGE][PASSED] - All options with value 'FW' are selected in object 'Object Repository/Page_MyEG Services  DELIVERY REPORT/select_-- Please Select --'  using regular expression

2018-10-19 15:36:03 - [TEST_STEP][PASSED] - click: Object: 'Object Repository/Page_MyEG Services  DELIVERY REPORT/input' is clicked on

2018-10-19 15:36:03 - [MESSAGE][PASSED] - Object: 'Object Repository/Page_MyEG Services  DELIVERY REPORT/input' is clicked on

2018-10-19 15:36:03 - [TEST_STEP][PASSED] - takeScreenshot: Taking screenshot successfully

2018-10-19 15:36:03 - [MESSAGE][PASSED] - Taking screenshot successfully
[[ATTACHMENT|C:\\Users\\Owner\\Katalon Studio\\Logistics\\Reports\\CSO_LEAD\\Delivery Report\\20181019_153450\\1539934563513.png]]

2018-10-19 15:36:03 - [TEST_STEP][PASSED] - selectOptionByValue: All options with value 'CL' are selected in object 'Object Repository/Page_MyEG Services  DELIVERY REPORT/select_-- Please Select --'  using regular expression

2018-10-19 15:36:04 - [MESSAGE][PASSED] - All options with value 'CL' are selected in object 'Object Repository/Page_MyEG Services  DELIVERY REPORT/select_-- Please Select --'  using regular expression

2018-10-19 15:36:04 - [TEST_STEP][PASSED] - click: Object: 'Object Repository/Page_MyEG Services  DELIVERY REPORT/input' is clicked on

2018-10-19 15:36:04 - [MESSAGE][PASSED] - Object: 'Object Repository/Page_MyEG Services  DELIVERY REPORT/input' is clicked on

2018-10-19 15:36:04 - [TEST_STEP][PASSED] - takeScreenshot: Taking screenshot successfully

2018-10-19 15:36:05 - [MESSAGE][PASSED] - Taking screenshot successfully
[[ATTACHMENT|C:\\Users\\Owner\\Katalon Studio\\Logistics\\Reports\\CSO_LEAD\\Delivery Report\\20181019_153450\\1539934564807.png]]

2018-10-19 15:36:05 - [TEST_STEP][PASSED] - selectOptionByValue: All options with value '1M' are selected in object 'Object Repository/Page_MyEG Services  DELIVERY REPORT/select_-- Please Select --'  using regular expression

2018-10-19 15:36:05 - [MESSAGE][PASSED] - All options with value '1M' are selected in object 'Object Repository/Page_MyEG Services  DELIVERY REPORT/select_-- Please Select --'  using regular expression

2018-10-19 15:36:05 - [TEST_STEP][PASSED] - click: Object: 'Object Repository/Page_MyEG Services  DELIVERY REPORT/input' is clicked on

2018-10-19 15:36:06 - [MESSAGE][PASSED] - Object: 'Object Repository/Page_MyEG Services  DELIVERY REPORT/input' is clicked on

2018-10-19 15:36:06 - [TEST_STEP][PASSED] - takeScreenshot: Taking screenshot successfully

2018-10-19 15:36:06 - [MESSAGE][PASSED] - Taking screenshot successfully
[[ATTACHMENT|C:\\Users\\Owner\\Katalon Studio\\Logistics\\Reports\\CSO_LEAD\\Delivery Report\\20181019_153450\\1539934566026.png]]

2018-10-19 15:36:06 - [TEST_STEP][PASSED] - selectOptionByValue: All options with value 'SP' are selected in object 'Object Repository/Page_MyEG Services  DELIVERY REPORT/select_-- Please Select --'  using regular expression

2018-10-19 15:36:06 - [MESSAGE][PASSED] - All options with value 'SP' are selected in object 'Object Repository/Page_MyEG Services  DELIVERY REPORT/select_-- Please Select --'  using regular expression

2018-10-19 15:36:06 - [TEST_STEP][PASSED] - click: Object: 'Object Repository/Page_MyEG Services  DELIVERY REPORT/input' is clicked on

2018-10-19 15:36:07 - [MESSAGE][PASSED] - Object: 'Object Repository/Page_MyEG Services  DELIVERY REPORT/input' is clicked on

2018-10-19 15:36:07 - [TEST_STEP][PASSED] - takeScreenshot: Taking screenshot successfully

2018-10-19 15:36:08 - [MESSAGE][PASSED] - Taking screenshot successfully
[[ATTACHMENT|C:\\Users\\Owner\\Katalon Studio\\Logistics\\Reports\\CSO_LEAD\\Delivery Report\\20181019_153450\\1539934567585.png]]

2018-10-19 15:36:08 - [TEST_STEP][PASSED] - selectOptionByValue: All options with value 'PT' are selected in object 'Object Repository/Page_MyEG Services  DELIVERY REPORT/select_-- Please Select --'  using regular expression

2018-10-19 15:36:08 - [MESSAGE][PASSED] - All options with value 'PT' are selected in object 'Object Repository/Page_MyEG Services  DELIVERY REPORT/select_-- Please Select --'  using regular expression

2018-10-19 15:36:08 - [TEST_STEP][PASSED] - click: Object: 'Object Repository/Page_MyEG Services  DELIVERY REPORT/input' is clicked on

2018-10-19 15:36:09 - [MESSAGE][PASSED] - Object: 'Object Repository/Page_MyEG Services  DELIVERY REPORT/input' is clicked on

2018-10-19 15:36:09 - [TEST_STEP][PASSED] - takeScreenshot: Taking screenshot successfully

2018-10-19 15:36:09 - [MESSAGE][PASSED] - Taking screenshot successfully
[[ATTACHMENT|C:\\Users\\Owner\\Katalon Studio\\Logistics\\Reports\\CSO_LEAD\\Delivery Report\\20181019_153450\\1539934569313.png]]

2018-10-19 15:36:09 - [TEST_STEP][PASSED] - selectOptionByValue: All options with value 'PTD' are selected in object 'Object Repository/Page_MyEG Services  DELIVERY REPORT/select_-- Please Select --'  using regular expression

2018-10-19 15:36:10 - [MESSAGE][PASSED] - All options with value 'PTD' are selected in object 'Object Repository/Page_MyEG Services  DELIVERY REPORT/select_-- Please Select --'  using regular expression

2018-10-19 15:36:10 - [TEST_STEP][PASSED] - click: Object: 'Object Repository/Page_MyEG Services  DELIVERY REPORT/input' is clicked on

2018-10-19 15:36:10 - [MESSAGE][PASSED] - Object: 'Object Repository/Page_MyEG Services  DELIVERY REPORT/input' is clicked on

2018-10-19 15:36:10 - [TEST_STEP][PASSED] - takeScreenshot: Taking screenshot successfully

2018-10-19 15:36:11 - [MESSAGE][PASSED] - Taking screenshot successfully
[[ATTACHMENT|C:\\Users\\Owner\\Katalon Studio\\Logistics\\Reports\\CSO_LEAD\\Delivery Report\\20181019_153450\\1539934570806.png]]

2018-10-19 15:36:11 - [TEST_STEP][PASSED] - selectOptionByValue: All options with value 'LKS' are selected in object 'Object Repository/Page_MyEG Services  DELIVERY REPORT/select_-- Please Select --'  using regular expression

2018-10-19 15:36:11 - [MESSAGE][PASSED] - All options with value 'LKS' are selected in object 'Object Repository/Page_MyEG Services  DELIVERY REPORT/select_-- Please Select --'  using regular expression

2018-10-19 15:36:11 - [TEST_STEP][PASSED] - click: Object: 'Object Repository/Page_MyEG Services  DELIVERY REPORT/input' is clicked on

2018-10-19 15:36:12 - [MESSAGE][PASSED] - Object: 'Object Repository/Page_MyEG Services  DELIVERY REPORT/input' is clicked on

2018-10-19 15:36:12 - [TEST_STEP][PASSED] - takeScreenshot: Taking screenshot successfully

2018-10-19 15:36:12 - [MESSAGE][PASSED] - Taking screenshot successfully
[[ATTACHMENT|C:\\Users\\Owner\\Katalon Studio\\Logistics\\Reports\\CSO_LEAD\\Delivery Report\\20181019_153450\\1539934572261.png]]

2018-10-19 15:36:12 - [TEST_STEP][PASSED] - selectOptionByValue: All options with value 'JPJ1M' are selected in object 'Object Repository/Page_MyEG Services  DELIVERY REPORT/select_-- Please Select --'  using regular expression

2018-10-19 15:36:13 - [MESSAGE][PASSED] - All options with value 'JPJ1M' are selected in object 'Object Repository/Page_MyEG Services  DELIVERY REPORT/select_-- Please Select --'  using regular expression

2018-10-19 15:36:13 - [TEST_STEP][PASSED] - click: Object: 'Object Repository/Page_MyEG Services  DELIVERY REPORT/input' is clicked on

2018-10-19 15:36:13 - [MESSAGE][PASSED] - Object: 'Object Repository/Page_MyEG Services  DELIVERY REPORT/input' is clicked on

2018-10-19 15:36:13 - [TEST_STEP][PASSED] - takeScreenshot: Taking screenshot successfully

2018-10-19 15:36:14 - [MESSAGE][PASSED] - Taking screenshot successfully
[[ATTACHMENT|C:\\Users\\Owner\\Katalon Studio\\Logistics\\Reports\\CSO_LEAD\\Delivery Report\\20181019_153450\\1539934573602.png]]

2018-10-19 15:36:14 - [TEST_STEP][PASSED] - selectOptionByValue: All options with value 'IMI1M' are selected in object 'Object Repository/Page_MyEG Services  DELIVERY REPORT/select_-- Please Select --'  using regular expression

2018-10-19 15:36:14 - [MESSAGE][PASSED] - All options with value 'IMI1M' are selected in object 'Object Repository/Page_MyEG Services  DELIVERY REPORT/select_-- Please Select --'  using regular expression

2018-10-19 15:36:14 - [TEST_STEP][PASSED] - click: Object: 'Object Repository/Page_MyEG Services  DELIVERY REPORT/input' is clicked on

2018-10-19 15:36:15 - [MESSAGE][PASSED] - Object: 'Object Repository/Page_MyEG Services  DELIVERY REPORT/input' is clicked on

2018-10-19 15:36:15 - [TEST_STEP][PASSED] - takeScreenshot: Taking screenshot successfully

2018-10-19 15:36:15 - [MESSAGE][PASSED] - Taking screenshot successfully
[[ATTACHMENT|C:\\Users\\Owner\\Katalon Studio\\Logistics\\Reports\\CSO_LEAD\\Delivery Report\\20181019_153450\\1539934575028.png]]

2018-10-19 15:36:15 - [TEST_STEP][PASSED] - selectOptionByValue: All options with value 'ET' are selected in object 'Object Repository/Page_MyEG Services  DELIVERY REPORT/select_-- Please Select --'  using regular expression

2018-10-19 15:36:15 - [MESSAGE][PASSED] - All options with value 'ET' are selected in object 'Object Repository/Page_MyEG Services  DELIVERY REPORT/select_-- Please Select --'  using regular expression

2018-10-19 15:36:15 - [TEST_STEP][PASSED] - click: Object: 'Object Repository/Page_MyEG Services  DELIVERY REPORT/input' is clicked on

2018-10-19 15:36:16 - [MESSAGE][PASSED] - Object: 'Object Repository/Page_MyEG Services  DELIVERY REPORT/input' is clicked on

2018-10-19 15:36:16 - [TEST_STEP][PASSED] - takeScreenshot: Taking screenshot successfully

2018-10-19 15:36:16 - [MESSAGE][PASSED] - Taking screenshot successfully
[[ATTACHMENT|C:\\Users\\Owner\\Katalon Studio\\Logistics\\Reports\\CSO_LEAD\\Delivery Report\\20181019_153450\\1539934576343.png]]

2018-10-19 15:36:16 - [TEST_STEP][PASSED] - click: Object: 'Object Repository/Page_MyEG Services  Insert title he/a_Logout' is clicked on

2018-10-19 15:36:17 - [MESSAGE][PASSED] - Object: 'Object Repository/Page_MyEG Services  Insert title he/a_Logout' is clicked on

2018-10-19 15:36:17 - [TEST_STEP][PASSED] - takeScreenshot: Taking screenshot successfully

2018-10-19 15:36:17 - [MESSAGE][PASSED] - Taking screenshot successfully
[[ATTACHMENT|C:\\Users\\Owner\\Katalon Studio\\Logistics\\Reports\\CSO_LEAD\\Delivery Report\\20181019_153450\\1539934577089.png]]

2018-10-19 15:36:17 - [TEST_STEP][PASSED] - closeBrowser: Browser is closed

2018-10-19 15:36:18 - [MESSAGE][PASSED] - Browser is closed]]></system-out>
         <system-err><![CDATA[]]></system-err>
      </testcase>
      <system-out><![CDATA[2018-10-19 15:34:52 - [TEST_SUITE][PASSED] - Delivery Report: Test Cases/Logistics/Roles/CSO_LEAD/Delivery Report]]></system-out>
      <system-err><![CDATA[]]></system-err>
   </testsuite>
</testsuites>
