<?xml version="1.0" encoding="UTF-8"?>
<testsuites name="Ticket" time="47" tests="1" failures="0" errors="0">
   <testsuite name="Ticket" tests="1" failures="0" errors="0" time="47" timestamp="2018-10-19 12:10:24" hostname="Owner - L13-IT-KISHORE.myeg.local" id="Test Suites/CSO/Ticket">
      <properties>
[...]
</properties>
      <testcase name="Test Cases/Logistics/Roles/CSO/TICKET" classname="Test Cases/Logistics/Roles/CSO/TICKET" status="PASSED">
         <system-out><![CDATA[2018-10-19 12:10:25 - [TEST_CASE][PASSED] - Test Cases/Logistics/Roles/CSO/TICKET: Test Cases/Logistics/Roles/CSO/TICKET

2018-10-19 12:10:25 - [TEST_STEP][PASSED] - openBrowser: Browser is opened with url: ''

2018-10-19 12:10:29 - [MESSAGE][PASSED] - Browser is opened with url: ''

2018-10-19 12:10:29 - [TEST_STEP][PASSED] - maximizeWindow: Current window maximized

2018-10-19 12:10:31 - [MESSAGE][PASSED] - Current window maximized

2018-10-19 12:10:31 - [TEST_STEP][PASSED] - navigateToUrl: Navigate to 'http://uat4.myeg.com.my/logistic/login/' successfully

2018-10-19 12:10:32 - [MESSAGE][PASSED] - Navigate to 'http://uat4.myeg.com.my/logistic/login/' successfully

2018-10-19 12:10:32 - [TEST_STEP][PASSED] - setText: Text 'KISH2008' is set on object 'Object Repository/Page_MyEG Services  Logistic Report/input_j_username (5)'

2018-10-19 12:10:32 - [MESSAGE][PASSED] - Text 'KISH2008' is set on object 'Object Repository/Page_MyEG Services  Logistic Report/input_j_username (5)'

2018-10-19 12:10:32 - [TEST_STEP][PASSED] - click: Object: 'Object Repository/Page_MyEG Services  Logistic Report/input_submit (5)' is clicked on

2018-10-19 12:10:32 - [MESSAGE][PASSED] - Object: 'Object Repository/Page_MyEG Services  Logistic Report/input_submit (5)' is clicked on

2018-10-19 12:10:32 - [TEST_STEP][PASSED] - takeScreenshot: Taking screenshot successfully

2018-10-19 12:10:33 - [MESSAGE][PASSED] - Taking screenshot successfully
[[ATTACHMENT|C:\\Users\\Owner\\Katalon Studio\\Logistics\\Reports\\CSO\\Ticket\\20181019_121023\\1539922232703.png]]

2018-10-19 12:10:33 - [TEST_STEP][PASSED] - setEncryptedText: Text ****** has been set on object 'Object Repository/Page_MyEG Services  Logistic Report/input_j_password (5)'

2018-10-19 12:10:33 - [MESSAGE][PASSED] - Text ****** has been set on object 'Object Repository/Page_MyEG Services  Logistic Report/input_j_password (5)'

2018-10-19 12:10:33 - [TEST_STEP][PASSED] - click: Object: 'Object Repository/Page_MyEG Services  Logistic Report/input_submit (5)' is clicked on

2018-10-19 12:10:33 - [MESSAGE][PASSED] - Object: 'Object Repository/Page_MyEG Services  Logistic Report/input_submit (5)' is clicked on

2018-10-19 12:10:33 - [TEST_STEP][PASSED] - takeScreenshot: Taking screenshot successfully

2018-10-19 12:10:34 - [MESSAGE][PASSED] - Taking screenshot successfully
[[ATTACHMENT|C:\\Users\\Owner\\Katalon Studio\\Logistics\\Reports\\CSO\\Ticket\\20181019_121023\\1539922233700.png]]

2018-10-19 12:10:34 - [TEST_STEP][PASSED] - setText: Text 'KISH2009' is set on object 'Object Repository/Page_MyEG Services  Logistic Report/input_j_username (5)'

2018-10-19 12:10:34 - [MESSAGE][PASSED] - Text 'KISH2009' is set on object 'Object Repository/Page_MyEG Services  Logistic Report/input_j_username (5)'

2018-10-19 12:10:34 - [TEST_STEP][PASSED] - setEncryptedText: Text ****** has been set on object 'Object Repository/Page_MyEG Services  Logistic Report/input_j_password (5)'

2018-10-19 12:10:34 - [MESSAGE][PASSED] - Text ****** has been set on object 'Object Repository/Page_MyEG Services  Logistic Report/input_j_password (5)'

2018-10-19 12:10:34 - [TEST_STEP][PASSED] - click: Object: 'Object Repository/Page_MyEG Services  Logistic Report/input_submit (5)' is clicked on

2018-10-19 12:10:34 - [MESSAGE][PASSED] - Object: 'Object Repository/Page_MyEG Services  Logistic Report/input_submit (5)' is clicked on

2018-10-19 12:10:34 - [TEST_STEP][PASSED] - takeScreenshot: Taking screenshot successfully

2018-10-19 12:10:35 - [MESSAGE][PASSED] - Taking screenshot successfully
[[ATTACHMENT|C:\\Users\\Owner\\Katalon Studio\\Logistics\\Reports\\CSO\\Ticket\\20181019_121023\\1539922234774.png]]

2018-10-19 12:10:35 - [TEST_STEP][PASSED] - setText: Text 'KISH2008' is set on object 'Object Repository/Page_MyEG Services  Logistic Report/input_j_username (5)'

2018-10-19 12:10:35 - [MESSAGE][PASSED] - Text 'KISH2008' is set on object 'Object Repository/Page_MyEG Services  Logistic Report/input_j_username (5)'

2018-10-19 12:10:35 - [TEST_STEP][PASSED] - setEncryptedText: Text ****** has been set on object 'Object Repository/Page_MyEG Services  Logistic Report/input_j_password (5)'

2018-10-19 12:10:35 - [MESSAGE][PASSED] - Text ****** has been set on object 'Object Repository/Page_MyEG Services  Logistic Report/input_j_password (5)'

2018-10-19 12:10:35 - [TEST_STEP][PASSED] - click: Object: 'Object Repository/Page_MyEG Services  Logistic Report/input_submit (5)' is clicked on

2018-10-19 12:10:36 - [MESSAGE][PASSED] - Object: 'Object Repository/Page_MyEG Services  Logistic Report/input_submit (5)' is clicked on

2018-10-19 12:10:36 - [TEST_STEP][PASSED] - takeScreenshot: Taking screenshot successfully

2018-10-19 12:10:36 - [MESSAGE][PASSED] - Taking screenshot successfully
[[ATTACHMENT|C:\\Users\\Owner\\Katalon Studio\\Logistics\\Reports\\CSO\\Ticket\\20181019_121023\\1539922236455.png]]

2018-10-19 12:10:36 - [TEST_STEP][PASSED] - click: Object: 'Object Repository/Page_MyEG Services  List of Tickets/a_Ticket' is clicked on

2018-10-19 12:10:37 - [MESSAGE][PASSED] - Object: 'Object Repository/Page_MyEG Services  List of Tickets/a_Ticket' is clicked on

2018-10-19 12:10:37 - [TEST_STEP][PASSED] - click: Object: 'Object Repository/Page_MyEG Services  List of Tickets/a_current date pending print T' is clicked on

2018-10-19 12:10:38 - [MESSAGE][PASSED] - Object: 'Object Repository/Page_MyEG Services  List of Tickets/a_current date pending print T' is clicked on

2018-10-19 12:10:38 - [TEST_STEP][PASSED] - click: Object: 'Object Repository/Page_MyEG Services  List of Tickets/input' is clicked on

2018-10-19 12:10:38 - [MESSAGE][PASSED] - Object: 'Object Repository/Page_MyEG Services  List of Tickets/input' is clicked on

2018-10-19 12:10:38 - [TEST_STEP][PASSED] - takeScreenshot: Taking screenshot successfully

2018-10-19 12:10:39 - [MESSAGE][PASSED] - Taking screenshot successfully
[[ATTACHMENT|C:\\Users\\Owner\\Katalon Studio\\Logistics\\Reports\\CSO\\Ticket\\20181019_121023\\1539922238917.png]]

2018-10-19 12:10:39 - [TEST_STEP][PASSED] - click: Object: 'Object Repository/Page_MyEG Services  List of Tickets/a_reset' is clicked on

2018-10-19 12:10:39 - [MESSAGE][PASSED] - Object: 'Object Repository/Page_MyEG Services  List of Tickets/a_reset' is clicked on

2018-10-19 12:10:39 - [TEST_STEP][PASSED] - takeScreenshot: Taking screenshot successfully

2018-10-19 12:10:39 - [MESSAGE][PASSED] - Taking screenshot successfully
[[ATTACHMENT|C:\\Users\\Owner\\Katalon Studio\\Logistics\\Reports\\CSO\\Ticket\\20181019_121023\\1539922239440.png]]

2018-10-19 12:10:39 - [TEST_STEP][PASSED] - selectOptionByValue: All options with value '4' are selected in object 'Object Repository/Page_MyEG Services  List of Tickets/select_- Select status -     P'  using regular expression

2018-10-19 12:10:40 - [MESSAGE][PASSED] - All options with value '4' are selected in object 'Object Repository/Page_MyEG Services  List of Tickets/select_- Select status -     P'  using regular expression

2018-10-19 12:10:40 - [TEST_STEP][PASSED] - selectOptionByValue: All options with value 'LK' are selected in object 'Object Repository/Page_MyEG Services  List of Tickets/select_-- Please Select --'  using regular expression

2018-10-19 12:10:40 - [MESSAGE][PASSED] - All options with value 'LK' are selected in object 'Object Repository/Page_MyEG Services  List of Tickets/select_-- Please Select --'  using regular expression

2018-10-19 12:10:40 - [TEST_STEP][PASSED] - click: Object: 'Object Repository/Page_MyEG Services  List of Tickets/img_dojoComboBox' is clicked on

2018-10-19 12:10:41 - [MESSAGE][PASSED] - Object: 'Object Repository/Page_MyEG Services  List of Tickets/img_dojoComboBox' is clicked on

2018-10-19 12:10:41 - [TEST_STEP][PASSED] - click: Object: 'Object Repository/Page_MyEG Services  List of Tickets/div_ABDUL ASAD ABDUS SAKUR' is clicked on

2018-10-19 12:10:41 - [MESSAGE][PASSED] - Object: 'Object Repository/Page_MyEG Services  List of Tickets/div_ABDUL ASAD ABDUS SAKUR' is clicked on

2018-10-19 12:10:41 - [TEST_STEP][PASSED] - selectOptionByValue: All options with value '1' are selected in object 'Object Repository/Page_MyEG Services  List of Tickets/select_-- Please Select --    _1'  using regular expression

2018-10-19 12:10:41 - [MESSAGE][PASSED] - All options with value '1' are selected in object 'Object Repository/Page_MyEG Services  List of Tickets/select_-- Please Select --    _1'  using regular expression

2018-10-19 12:10:41 - [TEST_STEP][PASSED] - selectOptionByValue: All options with value 'Bandar Pusat' are selected in object 'Object Repository/Page_MyEG Services  List of Tickets/select_- Select area -    Air'  using regular expression

2018-10-19 12:10:44 - [MESSAGE][PASSED] - All options with value 'Bandar Pusat' are selected in object 'Object Repository/Page_MyEG Services  List of Tickets/select_- Select area -    Air'  using regular expression

2018-10-19 12:10:44 - [TEST_STEP][PASSED] - selectOptionByValue: All options with value 'MYEG' are selected in object 'Object Repository/Page_MyEG Services  List of Tickets/select_- Select TM Name -    A'  using regular expression

2018-10-19 12:10:44 - [MESSAGE][PASSED] - All options with value 'MYEG' are selected in object 'Object Repository/Page_MyEG Services  List of Tickets/select_- Select TM Name -    A'  using regular expression

2018-10-19 12:10:44 - [TEST_STEP][PASSED] - setText: Text '09-Oct-2018' is set on object 'Object Repository/Page_MyEG Services  List of Tickets/input_dojo.filterGenDate'

2018-10-19 12:10:44 - [MESSAGE][PASSED] - Text '09-Oct-2018' is set on object 'Object Repository/Page_MyEG Services  List of Tickets/input_dojo.filterGenDate'

2018-10-19 12:10:44 - [TEST_STEP][PASSED] - setText: Text '09-Oct-2018' is set on object 'Object Repository/Page_MyEG Services  List of Tickets/input_dojo.filterGenDateto'

2018-10-19 12:10:45 - [MESSAGE][PASSED] - Text '09-Oct-2018' is set on object 'Object Repository/Page_MyEG Services  List of Tickets/input_dojo.filterGenDateto'

2018-10-19 12:10:45 - [TEST_STEP][PASSED] - setText: Text '46000' is set on object 'Object Repository/Page_MyEG Services  List of Tickets/input_filterFpostcode'

2018-10-19 12:10:45 - [MESSAGE][PASSED] - Text '46000' is set on object 'Object Repository/Page_MyEG Services  List of Tickets/input_filterFpostcode'

2018-10-19 12:10:45 - [TEST_STEP][PASSED] - setText: Text '49000' is set on object 'Object Repository/Page_MyEG Services  List of Tickets/input_filterTpostcode'

2018-10-19 12:10:45 - [MESSAGE][PASSED] - Text '49000' is set on object 'Object Repository/Page_MyEG Services  List of Tickets/input_filterTpostcode'

2018-10-19 12:10:45 - [TEST_STEP][PASSED] - click: Object: 'Object Repository/Page_MyEG Services  List of Tickets/input' is clicked on

2018-10-19 12:10:46 - [MESSAGE][PASSED] - Object: 'Object Repository/Page_MyEG Services  List of Tickets/input' is clicked on

2018-10-19 12:10:46 - [TEST_STEP][PASSED] - takeScreenshot: Taking screenshot successfully

2018-10-19 12:10:46 - [MESSAGE][PASSED] - Taking screenshot successfully
[[ATTACHMENT|C:\\Users\\Owner\\Katalon Studio\\Logistics\\Reports\\CSO\\Ticket\\20181019_121023\\1539922246094.png]]

2018-10-19 12:10:46 - [TEST_STEP][PASSED] - selectOptionByValue: All options with value 'JM' are selected in object 'Object Repository/Page_MyEG Services  List of Tickets/select_-- Please Select --'  using regular expression

2018-10-19 12:10:46 - [MESSAGE][PASSED] - All options with value 'JM' are selected in object 'Object Repository/Page_MyEG Services  List of Tickets/select_-- Please Select --'  using regular expression

2018-10-19 12:10:46 - [TEST_STEP][PASSED] - click: Object: 'Object Repository/Page_MyEG Services  List of Tickets/input' is clicked on

2018-10-19 12:10:47 - [MESSAGE][PASSED] - Object: 'Object Repository/Page_MyEG Services  List of Tickets/input' is clicked on

2018-10-19 12:10:47 - [TEST_STEP][PASSED] - takeScreenshot: Taking screenshot successfully

2018-10-19 12:10:48 - [MESSAGE][PASSED] - Taking screenshot successfully
[[ATTACHMENT|C:\\Users\\Owner\\Katalon Studio\\Logistics\\Reports\\CSO\\Ticket\\20181019_121023\\1539922247649.png]]

2018-10-19 12:10:48 - [TEST_STEP][PASSED] - selectOptionByValue: All options with value 'IM' are selected in object 'Object Repository/Page_MyEG Services  List of Tickets/select_-- Please Select --'  using regular expression

2018-10-19 12:10:48 - [MESSAGE][PASSED] - All options with value 'IM' are selected in object 'Object Repository/Page_MyEG Services  List of Tickets/select_-- Please Select --'  using regular expression

2018-10-19 12:10:48 - [TEST_STEP][PASSED] - click: Object: 'Object Repository/Page_MyEG Services  List of Tickets/input' is clicked on

2018-10-19 12:10:49 - [MESSAGE][PASSED] - Object: 'Object Repository/Page_MyEG Services  List of Tickets/input' is clicked on

2018-10-19 12:10:49 - [TEST_STEP][PASSED] - takeScreenshot: Taking screenshot successfully

2018-10-19 12:10:49 - [MESSAGE][PASSED] - Taking screenshot successfully
[[ATTACHMENT|C:\\Users\\Owner\\Katalon Studio\\Logistics\\Reports\\CSO\\Ticket\\20181019_121023\\1539922249075.png]]

2018-10-19 12:10:49 - [TEST_STEP][PASSED] - selectOptionByValue: All options with value 'MD' are selected in object 'Object Repository/Page_MyEG Services  List of Tickets/select_-- Please Select --'  using regular expression

2018-10-19 12:10:49 - [MESSAGE][PASSED] - All options with value 'MD' are selected in object 'Object Repository/Page_MyEG Services  List of Tickets/select_-- Please Select --'  using regular expression

2018-10-19 12:10:49 - [TEST_STEP][PASSED] - click: Object: 'Object Repository/Page_MyEG Services  List of Tickets/input' is clicked on

2018-10-19 12:10:50 - [MESSAGE][PASSED] - Object: 'Object Repository/Page_MyEG Services  List of Tickets/input' is clicked on

2018-10-19 12:10:50 - [TEST_STEP][PASSED] - takeScreenshot: Taking screenshot successfully

2018-10-19 12:10:51 - [MESSAGE][PASSED] - Taking screenshot successfully
[[ATTACHMENT|C:\\Users\\Owner\\Katalon Studio\\Logistics\\Reports\\CSO\\Ticket\\20181019_121023\\1539922250607.png]]

2018-10-19 12:10:51 - [TEST_STEP][PASSED] - selectOptionByValue: All options with value 'FW' are selected in object 'Object Repository/Page_MyEG Services  List of Tickets/select_-- Please Select --'  using regular expression

2018-10-19 12:10:51 - [MESSAGE][PASSED] - All options with value 'FW' are selected in object 'Object Repository/Page_MyEG Services  List of Tickets/select_-- Please Select --'  using regular expression

2018-10-19 12:10:51 - [TEST_STEP][PASSED] - click: Object: 'Object Repository/Page_MyEG Services  List of Tickets/input' is clicked on

2018-10-19 12:10:52 - [MESSAGE][PASSED] - Object: 'Object Repository/Page_MyEG Services  List of Tickets/input' is clicked on

2018-10-19 12:10:52 - [TEST_STEP][PASSED] - takeScreenshot: Taking screenshot successfully

2018-10-19 12:10:52 - [MESSAGE][PASSED] - Taking screenshot successfully
[[ATTACHMENT|C:\\Users\\Owner\\Katalon Studio\\Logistics\\Reports\\CSO\\Ticket\\20181019_121023\\1539922252178.png]]

2018-10-19 12:10:52 - [TEST_STEP][PASSED] - selectOptionByValue: All options with value 'CL' are selected in object 'Object Repository/Page_MyEG Services  List of Tickets/select_-- Please Select --'  using regular expression

2018-10-19 12:10:52 - [MESSAGE][PASSED] - All options with value 'CL' are selected in object 'Object Repository/Page_MyEG Services  List of Tickets/select_-- Please Select --'  using regular expression

2018-10-19 12:10:52 - [TEST_STEP][PASSED] - click: Object: 'Object Repository/Page_MyEG Services  List of Tickets/input' is clicked on

2018-10-19 12:10:53 - [MESSAGE][PASSED] - Object: 'Object Repository/Page_MyEG Services  List of Tickets/input' is clicked on

2018-10-19 12:10:53 - [TEST_STEP][PASSED] - takeScreenshot: Taking screenshot successfully

2018-10-19 12:10:54 - [MESSAGE][PASSED] - Taking screenshot successfully
[[ATTACHMENT|C:\\Users\\Owner\\Katalon Studio\\Logistics\\Reports\\CSO\\Ticket\\20181019_121023\\1539922253663.png]]

2018-10-19 12:10:54 - [TEST_STEP][PASSED] - selectOptionByValue: All options with value '1M' are selected in object 'Object Repository/Page_MyEG Services  List of Tickets/select_-- Please Select --'  using regular expression

2018-10-19 12:10:54 - [MESSAGE][PASSED] - All options with value '1M' are selected in object 'Object Repository/Page_MyEG Services  List of Tickets/select_-- Please Select --'  using regular expression

2018-10-19 12:10:54 - [TEST_STEP][PASSED] - click: Object: 'Object Repository/Page_MyEG Services  List of Tickets/input' is clicked on

2018-10-19 12:10:55 - [MESSAGE][PASSED] - Object: 'Object Repository/Page_MyEG Services  List of Tickets/input' is clicked on

2018-10-19 12:10:55 - [TEST_STEP][PASSED] - takeScreenshot: Taking screenshot successfully

2018-10-19 12:10:55 - [MESSAGE][PASSED] - Taking screenshot successfully
[[ATTACHMENT|C:\\Users\\Owner\\Katalon Studio\\Logistics\\Reports\\CSO\\Ticket\\20181019_121023\\1539922255198.png]]

2018-10-19 12:10:55 - [TEST_STEP][PASSED] - selectOptionByValue: All options with value 'SP' are selected in object 'Object Repository/Page_MyEG Services  List of Tickets/select_-- Please Select --'  using regular expression

2018-10-19 12:10:56 - [MESSAGE][PASSED] - All options with value 'SP' are selected in object 'Object Repository/Page_MyEG Services  List of Tickets/select_-- Please Select --'  using regular expression

2018-10-19 12:10:56 - [TEST_STEP][PASSED] - click: Object: 'Object Repository/Page_MyEG Services  List of Tickets/input' is clicked on

2018-10-19 12:10:56 - [MESSAGE][PASSED] - Object: 'Object Repository/Page_MyEG Services  List of Tickets/input' is clicked on

2018-10-19 12:10:56 - [TEST_STEP][PASSED] - takeScreenshot: Taking screenshot successfully

2018-10-19 12:10:57 - [MESSAGE][PASSED] - Taking screenshot successfully
[[ATTACHMENT|C:\\Users\\Owner\\Katalon Studio\\Logistics\\Reports\\CSO\\Ticket\\20181019_121023\\1539922256757.png]]

2018-10-19 12:10:57 - [TEST_STEP][PASSED] - selectOptionByValue: All options with value 'PT' are selected in object 'Object Repository/Page_MyEG Services  List of Tickets/select_-- Please Select --'  using regular expression

2018-10-19 12:10:57 - [MESSAGE][PASSED] - All options with value 'PT' are selected in object 'Object Repository/Page_MyEG Services  List of Tickets/select_-- Please Select --'  using regular expression

2018-10-19 12:10:57 - [TEST_STEP][PASSED] - click: Object: 'Object Repository/Page_MyEG Services  List of Tickets/input' is clicked on

2018-10-19 12:10:58 - [MESSAGE][PASSED] - Object: 'Object Repository/Page_MyEG Services  List of Tickets/input' is clicked on

2018-10-19 12:10:58 - [TEST_STEP][PASSED] - takeScreenshot: Taking screenshot successfully

2018-10-19 12:10:59 - [MESSAGE][PASSED] - Taking screenshot successfully
[[ATTACHMENT|C:\\Users\\Owner\\Katalon Studio\\Logistics\\Reports\\CSO\\Ticket\\20181019_121023\\1539922258700.png]]

2018-10-19 12:10:59 - [TEST_STEP][PASSED] - selectOptionByValue: All options with value 'PTD' are selected in object 'Object Repository/Page_MyEG Services  List of Tickets/select_-- Please Select --'  using regular expression

2018-10-19 12:10:59 - [MESSAGE][PASSED] - All options with value 'PTD' are selected in object 'Object Repository/Page_MyEG Services  List of Tickets/select_-- Please Select --'  using regular expression

2018-10-19 12:10:59 - [TEST_STEP][PASSED] - click: Object: 'Object Repository/Page_MyEG Services  List of Tickets/input' is clicked on

2018-10-19 12:11:00 - [MESSAGE][PASSED] - Object: 'Object Repository/Page_MyEG Services  List of Tickets/input' is clicked on

2018-10-19 12:11:00 - [TEST_STEP][PASSED] - takeScreenshot: Taking screenshot successfully

2018-10-19 12:11:00 - [MESSAGE][PASSED] - Taking screenshot successfully
[[ATTACHMENT|C:\\Users\\Owner\\Katalon Studio\\Logistics\\Reports\\CSO\\Ticket\\20181019_121023\\1539922260276.png]]

2018-10-19 12:11:00 - [TEST_STEP][PASSED] - selectOptionByValue: All options with value 'LKS' are selected in object 'Object Repository/Page_MyEG Services  List of Tickets/select_-- Please Select --'  using regular expression

2018-10-19 12:11:01 - [MESSAGE][PASSED] - All options with value 'LKS' are selected in object 'Object Repository/Page_MyEG Services  List of Tickets/select_-- Please Select --'  using regular expression

2018-10-19 12:11:01 - [TEST_STEP][PASSED] - click: Object: 'Object Repository/Page_MyEG Services  List of Tickets/input' is clicked on

2018-10-19 12:11:01 - [MESSAGE][PASSED] - Object: 'Object Repository/Page_MyEG Services  List of Tickets/input' is clicked on

2018-10-19 12:11:01 - [TEST_STEP][PASSED] - takeScreenshot: Taking screenshot successfully

2018-10-19 12:11:02 - [MESSAGE][PASSED] - Taking screenshot successfully
[[ATTACHMENT|C:\\Users\\Owner\\Katalon Studio\\Logistics\\Reports\\CSO\\Ticket\\20181019_121023\\1539922261801.png]]

2018-10-19 12:11:02 - [TEST_STEP][PASSED] - selectOptionByValue: All options with value 'PTL' are selected in object 'Object Repository/Page_MyEG Services  List of Tickets/select_-- Please Select --'  using regular expression

2018-10-19 12:11:02 - [MESSAGE][PASSED] - All options with value 'PTL' are selected in object 'Object Repository/Page_MyEG Services  List of Tickets/select_-- Please Select --'  using regular expression

2018-10-19 12:11:02 - [TEST_STEP][PASSED] - click: Object: 'Object Repository/Page_MyEG Services  List of Tickets/input' is clicked on

2018-10-19 12:11:03 - [MESSAGE][PASSED] - Object: 'Object Repository/Page_MyEG Services  List of Tickets/input' is clicked on

2018-10-19 12:11:03 - [TEST_STEP][PASSED] - takeScreenshot: Taking screenshot successfully

2018-10-19 12:11:03 - [MESSAGE][PASSED] - Taking screenshot successfully
[[ATTACHMENT|C:\\Users\\Owner\\Katalon Studio\\Logistics\\Reports\\CSO\\Ticket\\20181019_121023\\1539922263411.png]]

2018-10-19 12:11:03 - [TEST_STEP][PASSED] - selectOptionByValue: All options with value 'JPJ1M' are selected in object 'Object Repository/Page_MyEG Services  List of Tickets/select_-- Please Select --'  using regular expression

2018-10-19 12:11:04 - [MESSAGE][PASSED] - All options with value 'JPJ1M' are selected in object 'Object Repository/Page_MyEG Services  List of Tickets/select_-- Please Select --'  using regular expression

2018-10-19 12:11:04 - [TEST_STEP][PASSED] - click: Object: 'Object Repository/Page_MyEG Services  List of Tickets/input' is clicked on

2018-10-19 12:11:05 - [MESSAGE][PASSED] - Object: 'Object Repository/Page_MyEG Services  List of Tickets/input' is clicked on

2018-10-19 12:11:05 - [TEST_STEP][PASSED] - takeScreenshot: Taking screenshot successfully

2018-10-19 12:11:05 - [MESSAGE][PASSED] - Taking screenshot successfully
[[ATTACHMENT|C:\\Users\\Owner\\Katalon Studio\\Logistics\\Reports\\CSO\\Ticket\\20181019_121023\\1539922265003.png]]

2018-10-19 12:11:05 - [TEST_STEP][PASSED] - selectOptionByValue: All options with value 'IMI1M' are selected in object 'Object Repository/Page_MyEG Services  List of Tickets/select_-- Please Select --'  using regular expression

2018-10-19 12:11:05 - [MESSAGE][PASSED] - All options with value 'IMI1M' are selected in object 'Object Repository/Page_MyEG Services  List of Tickets/select_-- Please Select --'  using regular expression

2018-10-19 12:11:05 - [TEST_STEP][PASSED] - click: Object: 'Object Repository/Page_MyEG Services  List of Tickets/input' is clicked on

2018-10-19 12:11:06 - [MESSAGE][PASSED] - Object: 'Object Repository/Page_MyEG Services  List of Tickets/input' is clicked on

2018-10-19 12:11:06 - [TEST_STEP][PASSED] - takeScreenshot: Taking screenshot successfully

2018-10-19 12:11:07 - [MESSAGE][PASSED] - Taking screenshot successfully
[[ATTACHMENT|C:\\Users\\Owner\\Katalon Studio\\Logistics\\Reports\\CSO\\Ticket\\20181019_121023\\1539922266569.png]]

2018-10-19 12:11:07 - [TEST_STEP][PASSED] - selectOptionByValue: All options with value 'ET' are selected in object 'Object Repository/Page_MyEG Services  List of Tickets/select_-- Please Select --'  using regular expression

2018-10-19 12:11:07 - [MESSAGE][PASSED] - All options with value 'ET' are selected in object 'Object Repository/Page_MyEG Services  List of Tickets/select_-- Please Select --'  using regular expression

2018-10-19 12:11:07 - [TEST_STEP][PASSED] - click: Object: 'Object Repository/Page_MyEG Services  List of Tickets/input' is clicked on

2018-10-19 12:11:08 - [MESSAGE][PASSED] - Object: 'Object Repository/Page_MyEG Services  List of Tickets/input' is clicked on

2018-10-19 12:11:08 - [TEST_STEP][PASSED] - takeScreenshot: Taking screenshot successfully

2018-10-19 12:11:08 - [MESSAGE][PASSED] - Taking screenshot successfully
[[ATTACHMENT|C:\\Users\\Owner\\Katalon Studio\\Logistics\\Reports\\CSO\\Ticket\\20181019_121023\\1539922268122.png]]

2018-10-19 12:11:08 - [TEST_STEP][PASSED] - setText: Text '$%^&&' is set on object 'Object Repository/Page_MyEG Services  List of Tickets/input_filterFpostcode'

2018-10-19 12:11:08 - [MESSAGE][PASSED] - Text '$%^&&' is set on object 'Object Repository/Page_MyEG Services  List of Tickets/input_filterFpostcode'

2018-10-19 12:11:08 - [TEST_STEP][PASSED] - setText: Text '!@#$$' is set on object 'Object Repository/Page_MyEG Services  List of Tickets/input_filterTpostcode'

2018-10-19 12:11:08 - [MESSAGE][PASSED] - Text '!@#$$' is set on object 'Object Repository/Page_MyEG Services  List of Tickets/input_filterTpostcode'

2018-10-19 12:11:08 - [TEST_STEP][PASSED] - click: Object: 'Object Repository/Page_MyEG Services  List of Tickets/input' is clicked on

2018-10-19 12:11:09 - [MESSAGE][PASSED] - Object: 'Object Repository/Page_MyEG Services  List of Tickets/input' is clicked on

2018-10-19 12:11:09 - [TEST_STEP][PASSED] - takeScreenshot: Taking screenshot successfully

2018-10-19 12:11:10 - [MESSAGE][PASSED] - Taking screenshot successfully
[[ATTACHMENT|C:\\Users\\Owner\\Katalon Studio\\Logistics\\Reports\\CSO\\Ticket\\20181019_121023\\1539922269633.png]]

2018-10-19 12:11:10 - [TEST_STEP][PASSED] - click: Object: 'Object Repository/Page_MyEG Services  Insert title he/a_Logout' is clicked on

2018-10-19 12:11:10 - [MESSAGE][PASSED] - Object: 'Object Repository/Page_MyEG Services  Insert title he/a_Logout' is clicked on

2018-10-19 12:11:10 - [TEST_STEP][PASSED] - takeScreenshot: Taking screenshot successfully

2018-10-19 12:11:10 - [MESSAGE][PASSED] - Taking screenshot successfully
[[ATTACHMENT|C:\\Users\\Owner\\Katalon Studio\\Logistics\\Reports\\CSO\\Ticket\\20181019_121023\\1539922270408.png]]

2018-10-19 12:11:10 - [TEST_STEP][PASSED] - takeScreenshot: Taking screenshot successfully

2018-10-19 12:11:11 - [MESSAGE][PASSED] - Taking screenshot successfully
[[ATTACHMENT|C:\\Users\\Owner\\Katalon Studio\\Logistics\\Reports\\CSO\\Ticket\\20181019_121023\\1539922270820.png]]

2018-10-19 12:11:11 - [TEST_STEP][PASSED] - closeBrowser: Browser is closed

2018-10-19 12:11:11 - [MESSAGE][PASSED] - Browser is closed]]></system-out>
         <system-err><![CDATA[]]></system-err>
      </testcase>
      <system-out><![CDATA[2018-10-19 12:10:24 - [TEST_SUITE][PASSED] - Ticket: Test Cases/Logistics/Roles/CSO/TICKET]]></system-out>
      <system-err><![CDATA[]]></system-err>
   </testsuite>
</testsuites>
